mai 25, 2017 1:53:31 AM org.apache.catalina.startup.VersionLoggerListener log
INFOS: Server version:        Apache Tomcat/7.0.77
mai 25, 2017 1:53:31 AM org.apache.catalina.startup.VersionLoggerListener log
INFOS: Server built:          Mar 28 2017 16:01:48 UTC
mai 25, 2017 1:53:31 AM org.apache.catalina.startup.VersionLoggerListener log
INFOS: Server number:         7.0.77.0
mai 25, 2017 1:53:31 AM org.apache.catalina.startup.VersionLoggerListener log
INFOS: OS Name:               Windows 10
mai 25, 2017 1:53:31 AM org.apache.catalina.startup.VersionLoggerListener log
INFOS: OS Version:            10.0
mai 25, 2017 1:53:31 AM org.apache.catalina.startup.VersionLoggerListener log
INFOS: Architecture:          amd64
mai 25, 2017 1:53:31 AM org.apache.catalina.startup.VersionLoggerListener log
INFOS: Java Home:             C:\Program Files\Java\jdk1.8.0_121\jre
mai 25, 2017 1:53:31 AM org.apache.catalina.startup.VersionLoggerListener log
INFOS: JVM Version:           1.8.0_121-b13
mai 25, 2017 1:53:31 AM org.apache.catalina.startup.VersionLoggerListener log
INFOS: JVM Vendor:            Oracle Corporation
mai 25, 2017 1:53:31 AM org.apache.catalina.startup.VersionLoggerListener log
INFOS: CATALINA_BASE:         C:\Users\alexandre devassine\Desktop\Vilnius\Projet\Project_Erasmus_2017\tomcat
mai 25, 2017 1:53:31 AM org.apache.catalina.startup.VersionLoggerListener log
INFOS: CATALINA_HOME:         C:\Users\alexandre devassine\Desktop\Vilnius\Projet\Project_Erasmus_2017\tomcat
mai 25, 2017 1:53:31 AM org.apache.catalina.startup.VersionLoggerListener log
INFOS: Command line argument: -Djava.util.logging.config.file=C:\Users\alexandre devassine\Desktop\Vilnius\Projet\Project_Erasmus_2017\tomcat\conf\logging.properties
mai 25, 2017 1:53:31 AM org.apache.catalina.startup.VersionLoggerListener log
INFOS: Command line argument: -Djava.util.logging.manager=org.apache.juli.ClassLoaderLogManager
mai 25, 2017 1:53:31 AM org.apache.catalina.startup.VersionLoggerListener log
INFOS: Command line argument: -Djdk.tls.ephemeralDHKeySize=2048
mai 25, 2017 1:53:31 AM org.apache.catalina.startup.VersionLoggerListener log
INFOS: Command line argument: -Djava.endorsed.dirs=C:\Users\alexandre devassine\Desktop\Vilnius\Projet\Project_Erasmus_2017\tomcat\endorsed
mai 25, 2017 1:53:31 AM org.apache.catalina.startup.VersionLoggerListener log
INFOS: Command line argument: -Dcatalina.base=C:\Users\alexandre devassine\Desktop\Vilnius\Projet\Project_Erasmus_2017\tomcat
mai 25, 2017 1:53:31 AM org.apache.catalina.startup.VersionLoggerListener log
INFOS: Command line argument: -Dcatalina.home=C:\Users\alexandre devassine\Desktop\Vilnius\Projet\Project_Erasmus_2017\tomcat
mai 25, 2017 1:53:31 AM org.apache.catalina.startup.VersionLoggerListener log
INFOS: Command line argument: -Djava.io.tmpdir=C:\Users\alexandre devassine\Desktop\Vilnius\Projet\Project_Erasmus_2017\tomcat\temp
mai 25, 2017 1:53:31 AM org.apache.catalina.core.AprLifecycleListener lifecycleEvent
INFOS: Loaded APR based Apache Tomcat Native library 1.2.12 using APR version 1.5.2.
mai 25, 2017 1:53:31 AM org.apache.catalina.core.AprLifecycleListener lifecycleEvent
INFOS: APR capabilities: IPv6 [true], sendfile [true], accept filters [false], random [true].
mai 25, 2017 1:53:32 AM org.apache.catalina.core.AprLifecycleListener initializeSSL
INFOS: OpenSSL successfully initialized (OpenSSL 1.0.2k  26 Jan 2017)
mai 25, 2017 1:53:32 AM org.apache.coyote.AbstractProtocol init
INFOS: Initializing ProtocolHandler ["http-apr-8080"]
mai 25, 2017 1:53:32 AM org.apache.coyote.AbstractProtocol init
INFOS: Initializing ProtocolHandler ["ajp-apr-8009"]
mai 25, 2017 1:53:32 AM org.apache.catalina.startup.Catalina load
INFOS: Initialization processed in 2032 ms
mai 25, 2017 1:53:32 AM org.apache.catalina.core.StandardService startInternal
INFOS: Démarrage du service Catalina
mai 25, 2017 1:53:32 AM org.apache.catalina.core.StandardEngine startInternal
INFOS: Starting Servlet Engine: Apache Tomcat/7.0.77
mai 25, 2017 1:53:32 AM org.apache.catalina.startup.HostConfig deployDirectory
INFOS: Déploiement du répertoire C:\Users\alexandre devassine\Desktop\Vilnius\Projet\Project_Erasmus_2017\tomcat\webapps\docs de l'application web
mai 25, 2017 1:53:33 AM org.apache.catalina.startup.TldConfig execute
INFOS: At least one JAR was scanned for TLDs yet contained no TLDs. Enable debug logging for this logger for a complete list of JARs that were scanned but no TLDs were found in them. Skipping unneeded JARs during scanning can improve startup time and JSP compilation time.
mai 25, 2017 1:53:33 AM org.apache.catalina.util.SessionIdGeneratorBase createSecureRandom
INFOS: Creation of SecureRandom instance for session ID generation using [SHA1PRNG] took [169] milliseconds.
mai 25, 2017 1:53:33 AM org.apache.catalina.startup.HostConfig deployDirectory
INFOS: Deployment of web application directory C:\Users\alexandre devassine\Desktop\Vilnius\Projet\Project_Erasmus_2017\tomcat\webapps\docs has finished in 830 ms
mai 25, 2017 1:53:33 AM org.apache.catalina.startup.HostConfig deployDirectory
INFOS: Déploiement du répertoire C:\Users\alexandre devassine\Desktop\Vilnius\Projet\Project_Erasmus_2017\tomcat\webapps\erasmus de l'application web
mai 25, 2017 1:53:34 AM org.apache.catalina.startup.TldConfig execute
INFOS: At least one JAR was scanned for TLDs yet contained no TLDs. Enable debug logging for this logger for a complete list of JARs that were scanned but no TLDs were found in them. Skipping unneeded JARs during scanning can improve startup time and JSP compilation time.
mai 25, 2017 1:53:34 AM org.apache.catalina.startup.HostConfig deployDirectory
INFOS: Deployment of web application directory C:\Users\alexandre devassine\Desktop\Vilnius\Projet\Project_Erasmus_2017\tomcat\webapps\erasmus has finished in 819 ms
mai 25, 2017 1:53:34 AM org.apache.catalina.startup.HostConfig deployDirectory
INFOS: Déploiement du répertoire C:\Users\alexandre devassine\Desktop\Vilnius\Projet\Project_Erasmus_2017\tomcat\webapps\host-manager de l'application web
mai 25, 2017 1:53:34 AM org.apache.catalina.startup.TldConfig execute
INFOS: At least one JAR was scanned for TLDs yet contained no TLDs. Enable debug logging for this logger for a complete list of JARs that were scanned but no TLDs were found in them. Skipping unneeded JARs during scanning can improve startup time and JSP compilation time.
mai 25, 2017 1:53:34 AM org.apache.catalina.startup.HostConfig deployDirectory
INFOS: Deployment of web application directory C:\Users\alexandre devassine\Desktop\Vilnius\Projet\Project_Erasmus_2017\tomcat\webapps\host-manager has finished in 205 ms
mai 25, 2017 1:53:34 AM org.apache.catalina.startup.HostConfig deployDirectory
INFOS: Déploiement du répertoire C:\Users\alexandre devassine\Desktop\Vilnius\Projet\Project_Erasmus_2017\tomcat\webapps\manager de l'application web
mai 25, 2017 1:53:34 AM org.apache.catalina.startup.TldConfig execute
INFOS: At least one JAR was scanned for TLDs yet contained no TLDs. Enable debug logging for this logger for a complete list of JARs that were scanned but no TLDs were found in them. Skipping unneeded JARs during scanning can improve startup time and JSP compilation time.
mai 25, 2017 1:53:34 AM org.apache.catalina.startup.HostConfig deployDirectory
INFOS: Deployment of web application directory C:\Users\alexandre devassine\Desktop\Vilnius\Projet\Project_Erasmus_2017\tomcat\webapps\manager has finished in 187 ms
mai 25, 2017 1:53:34 AM org.apache.catalina.startup.HostConfig deployDirectory
INFOS: Déploiement du répertoire C:\Users\alexandre devassine\Desktop\Vilnius\Projet\Project_Erasmus_2017\tomcat\webapps\ROOT de l'application web
mai 25, 2017 1:53:34 AM org.apache.catalina.startup.TldConfig execute
INFOS: At least one JAR was scanned for TLDs yet contained no TLDs. Enable debug logging for this logger for a complete list of JARs that were scanned but no TLDs were found in them. Skipping unneeded JARs during scanning can improve startup time and JSP compilation time.
mai 25, 2017 1:53:34 AM org.apache.catalina.startup.HostConfig deployDirectory
INFOS: Deployment of web application directory C:\Users\alexandre devassine\Desktop\Vilnius\Projet\Project_Erasmus_2017\tomcat\webapps\ROOT has finished in 133 ms
mai 25, 2017 1:53:34 AM org.apache.coyote.AbstractProtocol start
INFOS: Starting ProtocolHandler ["http-apr-8080"]
mai 25, 2017 1:53:34 AM org.apache.coyote.AbstractProtocol start
INFOS: Starting ProtocolHandler ["ajp-apr-8009"]
mai 25, 2017 1:53:34 AM org.apache.catalina.startup.Catalina start
INFOS: Server startup in 2282 ms
mai 25, 2017 1:56:04 AM org.apache.coyote.AbstractProtocol pause
INFOS: Pausing ProtocolHandler ["http-apr-8080"]
mai 25, 2017 1:56:04 AM org.apache.coyote.AbstractProtocol pause
INFOS: Pausing ProtocolHandler ["ajp-apr-8009"]
mai 25, 2017 1:56:04 AM org.apache.catalina.core.StandardService stopInternal
INFOS: Arrêt du service Catalina
mai 25, 2017 1:56:04 AM org.apache.coyote.AbstractProtocol stop
INFOS: Stopping ProtocolHandler ["http-apr-8080"]
mai 25, 2017 1:56:04 AM org.apache.coyote.AbstractProtocol stop
INFOS: Stopping ProtocolHandler ["ajp-apr-8009"]
mai 25, 2017 1:56:05 AM org.apache.coyote.AbstractProtocol destroy
INFOS: Destroying ProtocolHandler ["http-apr-8080"]
mai 25, 2017 1:56:05 AM org.apache.coyote.AbstractProtocol destroy
INFOS: Destroying ProtocolHandler ["ajp-apr-8009"]
mai 25, 2017 1:56:20 AM org.apache.catalina.startup.Catalina stopServer
GRAVE: Could not contact localhost:8005. Tomcat may not be running.
mai 25, 2017 1:56:20 AM org.apache.catalina.startup.Catalina stopServer
GRAVE: Catalina.stop: 
java.net.ConnectException: Connection refused: connect
	at java.net.DualStackPlainSocketImpl.connect0(Native Method)
	at java.net.DualStackPlainSocketImpl.socketConnect(DualStackPlainSocketImpl.java:79)
	at java.net.AbstractPlainSocketImpl.doConnect(AbstractPlainSocketImpl.java:350)
	at java.net.AbstractPlainSocketImpl.connectToAddress(AbstractPlainSocketImpl.java:206)
	at java.net.AbstractPlainSocketImpl.connect(AbstractPlainSocketImpl.java:188)
	at java.net.PlainSocketImpl.connect(PlainSocketImpl.java:172)
	at java.net.SocksSocketImpl.connect(SocksSocketImpl.java:392)
	at java.net.Socket.connect(Socket.java:589)
	at java.net.Socket.connect(Socket.java:538)
	at java.net.Socket.<init>(Socket.java:434)
	at java.net.Socket.<init>(Socket.java:211)
	at org.apache.catalina.startup.Catalina.stopServer(Catalina.java:498)
	at sun.reflect.NativeMethodAccessorImpl.invoke0(Native Method)
	at sun.reflect.NativeMethodAccessorImpl.invoke(NativeMethodAccessorImpl.java:62)
	at sun.reflect.DelegatingMethodAccessorImpl.invoke(DelegatingMethodAccessorImpl.java:43)
	at java.lang.reflect.Method.invoke(Method.java:498)
	at org.apache.catalina.startup.Bootstrap.stopServer(Bootstrap.java:343)
	at org.apache.catalina.startup.Bootstrap.main(Bootstrap.java:430)

mai 25, 2017 1:56:24 AM org.apache.catalina.startup.VersionLoggerListener log
INFOS: Server version:        Apache Tomcat/7.0.77
mai 25, 2017 1:56:24 AM org.apache.catalina.startup.VersionLoggerListener log
INFOS: Server built:          Mar 28 2017 16:01:48 UTC
mai 25, 2017 1:56:24 AM org.apache.catalina.startup.VersionLoggerListener log
INFOS: Server number:         7.0.77.0
mai 25, 2017 1:56:24 AM org.apache.catalina.startup.VersionLoggerListener log
INFOS: OS Name:               Windows 10
mai 25, 2017 1:56:24 AM org.apache.catalina.startup.VersionLoggerListener log
INFOS: OS Version:            10.0
mai 25, 2017 1:56:24 AM org.apache.catalina.startup.VersionLoggerListener log
INFOS: Architecture:          amd64
mai 25, 2017 1:56:24 AM org.apache.catalina.startup.VersionLoggerListener log
INFOS: Java Home:             C:\Program Files\Java\jdk1.8.0_121\jre
mai 25, 2017 1:56:24 AM org.apache.catalina.startup.VersionLoggerListener log
INFOS: JVM Version:           1.8.0_121-b13
mai 25, 2017 1:56:24 AM org.apache.catalina.startup.VersionLoggerListener log
INFOS: JVM Vendor:            Oracle Corporation
mai 25, 2017 1:56:24 AM org.apache.catalina.startup.VersionLoggerListener log
INFOS: CATALINA_BASE:         C:\Users\alexandre devassine\Desktop\Vilnius\Projet\Project_Erasmus_2017\tomcat
mai 25, 2017 1:56:24 AM org.apache.catalina.startup.VersionLoggerListener log
INFOS: CATALINA_HOME:         C:\Users\alexandre devassine\Desktop\Vilnius\Projet\Project_Erasmus_2017\tomcat
mai 25, 2017 1:56:24 AM org.apache.catalina.startup.VersionLoggerListener log
INFOS: Command line argument: -Djava.util.logging.config.file=C:\Users\alexandre devassine\Desktop\Vilnius\Projet\Project_Erasmus_2017\tomcat\conf\logging.properties
mai 25, 2017 1:56:24 AM org.apache.catalina.startup.VersionLoggerListener log
INFOS: Command line argument: -Djava.util.logging.manager=org.apache.juli.ClassLoaderLogManager
mai 25, 2017 1:56:24 AM org.apache.catalina.startup.VersionLoggerListener log
INFOS: Command line argument: -Djdk.tls.ephemeralDHKeySize=2048
mai 25, 2017 1:56:24 AM org.apache.catalina.startup.VersionLoggerListener log
INFOS: Command line argument: -Djava.endorsed.dirs=C:\Users\alexandre devassine\Desktop\Vilnius\Projet\Project_Erasmus_2017\tomcat\endorsed
mai 25, 2017 1:56:24 AM org.apache.catalina.startup.VersionLoggerListener log
INFOS: Command line argument: -Dcatalina.base=C:\Users\alexandre devassine\Desktop\Vilnius\Projet\Project_Erasmus_2017\tomcat
mai 25, 2017 1:56:24 AM org.apache.catalina.startup.VersionLoggerListener log
INFOS: Command line argument: -Dcatalina.home=C:\Users\alexandre devassine\Desktop\Vilnius\Projet\Project_Erasmus_2017\tomcat
mai 25, 2017 1:56:24 AM org.apache.catalina.startup.VersionLoggerListener log
INFOS: Command line argument: -Djava.io.tmpdir=C:\Users\alexandre devassine\Desktop\Vilnius\Projet\Project_Erasmus_2017\tomcat\temp
mai 25, 2017 1:56:24 AM org.apache.catalina.core.AprLifecycleListener lifecycleEvent
INFOS: Loaded APR based Apache Tomcat Native library 1.2.12 using APR version 1.5.2.
mai 25, 2017 1:56:24 AM org.apache.catalina.core.AprLifecycleListener lifecycleEvent
INFOS: APR capabilities: IPv6 [true], sendfile [true], accept filters [false], random [true].
mai 25, 2017 1:56:25 AM org.apache.catalina.core.AprLifecycleListener initializeSSL
INFOS: OpenSSL successfully initialized (OpenSSL 1.0.2k  26 Jan 2017)
mai 25, 2017 1:56:26 AM org.apache.coyote.AbstractProtocol init
INFOS: Initializing ProtocolHandler ["http-apr-8080"]
mai 25, 2017 1:56:26 AM org.apache.coyote.AbstractProtocol init
INFOS: Initializing ProtocolHandler ["ajp-apr-8009"]
mai 25, 2017 1:56:26 AM org.apache.catalina.startup.Catalina load
INFOS: Initialization processed in 2149 ms
mai 25, 2017 1:56:26 AM org.apache.catalina.core.StandardService startInternal
INFOS: Démarrage du service Catalina
mai 25, 2017 1:56:26 AM org.apache.catalina.core.StandardEngine startInternal
INFOS: Starting Servlet Engine: Apache Tomcat/7.0.77
mai 25, 2017 1:56:26 AM org.apache.catalina.startup.HostConfig deployDirectory
INFOS: Déploiement du répertoire C:\Users\alexandre devassine\Desktop\Vilnius\Projet\Project_Erasmus_2017\tomcat\webapps\docs de l'application web
mai 25, 2017 1:56:27 AM org.apache.catalina.startup.TldConfig execute
INFOS: At least one JAR was scanned for TLDs yet contained no TLDs. Enable debug logging for this logger for a complete list of JARs that were scanned but no TLDs were found in them. Skipping unneeded JARs during scanning can improve startup time and JSP compilation time.
mai 25, 2017 1:56:27 AM org.apache.catalina.util.SessionIdGeneratorBase createSecureRandom
INFOS: Creation of SecureRandom instance for session ID generation using [SHA1PRNG] took [203] milliseconds.
mai 25, 2017 1:56:27 AM org.apache.catalina.startup.HostConfig deployDirectory
INFOS: Deployment of web application directory C:\Users\alexandre devassine\Desktop\Vilnius\Projet\Project_Erasmus_2017\tomcat\webapps\docs has finished in 1 125 ms
mai 25, 2017 1:56:27 AM org.apache.catalina.startup.HostConfig deployDirectory
INFOS: Déploiement du répertoire C:\Users\alexandre devassine\Desktop\Vilnius\Projet\Project_Erasmus_2017\tomcat\webapps\erasmus de l'application web
mai 25, 2017 1:56:28 AM org.apache.catalina.startup.TldConfig execute
INFOS: At least one JAR was scanned for TLDs yet contained no TLDs. Enable debug logging for this logger for a complete list of JARs that were scanned but no TLDs were found in them. Skipping unneeded JARs during scanning can improve startup time and JSP compilation time.
mai 25, 2017 1:56:28 AM org.apache.catalina.startup.HostConfig deployDirectory
INFOS: Deployment of web application directory C:\Users\alexandre devassine\Desktop\Vilnius\Projet\Project_Erasmus_2017\tomcat\webapps\erasmus has finished in 1 547 ms
mai 25, 2017 1:56:28 AM org.apache.catalina.startup.HostConfig deployDirectory
INFOS: Déploiement du répertoire C:\Users\alexandre devassine\Desktop\Vilnius\Projet\Project_Erasmus_2017\tomcat\webapps\host-manager de l'application web
mai 25, 2017 1:56:29 AM org.apache.catalina.startup.TldConfig execute
INFOS: At least one JAR was scanned for TLDs yet contained no TLDs. Enable debug logging for this logger for a complete list of JARs that were scanned but no TLDs were found in them. Skipping unneeded JARs during scanning can improve startup time and JSP compilation time.
mai 25, 2017 1:56:29 AM org.apache.catalina.startup.HostConfig deployDirectory
INFOS: Deployment of web application directory C:\Users\alexandre devassine\Desktop\Vilnius\Projet\Project_Erasmus_2017\tomcat\webapps\host-manager has finished in 234 ms
mai 25, 2017 1:56:29 AM org.apache.catalina.startup.HostConfig deployDirectory
INFOS: Déploiement du répertoire C:\Users\alexandre devassine\Desktop\Vilnius\Projet\Project_Erasmus_2017\tomcat\webapps\manager de l'application web
mai 25, 2017 1:56:29 AM org.apache.catalina.startup.TldConfig execute
INFOS: At least one JAR was scanned for TLDs yet contained no TLDs. Enable debug logging for this logger for a complete list of JARs that were scanned but no TLDs were found in them. Skipping unneeded JARs during scanning can improve startup time and JSP compilation time.
mai 25, 2017 1:56:29 AM org.apache.catalina.startup.HostConfig deployDirectory
INFOS: Deployment of web application directory C:\Users\alexandre devassine\Desktop\Vilnius\Projet\Project_Erasmus_2017\tomcat\webapps\manager has finished in 266 ms
mai 25, 2017 1:56:29 AM org.apache.catalina.startup.HostConfig deployDirectory
INFOS: Déploiement du répertoire C:\Users\alexandre devassine\Desktop\Vilnius\Projet\Project_Erasmus_2017\tomcat\webapps\ROOT de l'application web
mai 25, 2017 1:56:29 AM org.apache.catalina.startup.TldConfig execute
INFOS: At least one JAR was scanned for TLDs yet contained no TLDs. Enable debug logging for this logger for a complete list of JARs that were scanned but no TLDs were found in them. Skipping unneeded JARs during scanning can improve startup time and JSP compilation time.
mai 25, 2017 1:56:29 AM org.apache.catalina.startup.HostConfig deployDirectory
INFOS: Deployment of web application directory C:\Users\alexandre devassine\Desktop\Vilnius\Projet\Project_Erasmus_2017\tomcat\webapps\ROOT has finished in 156 ms
mai 25, 2017 1:56:29 AM org.apache.coyote.AbstractProtocol start
INFOS: Starting ProtocolHandler ["http-apr-8080"]
mai 25, 2017 1:56:29 AM org.apache.coyote.AbstractProtocol start
INFOS: Starting ProtocolHandler ["ajp-apr-8009"]
mai 25, 2017 1:56:29 AM org.apache.catalina.startup.Catalina start
INFOS: Server startup in 3486 ms
mai 25, 2017 1:56:44 AM org.apache.coyote.AbstractProtocol pause
INFOS: Pausing ProtocolHandler ["http-apr-8080"]
mai 25, 2017 1:56:44 AM org.apache.coyote.AbstractProtocol pause
INFOS: Pausing ProtocolHandler ["ajp-apr-8009"]
mai 25, 2017 1:56:44 AM org.apache.catalina.core.StandardService stopInternal
INFOS: Arrêt du service Catalina
mai 25, 2017 1:56:44 AM org.apache.coyote.AbstractProtocol stop
INFOS: Stopping ProtocolHandler ["http-apr-8080"]
mai 25, 2017 1:56:44 AM org.apache.coyote.AbstractProtocol stop
INFOS: Stopping ProtocolHandler ["ajp-apr-8009"]
mai 25, 2017 1:56:44 AM org.apache.coyote.AbstractProtocol destroy
INFOS: Destroying ProtocolHandler ["http-apr-8080"]
mai 25, 2017 1:56:44 AM org.apache.coyote.AbstractProtocol destroy
INFOS: Destroying ProtocolHandler ["ajp-apr-8009"]
mai 25, 2017 1:56:49 AM org.apache.catalina.startup.Catalina stopServer
GRAVE: Could not contact localhost:8005. Tomcat may not be running.
mai 25, 2017 1:56:49 AM org.apache.catalina.startup.Catalina stopServer
GRAVE: Catalina.stop: 
java.net.ConnectException: Connection refused: connect
	at java.net.DualStackPlainSocketImpl.connect0(Native Method)
	at java.net.DualStackPlainSocketImpl.socketConnect(DualStackPlainSocketImpl.java:79)
	at java.net.AbstractPlainSocketImpl.doConnect(AbstractPlainSocketImpl.java:350)
	at java.net.AbstractPlainSocketImpl.connectToAddress(AbstractPlainSocketImpl.java:206)
	at java.net.AbstractPlainSocketImpl.connect(AbstractPlainSocketImpl.java:188)
	at java.net.PlainSocketImpl.connect(PlainSocketImpl.java:172)
	at java.net.SocksSocketImpl.connect(SocksSocketImpl.java:392)
	at java.net.Socket.connect(Socket.java:589)
	at java.net.Socket.connect(Socket.java:538)
	at java.net.Socket.<init>(Socket.java:434)
	at java.net.Socket.<init>(Socket.java:211)
	at org.apache.catalina.startup.Catalina.stopServer(Catalina.java:498)
	at sun.reflect.NativeMethodAccessorImpl.invoke0(Native Method)
	at sun.reflect.NativeMethodAccessorImpl.invoke(NativeMethodAccessorImpl.java:62)
	at sun.reflect.DelegatingMethodAccessorImpl.invoke(DelegatingMethodAccessorImpl.java:43)
	at java.lang.reflect.Method.invoke(Method.java:498)
	at org.apache.catalina.startup.Bootstrap.stopServer(Bootstrap.java:343)
	at org.apache.catalina.startup.Bootstrap.main(Bootstrap.java:430)

