mai 11, 2017 11:19:46 PM org.apache.catalina.startup.VersionLoggerListener log
INFOS: Server version:        Apache Tomcat/7.0.77
mai 11, 2017 11:19:46 PM org.apache.catalina.startup.VersionLoggerListener log
INFOS: Server built:          Mar 28 2017 16:01:48 UTC
mai 11, 2017 11:19:46 PM org.apache.catalina.startup.VersionLoggerListener log
INFOS: Server number:         7.0.77.0
mai 11, 2017 11:19:46 PM org.apache.catalina.startup.VersionLoggerListener log
INFOS: OS Name:               Windows 10
mai 11, 2017 11:19:46 PM org.apache.catalina.startup.VersionLoggerListener log
INFOS: OS Version:            10.0
mai 11, 2017 11:19:46 PM org.apache.catalina.startup.VersionLoggerListener log
INFOS: Architecture:          amd64
mai 11, 2017 11:19:46 PM org.apache.catalina.startup.VersionLoggerListener log
INFOS: Java Home:             C:\Program Files\Java\jdk1.8.0_121\jre
mai 11, 2017 11:19:46 PM org.apache.catalina.startup.VersionLoggerListener log
INFOS: JVM Version:           1.8.0_121-b13
mai 11, 2017 11:19:46 PM org.apache.catalina.startup.VersionLoggerListener log
INFOS: JVM Vendor:            Oracle Corporation
mai 11, 2017 11:19:46 PM org.apache.catalina.startup.VersionLoggerListener log
INFOS: CATALINA_BASE:         C:\Users\alexandre devassine\Desktop\Vilnius\Projet\apache-tomcat-7.0.77-windows-x64\tomcat
mai 11, 2017 11:19:46 PM org.apache.catalina.startup.VersionLoggerListener log
INFOS: CATALINA_HOME:         C:\Users\alexandre devassine\Desktop\Vilnius\Projet\apache-tomcat-7.0.77-windows-x64\tomcat
mai 11, 2017 11:19:46 PM org.apache.catalina.startup.VersionLoggerListener log
INFOS: Command line argument: -Djava.util.logging.config.file=C:\Users\alexandre devassine\Desktop\Vilnius\Projet\apache-tomcat-7.0.77-windows-x64\tomcat\conf\logging.properties
mai 11, 2017 11:19:46 PM org.apache.catalina.startup.VersionLoggerListener log
INFOS: Command line argument: -Djava.util.logging.manager=org.apache.juli.ClassLoaderLogManager
mai 11, 2017 11:19:46 PM org.apache.catalina.startup.VersionLoggerListener log
INFOS: Command line argument: -Djdk.tls.ephemeralDHKeySize=2048
mai 11, 2017 11:19:46 PM org.apache.catalina.startup.VersionLoggerListener log
INFOS: Command line argument: -Djava.endorsed.dirs=C:\Users\alexandre devassine\Desktop\Vilnius\Projet\apache-tomcat-7.0.77-windows-x64\tomcat\endorsed
mai 11, 2017 11:19:46 PM org.apache.catalina.startup.VersionLoggerListener log
INFOS: Command line argument: -Dcatalina.base=C:\Users\alexandre devassine\Desktop\Vilnius\Projet\apache-tomcat-7.0.77-windows-x64\tomcat
mai 11, 2017 11:19:46 PM org.apache.catalina.startup.VersionLoggerListener log
INFOS: Command line argument: -Dcatalina.home=C:\Users\alexandre devassine\Desktop\Vilnius\Projet\apache-tomcat-7.0.77-windows-x64\tomcat
mai 11, 2017 11:19:46 PM org.apache.catalina.startup.VersionLoggerListener log
INFOS: Command line argument: -Djava.io.tmpdir=C:\Users\alexandre devassine\Desktop\Vilnius\Projet\apache-tomcat-7.0.77-windows-x64\tomcat\temp
mai 11, 2017 11:19:46 PM org.apache.catalina.core.AprLifecycleListener lifecycleEvent
INFOS: Loaded APR based Apache Tomcat Native library 1.2.12 using APR version 1.5.2.
mai 11, 2017 11:19:46 PM org.apache.catalina.core.AprLifecycleListener lifecycleEvent
INFOS: APR capabilities: IPv6 [true], sendfile [true], accept filters [false], random [true].
mai 11, 2017 11:19:47 PM org.apache.catalina.core.AprLifecycleListener initializeSSL
INFOS: OpenSSL successfully initialized (OpenSSL 1.0.2k  26 Jan 2017)
mai 11, 2017 11:19:49 PM org.apache.coyote.AbstractProtocol init
INFOS: Initializing ProtocolHandler ["http-apr-8080"]
mai 11, 2017 11:19:49 PM org.apache.coyote.AbstractProtocol init
INFOS: Initializing ProtocolHandler ["ajp-apr-8009"]
mai 11, 2017 11:19:49 PM org.apache.catalina.startup.Catalina load
INFOS: Initialization processed in 3996 ms
mai 11, 2017 11:19:49 PM org.apache.catalina.core.StandardService startInternal
INFOS: Démarrage du service Catalina
mai 11, 2017 11:19:49 PM org.apache.catalina.core.StandardEngine startInternal
INFOS: Starting Servlet Engine: Apache Tomcat/7.0.77
mai 11, 2017 11:19:49 PM org.apache.catalina.startup.HostConfig deployDirectory
INFOS: Déploiement du répertoire C:\Users\alexandre devassine\Desktop\Vilnius\Projet\apache-tomcat-7.0.77-windows-x64\tomcat\webapps\docs de l'application web
mai 11, 2017 11:19:50 PM org.apache.catalina.util.SessionIdGeneratorBase createSecureRandom
INFOS: Creation of SecureRandom instance for session ID generation using [SHA1PRNG] took [361] milliseconds.
mai 11, 2017 11:19:50 PM org.apache.catalina.startup.HostConfig deployDirectory
INFOS: Deployment of web application directory C:\Users\alexandre devassine\Desktop\Vilnius\Projet\apache-tomcat-7.0.77-windows-x64\tomcat\webapps\docs has finished in 1 215 ms
mai 11, 2017 11:19:50 PM org.apache.catalina.startup.HostConfig deployDirectory
INFOS: Déploiement du répertoire C:\Users\alexandre devassine\Desktop\Vilnius\Projet\apache-tomcat-7.0.77-windows-x64\tomcat\webapps\erasmus de l'application web
mai 11, 2017 11:19:50 PM org.apache.catalina.deploy.WebXml setVersion
AVERTISSEMENT: Unknown version string [4.0]. Default version will be used.
mai 11, 2017 11:19:52 PM org.apache.catalina.core.StandardContext startInternal
GRAVE: One or more listeners failed to start. Full details will be found in the appropriate container log file
mai 11, 2017 11:19:52 PM org.apache.catalina.core.StandardContext startInternal
GRAVE: Erreur de démarrage du contexte [/erasmus] suite aux erreurs précédentes
mai 11, 2017 11:19:52 PM org.apache.catalina.startup.HostConfig deployDirectory
INFOS: Deployment of web application directory C:\Users\alexandre devassine\Desktop\Vilnius\Projet\apache-tomcat-7.0.77-windows-x64\tomcat\webapps\erasmus has finished in 1 825 ms
mai 11, 2017 11:19:52 PM org.apache.catalina.startup.HostConfig deployDirectory
INFOS: Déploiement du répertoire C:\Users\alexandre devassine\Desktop\Vilnius\Projet\apache-tomcat-7.0.77-windows-x64\tomcat\webapps\examples de l'application web
mai 11, 2017 11:19:53 PM org.apache.catalina.startup.HostConfig deployDirectory
INFOS: Deployment of web application directory C:\Users\alexandre devassine\Desktop\Vilnius\Projet\apache-tomcat-7.0.77-windows-x64\tomcat\webapps\examples has finished in 1 402 ms
mai 11, 2017 11:19:53 PM org.apache.catalina.startup.HostConfig deployDirectory
INFOS: Déploiement du répertoire C:\Users\alexandre devassine\Desktop\Vilnius\Projet\apache-tomcat-7.0.77-windows-x64\tomcat\webapps\host-manager de l'application web
mai 11, 2017 11:19:53 PM org.apache.catalina.startup.HostConfig deployDirectory
INFOS: Deployment of web application directory C:\Users\alexandre devassine\Desktop\Vilnius\Projet\apache-tomcat-7.0.77-windows-x64\tomcat\webapps\host-manager has finished in 128 ms
mai 11, 2017 11:19:53 PM org.apache.catalina.startup.HostConfig deployDirectory
INFOS: Déploiement du répertoire C:\Users\alexandre devassine\Desktop\Vilnius\Projet\apache-tomcat-7.0.77-windows-x64\tomcat\webapps\manager de l'application web
mai 11, 2017 11:19:54 PM org.apache.catalina.startup.HostConfig deployDirectory
INFOS: Deployment of web application directory C:\Users\alexandre devassine\Desktop\Vilnius\Projet\apache-tomcat-7.0.77-windows-x64\tomcat\webapps\manager has finished in 191 ms
mai 11, 2017 11:19:54 PM org.apache.catalina.startup.HostConfig deployDirectory
INFOS: Déploiement du répertoire C:\Users\alexandre devassine\Desktop\Vilnius\Projet\apache-tomcat-7.0.77-windows-x64\tomcat\webapps\ROOT de l'application web
mai 11, 2017 11:19:54 PM org.apache.catalina.startup.HostConfig deployDirectory
INFOS: Deployment of web application directory C:\Users\alexandre devassine\Desktop\Vilnius\Projet\apache-tomcat-7.0.77-windows-x64\tomcat\webapps\ROOT has finished in 84 ms
mai 11, 2017 11:19:54 PM org.apache.coyote.AbstractProtocol start
INFOS: Starting ProtocolHandler ["http-apr-8080"]
mai 11, 2017 11:19:54 PM org.apache.coyote.AbstractProtocol start
INFOS: Starting ProtocolHandler ["ajp-apr-8009"]
mai 11, 2017 11:19:54 PM org.apache.catalina.startup.Catalina start
INFOS: Server startup in 5065 ms
mai 11, 2017 11:41:34 PM org.apache.catalina.startup.Catalina stopServer
GRAVE: Could not contact localhost:8005. Tomcat may not be running.
mai 11, 2017 11:41:34 PM org.apache.catalina.startup.Catalina stopServer
GRAVE: Catalina.stop: 
java.net.ConnectException: Connection refused: connect
	at java.net.DualStackPlainSocketImpl.connect0(Native Method)
	at java.net.DualStackPlainSocketImpl.socketConnect(DualStackPlainSocketImpl.java:79)
	at java.net.AbstractPlainSocketImpl.doConnect(AbstractPlainSocketImpl.java:350)
	at java.net.AbstractPlainSocketImpl.connectToAddress(AbstractPlainSocketImpl.java:206)
	at java.net.AbstractPlainSocketImpl.connect(AbstractPlainSocketImpl.java:188)
	at java.net.PlainSocketImpl.connect(PlainSocketImpl.java:172)
	at java.net.SocksSocketImpl.connect(SocksSocketImpl.java:392)
	at java.net.Socket.connect(Socket.java:589)
	at java.net.Socket.connect(Socket.java:538)
	at java.net.Socket.<init>(Socket.java:434)
	at java.net.Socket.<init>(Socket.java:211)
	at org.apache.catalina.startup.Catalina.stopServer(Catalina.java:498)
	at sun.reflect.NativeMethodAccessorImpl.invoke0(Native Method)
	at sun.reflect.NativeMethodAccessorImpl.invoke(NativeMethodAccessorImpl.java:62)
	at sun.reflect.DelegatingMethodAccessorImpl.invoke(DelegatingMethodAccessorImpl.java:43)
	at java.lang.reflect.Method.invoke(Method.java:498)
	at org.apache.catalina.startup.Bootstrap.stopServer(Bootstrap.java:343)
	at org.apache.catalina.startup.Bootstrap.main(Bootstrap.java:430)

mai 11, 2017 11:41:37 PM org.apache.catalina.startup.VersionLoggerListener log
INFOS: Server version:        Apache Tomcat/7.0.77
mai 11, 2017 11:41:37 PM org.apache.catalina.startup.VersionLoggerListener log
INFOS: Server built:          Mar 28 2017 16:01:48 UTC
mai 11, 2017 11:41:37 PM org.apache.catalina.startup.VersionLoggerListener log
INFOS: Server number:         7.0.77.0
mai 11, 2017 11:41:37 PM org.apache.catalina.startup.VersionLoggerListener log
INFOS: OS Name:               Windows 10
mai 11, 2017 11:41:37 PM org.apache.catalina.startup.VersionLoggerListener log
INFOS: OS Version:            10.0
mai 11, 2017 11:41:37 PM org.apache.catalina.startup.VersionLoggerListener log
INFOS: Architecture:          amd64
mai 11, 2017 11:41:37 PM org.apache.catalina.startup.VersionLoggerListener log
INFOS: Java Home:             C:\Program Files\Java\jdk1.8.0_121\jre
mai 11, 2017 11:41:37 PM org.apache.catalina.startup.VersionLoggerListener log
INFOS: JVM Version:           1.8.0_121-b13
mai 11, 2017 11:41:37 PM org.apache.catalina.startup.VersionLoggerListener log
INFOS: JVM Vendor:            Oracle Corporation
mai 11, 2017 11:41:37 PM org.apache.catalina.startup.VersionLoggerListener log
INFOS: CATALINA_BASE:         C:\Users\alexandre devassine\Desktop\Vilnius\Projet\apache-tomcat-7.0.77-windows-x64\tomcat
mai 11, 2017 11:41:37 PM org.apache.catalina.startup.VersionLoggerListener log
INFOS: CATALINA_HOME:         C:\Users\alexandre devassine\Desktop\Vilnius\Projet\apache-tomcat-7.0.77-windows-x64\tomcat
mai 11, 2017 11:41:37 PM org.apache.catalina.startup.VersionLoggerListener log
INFOS: Command line argument: -Djava.util.logging.config.file=C:\Users\alexandre devassine\Desktop\Vilnius\Projet\apache-tomcat-7.0.77-windows-x64\tomcat\conf\logging.properties
mai 11, 2017 11:41:37 PM org.apache.catalina.startup.VersionLoggerListener log
INFOS: Command line argument: -Djava.util.logging.manager=org.apache.juli.ClassLoaderLogManager
mai 11, 2017 11:41:37 PM org.apache.catalina.startup.VersionLoggerListener log
INFOS: Command line argument: -Djdk.tls.ephemeralDHKeySize=2048
mai 11, 2017 11:41:37 PM org.apache.catalina.startup.VersionLoggerListener log
INFOS: Command line argument: -Djava.endorsed.dirs=C:\Users\alexandre devassine\Desktop\Vilnius\Projet\apache-tomcat-7.0.77-windows-x64\tomcat\endorsed
mai 11, 2017 11:41:37 PM org.apache.catalina.startup.VersionLoggerListener log
INFOS: Command line argument: -Dcatalina.base=C:\Users\alexandre devassine\Desktop\Vilnius\Projet\apache-tomcat-7.0.77-windows-x64\tomcat
mai 11, 2017 11:41:37 PM org.apache.catalina.startup.VersionLoggerListener log
INFOS: Command line argument: -Dcatalina.home=C:\Users\alexandre devassine\Desktop\Vilnius\Projet\apache-tomcat-7.0.77-windows-x64\tomcat
mai 11, 2017 11:41:37 PM org.apache.catalina.startup.VersionLoggerListener log
INFOS: Command line argument: -Djava.io.tmpdir=C:\Users\alexandre devassine\Desktop\Vilnius\Projet\apache-tomcat-7.0.77-windows-x64\tomcat\temp
mai 11, 2017 11:41:37 PM org.apache.catalina.core.AprLifecycleListener lifecycleEvent
INFOS: Loaded APR based Apache Tomcat Native library 1.2.12 using APR version 1.5.2.
mai 11, 2017 11:41:37 PM org.apache.catalina.core.AprLifecycleListener lifecycleEvent
INFOS: APR capabilities: IPv6 [true], sendfile [true], accept filters [false], random [true].
mai 11, 2017 11:41:38 PM org.apache.catalina.core.AprLifecycleListener initializeSSL
INFOS: OpenSSL successfully initialized (OpenSSL 1.0.2k  26 Jan 2017)
mai 11, 2017 11:41:39 PM org.apache.coyote.AbstractProtocol init
INFOS: Initializing ProtocolHandler ["http-apr-8080"]
mai 11, 2017 11:41:39 PM org.apache.coyote.AbstractProtocol init
INFOS: Initializing ProtocolHandler ["ajp-apr-8009"]
mai 11, 2017 11:41:39 PM org.apache.catalina.startup.Catalina load
INFOS: Initialization processed in 2629 ms
mai 11, 2017 11:41:39 PM org.apache.catalina.core.StandardService startInternal
INFOS: Démarrage du service Catalina
mai 11, 2017 11:41:39 PM org.apache.catalina.core.StandardEngine startInternal
INFOS: Starting Servlet Engine: Apache Tomcat/7.0.77
mai 11, 2017 11:41:39 PM org.apache.catalina.startup.HostConfig deployDirectory
INFOS: Déploiement du répertoire C:\Users\alexandre devassine\Desktop\Vilnius\Projet\apache-tomcat-7.0.77-windows-x64\tomcat\webapps\docs de l'application web
mai 11, 2017 11:41:40 PM org.apache.catalina.util.SessionIdGeneratorBase createSecureRandom
INFOS: Creation of SecureRandom instance for session ID generation using [SHA1PRNG] took [304] milliseconds.
mai 11, 2017 11:41:40 PM org.apache.catalina.startup.HostConfig deployDirectory
INFOS: Deployment of web application directory C:\Users\alexandre devassine\Desktop\Vilnius\Projet\apache-tomcat-7.0.77-windows-x64\tomcat\webapps\docs has finished in 1 087 ms
mai 11, 2017 11:41:40 PM org.apache.catalina.startup.HostConfig deployDirectory
INFOS: Déploiement du répertoire C:\Users\alexandre devassine\Desktop\Vilnius\Projet\apache-tomcat-7.0.77-windows-x64\tomcat\webapps\erasmus de l'application web
mai 11, 2017 11:41:40 PM org.apache.catalina.deploy.WebXml setVersion
AVERTISSEMENT: Unknown version string [4.0]. Default version will be used.
mai 11, 2017 11:41:42 PM org.apache.catalina.core.StandardContext startInternal
GRAVE: One or more listeners failed to start. Full details will be found in the appropriate container log file
mai 11, 2017 11:41:42 PM org.apache.catalina.core.StandardContext startInternal
GRAVE: Erreur de démarrage du contexte [/erasmus] suite aux erreurs précédentes
mai 11, 2017 11:41:42 PM org.apache.catalina.startup.HostConfig deployDirectory
INFOS: Deployment of web application directory C:\Users\alexandre devassine\Desktop\Vilnius\Projet\apache-tomcat-7.0.77-windows-x64\tomcat\webapps\erasmus has finished in 1 448 ms
mai 11, 2017 11:41:42 PM org.apache.catalina.startup.HostConfig deployDirectory
INFOS: Déploiement du répertoire C:\Users\alexandre devassine\Desktop\Vilnius\Projet\apache-tomcat-7.0.77-windows-x64\tomcat\webapps\examples de l'application web
mai 11, 2017 11:41:43 PM org.apache.catalina.startup.HostConfig deployDirectory
INFOS: Deployment of web application directory C:\Users\alexandre devassine\Desktop\Vilnius\Projet\apache-tomcat-7.0.77-windows-x64\tomcat\webapps\examples has finished in 1 268 ms
mai 11, 2017 11:41:43 PM org.apache.catalina.startup.HostConfig deployDirectory
INFOS: Déploiement du répertoire C:\Users\alexandre devassine\Desktop\Vilnius\Projet\apache-tomcat-7.0.77-windows-x64\tomcat\webapps\host-manager de l'application web
mai 11, 2017 11:41:43 PM org.apache.catalina.startup.HostConfig deployDirectory
INFOS: Deployment of web application directory C:\Users\alexandre devassine\Desktop\Vilnius\Projet\apache-tomcat-7.0.77-windows-x64\tomcat\webapps\host-manager has finished in 148 ms
mai 11, 2017 11:41:43 PM org.apache.catalina.startup.HostConfig deployDirectory
INFOS: Déploiement du répertoire C:\Users\alexandre devassine\Desktop\Vilnius\Projet\apache-tomcat-7.0.77-windows-x64\tomcat\webapps\manager de l'application web
mai 11, 2017 11:41:43 PM org.apache.catalina.startup.HostConfig deployDirectory
INFOS: Deployment of web application directory C:\Users\alexandre devassine\Desktop\Vilnius\Projet\apache-tomcat-7.0.77-windows-x64\tomcat\webapps\manager has finished in 184 ms
mai 11, 2017 11:41:43 PM org.apache.catalina.startup.HostConfig deployDirectory
INFOS: Déploiement du répertoire C:\Users\alexandre devassine\Desktop\Vilnius\Projet\apache-tomcat-7.0.77-windows-x64\tomcat\webapps\ROOT de l'application web
mai 11, 2017 11:41:43 PM org.apache.catalina.startup.HostConfig deployDirectory
INFOS: Deployment of web application directory C:\Users\alexandre devassine\Desktop\Vilnius\Projet\apache-tomcat-7.0.77-windows-x64\tomcat\webapps\ROOT has finished in 103 ms
mai 11, 2017 11:41:43 PM org.apache.coyote.AbstractProtocol start
INFOS: Starting ProtocolHandler ["http-apr-8080"]
mai 11, 2017 11:41:43 PM org.apache.coyote.AbstractProtocol start
INFOS: Starting ProtocolHandler ["ajp-apr-8009"]
mai 11, 2017 11:41:43 PM org.apache.catalina.startup.Catalina start
INFOS: Server startup in 4411 ms
mai 11, 2017 11:42:21 PM org.apache.catalina.startup.Catalina stopServer
GRAVE: Could not contact localhost:8005. Tomcat may not be running.
mai 11, 2017 11:42:21 PM org.apache.catalina.startup.Catalina stopServer
GRAVE: Catalina.stop: 
java.net.ConnectException: Connection refused: connect
	at java.net.DualStackPlainSocketImpl.connect0(Native Method)
	at java.net.DualStackPlainSocketImpl.socketConnect(DualStackPlainSocketImpl.java:79)
	at java.net.AbstractPlainSocketImpl.doConnect(AbstractPlainSocketImpl.java:350)
	at java.net.AbstractPlainSocketImpl.connectToAddress(AbstractPlainSocketImpl.java:206)
	at java.net.AbstractPlainSocketImpl.connect(AbstractPlainSocketImpl.java:188)
	at java.net.PlainSocketImpl.connect(PlainSocketImpl.java:172)
	at java.net.SocksSocketImpl.connect(SocksSocketImpl.java:392)
	at java.net.Socket.connect(Socket.java:589)
	at java.net.Socket.connect(Socket.java:538)
	at java.net.Socket.<init>(Socket.java:434)
	at java.net.Socket.<init>(Socket.java:211)
	at org.apache.catalina.startup.Catalina.stopServer(Catalina.java:498)
	at sun.reflect.NativeMethodAccessorImpl.invoke0(Native Method)
	at sun.reflect.NativeMethodAccessorImpl.invoke(NativeMethodAccessorImpl.java:62)
	at sun.reflect.DelegatingMethodAccessorImpl.invoke(DelegatingMethodAccessorImpl.java:43)
	at java.lang.reflect.Method.invoke(Method.java:498)
	at org.apache.catalina.startup.Bootstrap.stopServer(Bootstrap.java:343)
	at org.apache.catalina.startup.Bootstrap.main(Bootstrap.java:430)

mai 11, 2017 11:45:01 PM org.apache.catalina.startup.VersionLoggerListener log
INFOS: Server version:        Apache Tomcat/7.0.77
mai 11, 2017 11:45:01 PM org.apache.catalina.startup.VersionLoggerListener log
INFOS: Server built:          Mar 28 2017 16:01:48 UTC
mai 11, 2017 11:45:01 PM org.apache.catalina.startup.VersionLoggerListener log
INFOS: Server number:         7.0.77.0
mai 11, 2017 11:45:01 PM org.apache.catalina.startup.VersionLoggerListener log
INFOS: OS Name:               Windows 10
mai 11, 2017 11:45:01 PM org.apache.catalina.startup.VersionLoggerListener log
INFOS: OS Version:            10.0
mai 11, 2017 11:45:01 PM org.apache.catalina.startup.VersionLoggerListener log
INFOS: Architecture:          amd64
mai 11, 2017 11:45:01 PM org.apache.catalina.startup.VersionLoggerListener log
INFOS: Java Home:             C:\Program Files\Java\jdk1.8.0_121\jre
mai 11, 2017 11:45:01 PM org.apache.catalina.startup.VersionLoggerListener log
INFOS: JVM Version:           1.8.0_121-b13
mai 11, 2017 11:45:01 PM org.apache.catalina.startup.VersionLoggerListener log
INFOS: JVM Vendor:            Oracle Corporation
mai 11, 2017 11:45:01 PM org.apache.catalina.startup.VersionLoggerListener log
INFOS: CATALINA_BASE:         C:\Users\alexandre devassine\Desktop\Vilnius\Projet\tomcat
mai 11, 2017 11:45:01 PM org.apache.catalina.startup.VersionLoggerListener log
INFOS: CATALINA_HOME:         C:\Users\alexandre devassine\Desktop\Vilnius\Projet\tomcat
mai 11, 2017 11:45:01 PM org.apache.catalina.startup.VersionLoggerListener log
INFOS: Command line argument: -Djava.util.logging.config.file=C:\Users\alexandre devassine\Desktop\Vilnius\Projet\tomcat\conf\logging.properties
mai 11, 2017 11:45:01 PM org.apache.catalina.startup.VersionLoggerListener log
INFOS: Command line argument: -Djava.util.logging.manager=org.apache.juli.ClassLoaderLogManager
mai 11, 2017 11:45:01 PM org.apache.catalina.startup.VersionLoggerListener log
INFOS: Command line argument: -Djdk.tls.ephemeralDHKeySize=2048
mai 11, 2017 11:45:01 PM org.apache.catalina.startup.VersionLoggerListener log
INFOS: Command line argument: -Djava.endorsed.dirs=C:\Users\alexandre devassine\Desktop\Vilnius\Projet\tomcat\endorsed
mai 11, 2017 11:45:01 PM org.apache.catalina.startup.VersionLoggerListener log
INFOS: Command line argument: -Dcatalina.base=C:\Users\alexandre devassine\Desktop\Vilnius\Projet\tomcat
mai 11, 2017 11:45:01 PM org.apache.catalina.startup.VersionLoggerListener log
INFOS: Command line argument: -Dcatalina.home=C:\Users\alexandre devassine\Desktop\Vilnius\Projet\tomcat
mai 11, 2017 11:45:01 PM org.apache.catalina.startup.VersionLoggerListener log
INFOS: Command line argument: -Djava.io.tmpdir=C:\Users\alexandre devassine\Desktop\Vilnius\Projet\tomcat\temp
mai 11, 2017 11:45:01 PM org.apache.catalina.core.AprLifecycleListener lifecycleEvent
INFOS: Loaded APR based Apache Tomcat Native library 1.2.12 using APR version 1.5.2.
mai 11, 2017 11:45:01 PM org.apache.catalina.core.AprLifecycleListener lifecycleEvent
INFOS: APR capabilities: IPv6 [true], sendfile [true], accept filters [false], random [true].
mai 11, 2017 11:45:02 PM org.apache.catalina.core.AprLifecycleListener initializeSSL
INFOS: OpenSSL successfully initialized (OpenSSL 1.0.2k  26 Jan 2017)
mai 11, 2017 11:45:02 PM org.apache.coyote.AbstractProtocol init
INFOS: Initializing ProtocolHandler ["http-apr-8080"]
mai 11, 2017 11:45:02 PM org.apache.coyote.AbstractProtocol init
INFOS: Initializing ProtocolHandler ["ajp-apr-8009"]
mai 11, 2017 11:45:02 PM org.apache.catalina.startup.Catalina load
INFOS: Initialization processed in 1950 ms
mai 11, 2017 11:45:02 PM org.apache.catalina.core.StandardService startInternal
INFOS: Démarrage du service Catalina
mai 11, 2017 11:45:02 PM org.apache.catalina.core.StandardEngine startInternal
INFOS: Starting Servlet Engine: Apache Tomcat/7.0.77
mai 11, 2017 11:45:02 PM org.apache.catalina.startup.HostConfig deployDirectory
INFOS: Déploiement du répertoire C:\Users\alexandre devassine\Desktop\Vilnius\Projet\tomcat\webapps\docs de l'application web
mai 11, 2017 11:45:03 PM org.apache.catalina.util.SessionIdGeneratorBase createSecureRandom
INFOS: Creation of SecureRandom instance for session ID generation using [SHA1PRNG] took [234] milliseconds.
mai 11, 2017 11:45:03 PM org.apache.catalina.startup.HostConfig deployDirectory
INFOS: Deployment of web application directory C:\Users\alexandre devassine\Desktop\Vilnius\Projet\tomcat\webapps\docs has finished in 703 ms
mai 11, 2017 11:45:03 PM org.apache.catalina.startup.HostConfig deployDirectory
INFOS: Déploiement du répertoire C:\Users\alexandre devassine\Desktop\Vilnius\Projet\tomcat\webapps\erasmus de l'application web
mai 11, 2017 11:45:03 PM org.apache.catalina.deploy.WebXml setVersion
AVERTISSEMENT: Unknown version string [4.0]. Default version will be used.
mai 11, 2017 11:45:04 PM org.apache.catalina.core.StandardContext startInternal
GRAVE: One or more listeners failed to start. Full details will be found in the appropriate container log file
mai 11, 2017 11:45:04 PM org.apache.catalina.core.StandardContext startInternal
GRAVE: Erreur de démarrage du contexte [/erasmus] suite aux erreurs précédentes
mai 11, 2017 11:45:04 PM org.apache.catalina.startup.HostConfig deployDirectory
INFOS: Deployment of web application directory C:\Users\alexandre devassine\Desktop\Vilnius\Projet\tomcat\webapps\erasmus has finished in 547 ms
mai 11, 2017 11:45:04 PM org.apache.catalina.startup.HostConfig deployDirectory
INFOS: Déploiement du répertoire C:\Users\alexandre devassine\Desktop\Vilnius\Projet\tomcat\webapps\examples de l'application web
mai 11, 2017 11:45:04 PM org.apache.catalina.startup.HostConfig deployDirectory
INFOS: Deployment of web application directory C:\Users\alexandre devassine\Desktop\Vilnius\Projet\tomcat\webapps\examples has finished in 422 ms
mai 11, 2017 11:45:04 PM org.apache.catalina.startup.HostConfig deployDirectory
INFOS: Déploiement du répertoire C:\Users\alexandre devassine\Desktop\Vilnius\Projet\tomcat\webapps\host-manager de l'application web
mai 11, 2017 11:45:04 PM org.apache.catalina.startup.HostConfig deployDirectory
INFOS: Deployment of web application directory C:\Users\alexandre devassine\Desktop\Vilnius\Projet\tomcat\webapps\host-manager has finished in 109 ms
mai 11, 2017 11:45:04 PM org.apache.catalina.startup.HostConfig deployDirectory
INFOS: Déploiement du répertoire C:\Users\alexandre devassine\Desktop\Vilnius\Projet\tomcat\webapps\manager de l'application web
mai 11, 2017 11:45:04 PM org.apache.catalina.startup.HostConfig deployDirectory
INFOS: Deployment of web application directory C:\Users\alexandre devassine\Desktop\Vilnius\Projet\tomcat\webapps\manager has finished in 110 ms
mai 11, 2017 11:45:04 PM org.apache.catalina.startup.HostConfig deployDirectory
INFOS: Déploiement du répertoire C:\Users\alexandre devassine\Desktop\Vilnius\Projet\tomcat\webapps\ROOT de l'application web
mai 11, 2017 11:45:04 PM org.apache.catalina.startup.HostConfig deployDirectory
INFOS: Deployment of web application directory C:\Users\alexandre devassine\Desktop\Vilnius\Projet\tomcat\webapps\ROOT has finished in 62 ms
mai 11, 2017 11:45:04 PM org.apache.coyote.AbstractProtocol start
INFOS: Starting ProtocolHandler ["http-apr-8080"]
mai 11, 2017 11:45:04 PM org.apache.coyote.AbstractProtocol start
INFOS: Starting ProtocolHandler ["ajp-apr-8009"]
mai 11, 2017 11:45:04 PM org.apache.catalina.startup.Catalina start
INFOS: Server startup in 2059 ms
mai 11, 2017 11:47:00 PM org.apache.coyote.AbstractProtocol pause
INFOS: Pausing ProtocolHandler ["http-apr-8080"]
mai 11, 2017 11:47:01 PM org.apache.coyote.AbstractProtocol pause
INFOS: Pausing ProtocolHandler ["ajp-apr-8009"]
mai 11, 2017 11:47:01 PM org.apache.catalina.core.StandardService stopInternal
INFOS: Arrêt du service Catalina
mai 11, 2017 11:47:01 PM org.apache.coyote.AbstractProtocol stop
INFOS: Stopping ProtocolHandler ["http-apr-8080"]
mai 11, 2017 11:47:01 PM org.apache.coyote.AbstractProtocol stop
INFOS: Stopping ProtocolHandler ["ajp-apr-8009"]
mai 11, 2017 11:47:01 PM org.apache.coyote.AbstractProtocol destroy
INFOS: Destroying ProtocolHandler ["http-apr-8080"]
mai 11, 2017 11:47:01 PM org.apache.coyote.AbstractProtocol destroy
INFOS: Destroying ProtocolHandler ["ajp-apr-8009"]
mai 11, 2017 11:47:06 PM org.apache.catalina.startup.Catalina stopServer
GRAVE: Could not contact localhost:8005. Tomcat may not be running.
mai 11, 2017 11:47:06 PM org.apache.catalina.startup.Catalina stopServer
GRAVE: Catalina.stop: 
java.net.ConnectException: Connection refused: connect
	at java.net.DualStackPlainSocketImpl.connect0(Native Method)
	at java.net.DualStackPlainSocketImpl.socketConnect(DualStackPlainSocketImpl.java:79)
	at java.net.AbstractPlainSocketImpl.doConnect(AbstractPlainSocketImpl.java:350)
	at java.net.AbstractPlainSocketImpl.connectToAddress(AbstractPlainSocketImpl.java:206)
	at java.net.AbstractPlainSocketImpl.connect(AbstractPlainSocketImpl.java:188)
	at java.net.PlainSocketImpl.connect(PlainSocketImpl.java:172)
	at java.net.SocksSocketImpl.connect(SocksSocketImpl.java:392)
	at java.net.Socket.connect(Socket.java:589)
	at java.net.Socket.connect(Socket.java:538)
	at java.net.Socket.<init>(Socket.java:434)
	at java.net.Socket.<init>(Socket.java:211)
	at org.apache.catalina.startup.Catalina.stopServer(Catalina.java:498)
	at sun.reflect.NativeMethodAccessorImpl.invoke0(Native Method)
	at sun.reflect.NativeMethodAccessorImpl.invoke(NativeMethodAccessorImpl.java:62)
	at sun.reflect.DelegatingMethodAccessorImpl.invoke(DelegatingMethodAccessorImpl.java:43)
	at java.lang.reflect.Method.invoke(Method.java:498)
	at org.apache.catalina.startup.Bootstrap.stopServer(Bootstrap.java:343)
	at org.apache.catalina.startup.Bootstrap.main(Bootstrap.java:430)

mai 11, 2017 11:49:45 PM org.apache.catalina.startup.VersionLoggerListener log
INFOS: Server version:        Apache Tomcat/7.0.77
mai 11, 2017 11:49:45 PM org.apache.catalina.startup.VersionLoggerListener log
INFOS: Server built:          Mar 28 2017 16:01:48 UTC
mai 11, 2017 11:49:45 PM org.apache.catalina.startup.VersionLoggerListener log
INFOS: Server number:         7.0.77.0
mai 11, 2017 11:49:45 PM org.apache.catalina.startup.VersionLoggerListener log
INFOS: OS Name:               Windows 10
mai 11, 2017 11:49:45 PM org.apache.catalina.startup.VersionLoggerListener log
INFOS: OS Version:            10.0
mai 11, 2017 11:49:45 PM org.apache.catalina.startup.VersionLoggerListener log
INFOS: Architecture:          amd64
mai 11, 2017 11:49:45 PM org.apache.catalina.startup.VersionLoggerListener log
INFOS: Java Home:             C:\Program Files\Java\jdk1.8.0_121\jre
mai 11, 2017 11:49:45 PM org.apache.catalina.startup.VersionLoggerListener log
INFOS: JVM Version:           1.8.0_121-b13
mai 11, 2017 11:49:45 PM org.apache.catalina.startup.VersionLoggerListener log
INFOS: JVM Vendor:            Oracle Corporation
mai 11, 2017 11:49:45 PM org.apache.catalina.startup.VersionLoggerListener log
INFOS: CATALINA_BASE:         C:\Users\alexandre devassine\Desktop\Vilnius\Projet\tomcat
mai 11, 2017 11:49:45 PM org.apache.catalina.startup.VersionLoggerListener log
INFOS: CATALINA_HOME:         C:\Users\alexandre devassine\Desktop\Vilnius\Projet\tomcat
mai 11, 2017 11:49:45 PM org.apache.catalina.startup.VersionLoggerListener log
INFOS: Command line argument: -Djava.util.logging.config.file=C:\Users\alexandre devassine\Desktop\Vilnius\Projet\tomcat\conf\logging.properties
mai 11, 2017 11:49:45 PM org.apache.catalina.startup.VersionLoggerListener log
INFOS: Command line argument: -Djava.util.logging.manager=org.apache.juli.ClassLoaderLogManager
mai 11, 2017 11:49:45 PM org.apache.catalina.startup.VersionLoggerListener log
INFOS: Command line argument: -Djdk.tls.ephemeralDHKeySize=2048
mai 11, 2017 11:49:45 PM org.apache.catalina.startup.VersionLoggerListener log
INFOS: Command line argument: -Djava.endorsed.dirs=C:\Users\alexandre devassine\Desktop\Vilnius\Projet\tomcat\endorsed
mai 11, 2017 11:49:45 PM org.apache.catalina.startup.VersionLoggerListener log
INFOS: Command line argument: -Dcatalina.base=C:\Users\alexandre devassine\Desktop\Vilnius\Projet\tomcat
mai 11, 2017 11:49:45 PM org.apache.catalina.startup.VersionLoggerListener log
INFOS: Command line argument: -Dcatalina.home=C:\Users\alexandre devassine\Desktop\Vilnius\Projet\tomcat
mai 11, 2017 11:49:45 PM org.apache.catalina.startup.VersionLoggerListener log
INFOS: Command line argument: -Djava.io.tmpdir=C:\Users\alexandre devassine\Desktop\Vilnius\Projet\tomcat\temp
mai 11, 2017 11:49:45 PM org.apache.catalina.core.AprLifecycleListener lifecycleEvent
INFOS: Loaded APR based Apache Tomcat Native library 1.2.12 using APR version 1.5.2.
mai 11, 2017 11:49:45 PM org.apache.catalina.core.AprLifecycleListener lifecycleEvent
INFOS: APR capabilities: IPv6 [true], sendfile [true], accept filters [false], random [true].
mai 11, 2017 11:49:46 PM org.apache.catalina.core.AprLifecycleListener initializeSSL
INFOS: OpenSSL successfully initialized (OpenSSL 1.0.2k  26 Jan 2017)
mai 11, 2017 11:49:47 PM org.apache.coyote.AbstractProtocol init
INFOS: Initializing ProtocolHandler ["http-apr-8080"]
mai 11, 2017 11:49:47 PM org.apache.coyote.AbstractProtocol init
INFOS: Initializing ProtocolHandler ["ajp-apr-8009"]
mai 11, 2017 11:49:47 PM org.apache.catalina.startup.Catalina load
INFOS: Initialization processed in 1995 ms
mai 11, 2017 11:49:47 PM org.apache.catalina.core.StandardService startInternal
INFOS: Démarrage du service Catalina
mai 11, 2017 11:49:47 PM org.apache.catalina.core.StandardEngine startInternal
INFOS: Starting Servlet Engine: Apache Tomcat/7.0.77
mai 11, 2017 11:49:47 PM org.apache.catalina.startup.HostConfig deployDirectory
INFOS: Déploiement du répertoire C:\Users\alexandre devassine\Desktop\Vilnius\Projet\tomcat\webapps\docs de l'application web
mai 11, 2017 11:49:47 PM org.apache.catalina.util.SessionIdGeneratorBase createSecureRandom
INFOS: Creation of SecureRandom instance for session ID generation using [SHA1PRNG] took [250] milliseconds.
mai 11, 2017 11:49:47 PM org.apache.catalina.startup.HostConfig deployDirectory
INFOS: Deployment of web application directory C:\Users\alexandre devassine\Desktop\Vilnius\Projet\tomcat\webapps\docs has finished in 719 ms
mai 11, 2017 11:49:47 PM org.apache.catalina.startup.HostConfig deployDirectory
INFOS: Déploiement du répertoire C:\Users\alexandre devassine\Desktop\Vilnius\Projet\tomcat\webapps\era de l'application web
mai 11, 2017 11:49:49 PM org.apache.catalina.startup.HostConfig deployDirectory
INFOS: Deployment of web application directory C:\Users\alexandre devassine\Desktop\Vilnius\Projet\tomcat\webapps\era has finished in 1 219 ms
mai 11, 2017 11:49:49 PM org.apache.catalina.startup.HostConfig deployDirectory
INFOS: Déploiement du répertoire C:\Users\alexandre devassine\Desktop\Vilnius\Projet\tomcat\webapps\erasmus de l'application web
mai 11, 2017 11:49:49 PM org.apache.catalina.deploy.WebXml setVersion
AVERTISSEMENT: Unknown version string [4.0]. Default version will be used.
mai 11, 2017 11:49:49 PM org.apache.catalina.core.StandardContext startInternal
GRAVE: One or more listeners failed to start. Full details will be found in the appropriate container log file
mai 11, 2017 11:49:49 PM org.apache.catalina.core.StandardContext startInternal
GRAVE: Erreur de démarrage du contexte [/erasmus] suite aux erreurs précédentes
mai 11, 2017 11:49:49 PM org.apache.catalina.startup.HostConfig deployDirectory
INFOS: Deployment of web application directory C:\Users\alexandre devassine\Desktop\Vilnius\Projet\tomcat\webapps\erasmus has finished in 453 ms
mai 11, 2017 11:49:49 PM org.apache.catalina.startup.HostConfig deployDirectory
INFOS: Déploiement du répertoire C:\Users\alexandre devassine\Desktop\Vilnius\Projet\tomcat\webapps\examples de l'application web
mai 11, 2017 11:49:49 PM org.apache.catalina.startup.HostConfig deployDirectory
INFOS: Deployment of web application directory C:\Users\alexandre devassine\Desktop\Vilnius\Projet\tomcat\webapps\examples has finished in 313 ms
mai 11, 2017 11:49:49 PM org.apache.catalina.startup.HostConfig deployDirectory
INFOS: Déploiement du répertoire C:\Users\alexandre devassine\Desktop\Vilnius\Projet\tomcat\webapps\host-manager de l'application web
mai 11, 2017 11:49:49 PM org.apache.catalina.startup.HostConfig deployDirectory
INFOS: Deployment of web application directory C:\Users\alexandre devassine\Desktop\Vilnius\Projet\tomcat\webapps\host-manager has finished in 94 ms
mai 11, 2017 11:49:49 PM org.apache.catalina.startup.HostConfig deployDirectory
INFOS: Déploiement du répertoire C:\Users\alexandre devassine\Desktop\Vilnius\Projet\tomcat\webapps\manager de l'application web
mai 11, 2017 11:49:50 PM org.apache.catalina.startup.HostConfig deployDirectory
INFOS: Deployment of web application directory C:\Users\alexandre devassine\Desktop\Vilnius\Projet\tomcat\webapps\manager has finished in 78 ms
mai 11, 2017 11:49:50 PM org.apache.catalina.startup.HostConfig deployDirectory
INFOS: Déploiement du répertoire C:\Users\alexandre devassine\Desktop\Vilnius\Projet\tomcat\webapps\ROOT de l'application web
mai 11, 2017 11:49:50 PM org.apache.catalina.startup.HostConfig deployDirectory
INFOS: Deployment of web application directory C:\Users\alexandre devassine\Desktop\Vilnius\Projet\tomcat\webapps\ROOT has finished in 63 ms
mai 11, 2017 11:49:50 PM org.apache.coyote.AbstractProtocol start
INFOS: Starting ProtocolHandler ["http-apr-8080"]
mai 11, 2017 11:49:50 PM org.apache.coyote.AbstractProtocol start
INFOS: Starting ProtocolHandler ["ajp-apr-8009"]
mai 11, 2017 11:49:50 PM org.apache.catalina.startup.Catalina start
INFOS: Server startup in 3162 ms
mai 11, 2017 11:50:51 PM org.apache.catalina.core.StandardServer await
INFOS: A valid shutdown command was received via the shutdown port. Stopping the Server instance.
mai 11, 2017 11:51:02 PM org.apache.catalina.startup.Catalina stopServer
GRAVE: Could not contact localhost:8005. Tomcat may not be running.
mai 11, 2017 11:51:02 PM org.apache.catalina.startup.Catalina stopServer
GRAVE: Catalina.stop: 
java.net.ConnectException: Connection refused: connect
	at java.net.DualStackPlainSocketImpl.connect0(Native Method)
	at java.net.DualStackPlainSocketImpl.socketConnect(DualStackPlainSocketImpl.java:79)
	at java.net.AbstractPlainSocketImpl.doConnect(AbstractPlainSocketImpl.java:350)
	at java.net.AbstractPlainSocketImpl.connectToAddress(AbstractPlainSocketImpl.java:206)
	at java.net.AbstractPlainSocketImpl.connect(AbstractPlainSocketImpl.java:188)
	at java.net.PlainSocketImpl.connect(PlainSocketImpl.java:172)
	at java.net.SocksSocketImpl.connect(SocksSocketImpl.java:392)
	at java.net.Socket.connect(Socket.java:589)
	at java.net.Socket.connect(Socket.java:538)
	at java.net.Socket.<init>(Socket.java:434)
	at java.net.Socket.<init>(Socket.java:211)
	at org.apache.catalina.startup.Catalina.stopServer(Catalina.java:498)
	at sun.reflect.NativeMethodAccessorImpl.invoke0(Native Method)
	at sun.reflect.NativeMethodAccessorImpl.invoke(NativeMethodAccessorImpl.java:62)
	at sun.reflect.DelegatingMethodAccessorImpl.invoke(DelegatingMethodAccessorImpl.java:43)
	at java.lang.reflect.Method.invoke(Method.java:498)
	at org.apache.catalina.startup.Bootstrap.stopServer(Bootstrap.java:343)
	at org.apache.catalina.startup.Bootstrap.main(Bootstrap.java:430)

mai 11, 2017 11:52:56 PM org.apache.catalina.startup.VersionLoggerListener log
INFOS: Server version:        Apache Tomcat/7.0.77
mai 11, 2017 11:52:56 PM org.apache.catalina.startup.VersionLoggerListener log
INFOS: Server built:          Mar 28 2017 16:01:48 UTC
mai 11, 2017 11:52:56 PM org.apache.catalina.startup.VersionLoggerListener log
INFOS: Server number:         7.0.77.0
mai 11, 2017 11:52:56 PM org.apache.catalina.startup.VersionLoggerListener log
INFOS: OS Name:               Windows 10
mai 11, 2017 11:52:56 PM org.apache.catalina.startup.VersionLoggerListener log
INFOS: OS Version:            10.0
mai 11, 2017 11:52:56 PM org.apache.catalina.startup.VersionLoggerListener log
INFOS: Architecture:          amd64
mai 11, 2017 11:52:56 PM org.apache.catalina.startup.VersionLoggerListener log
INFOS: Java Home:             C:\Program Files\Java\jdk1.8.0_121\jre
mai 11, 2017 11:52:56 PM org.apache.catalina.startup.VersionLoggerListener log
INFOS: JVM Version:           1.8.0_121-b13
mai 11, 2017 11:52:56 PM org.apache.catalina.startup.VersionLoggerListener log
INFOS: JVM Vendor:            Oracle Corporation
mai 11, 2017 11:52:56 PM org.apache.catalina.startup.VersionLoggerListener log
INFOS: CATALINA_BASE:         C:\Users\alexandre devassine\Desktop\Vilnius\Projet\tomcat
mai 11, 2017 11:52:56 PM org.apache.catalina.startup.VersionLoggerListener log
INFOS: CATALINA_HOME:         C:\Users\alexandre devassine\Desktop\Vilnius\Projet\tomcat
mai 11, 2017 11:52:56 PM org.apache.catalina.startup.VersionLoggerListener log
INFOS: Command line argument: -Djava.util.logging.config.file=C:\Users\alexandre devassine\Desktop\Vilnius\Projet\tomcat\conf\logging.properties
mai 11, 2017 11:52:56 PM org.apache.catalina.startup.VersionLoggerListener log
INFOS: Command line argument: -Djava.util.logging.manager=org.apache.juli.ClassLoaderLogManager
mai 11, 2017 11:52:56 PM org.apache.catalina.startup.VersionLoggerListener log
INFOS: Command line argument: -Djdk.tls.ephemeralDHKeySize=2048
mai 11, 2017 11:52:56 PM org.apache.catalina.startup.VersionLoggerListener log
INFOS: Command line argument: -Djava.endorsed.dirs=C:\Users\alexandre devassine\Desktop\Vilnius\Projet\tomcat\endorsed
mai 11, 2017 11:52:56 PM org.apache.catalina.startup.VersionLoggerListener log
INFOS: Command line argument: -Dcatalina.base=C:\Users\alexandre devassine\Desktop\Vilnius\Projet\tomcat
mai 11, 2017 11:52:56 PM org.apache.catalina.startup.VersionLoggerListener log
INFOS: Command line argument: -Dcatalina.home=C:\Users\alexandre devassine\Desktop\Vilnius\Projet\tomcat
mai 11, 2017 11:52:56 PM org.apache.catalina.startup.VersionLoggerListener log
INFOS: Command line argument: -Djava.io.tmpdir=C:\Users\alexandre devassine\Desktop\Vilnius\Projet\tomcat\temp
mai 11, 2017 11:52:56 PM org.apache.catalina.core.AprLifecycleListener lifecycleEvent
INFOS: Loaded APR based Apache Tomcat Native library 1.2.12 using APR version 1.5.2.
mai 11, 2017 11:52:56 PM org.apache.catalina.core.AprLifecycleListener lifecycleEvent
INFOS: APR capabilities: IPv6 [true], sendfile [true], accept filters [false], random [true].
mai 11, 2017 11:52:57 PM org.apache.catalina.core.AprLifecycleListener initializeSSL
INFOS: OpenSSL successfully initialized (OpenSSL 1.0.2k  26 Jan 2017)
mai 11, 2017 11:52:57 PM org.apache.coyote.AbstractProtocol init
INFOS: Initializing ProtocolHandler ["http-apr-8080"]
mai 11, 2017 11:52:57 PM org.apache.coyote.AbstractProtocol init
INFOS: Initializing ProtocolHandler ["ajp-apr-8009"]
mai 11, 2017 11:52:57 PM org.apache.catalina.startup.Catalina load
INFOS: Initialization processed in 1976 ms
mai 11, 2017 11:52:57 PM org.apache.catalina.core.StandardService startInternal
INFOS: Démarrage du service Catalina
mai 11, 2017 11:52:57 PM org.apache.catalina.core.StandardEngine startInternal
INFOS: Starting Servlet Engine: Apache Tomcat/7.0.77
mai 11, 2017 11:52:57 PM org.apache.catalina.startup.HostConfig deployDirectory
INFOS: Déploiement du répertoire C:\Users\alexandre devassine\Desktop\Vilnius\Projet\tomcat\webapps\docs de l'application web
mai 11, 2017 11:52:58 PM org.apache.catalina.util.SessionIdGeneratorBase createSecureRandom
INFOS: Creation of SecureRandom instance for session ID generation using [SHA1PRNG] took [235] milliseconds.
mai 11, 2017 11:52:58 PM org.apache.catalina.startup.HostConfig deployDirectory
INFOS: Deployment of web application directory C:\Users\alexandre devassine\Desktop\Vilnius\Projet\tomcat\webapps\docs has finished in 750 ms
mai 11, 2017 11:52:58 PM org.apache.catalina.startup.HostConfig deployDirectory
INFOS: Déploiement du répertoire C:\Users\alexandre devassine\Desktop\Vilnius\Projet\tomcat\webapps\era de l'application web
mai 11, 2017 11:52:58 PM org.apache.catalina.startup.HostConfig deployDirectory
INFOS: Deployment of web application directory C:\Users\alexandre devassine\Desktop\Vilnius\Projet\tomcat\webapps\era has finished in 641 ms
mai 11, 2017 11:52:58 PM org.apache.catalina.startup.HostConfig deployDirectory
INFOS: Déploiement du répertoire C:\Users\alexandre devassine\Desktop\Vilnius\Projet\tomcat\webapps\examples de l'application web
mai 11, 2017 11:52:59 PM org.apache.catalina.startup.HostConfig deployDirectory
INFOS: Deployment of web application directory C:\Users\alexandre devassine\Desktop\Vilnius\Projet\tomcat\webapps\examples has finished in 578 ms
mai 11, 2017 11:52:59 PM org.apache.catalina.startup.HostConfig deployDirectory
INFOS: Déploiement du répertoire C:\Users\alexandre devassine\Desktop\Vilnius\Projet\tomcat\webapps\host-manager de l'application web
mai 11, 2017 11:52:59 PM org.apache.catalina.startup.HostConfig deployDirectory
INFOS: Deployment of web application directory C:\Users\alexandre devassine\Desktop\Vilnius\Projet\tomcat\webapps\host-manager has finished in 140 ms
mai 11, 2017 11:52:59 PM org.apache.catalina.startup.HostConfig deployDirectory
INFOS: Déploiement du répertoire C:\Users\alexandre devassine\Desktop\Vilnius\Projet\tomcat\webapps\manager de l'application web
mai 11, 2017 11:52:59 PM org.apache.catalina.startup.HostConfig deployDirectory
INFOS: Deployment of web application directory C:\Users\alexandre devassine\Desktop\Vilnius\Projet\tomcat\webapps\manager has finished in 125 ms
mai 11, 2017 11:52:59 PM org.apache.catalina.startup.HostConfig deployDirectory
INFOS: Déploiement du répertoire C:\Users\alexandre devassine\Desktop\Vilnius\Projet\tomcat\webapps\ROOT de l'application web
mai 11, 2017 11:52:59 PM org.apache.catalina.startup.HostConfig deployDirectory
INFOS: Deployment of web application directory C:\Users\alexandre devassine\Desktop\Vilnius\Projet\tomcat\webapps\ROOT has finished in 79 ms
mai 11, 2017 11:52:59 PM org.apache.coyote.AbstractProtocol start
INFOS: Starting ProtocolHandler ["http-apr-8080"]
mai 11, 2017 11:52:59 PM org.apache.coyote.AbstractProtocol start
INFOS: Starting ProtocolHandler ["ajp-apr-8009"]
mai 11, 2017 11:52:59 PM org.apache.catalina.startup.Catalina start
INFOS: Server startup in 2424 ms
