juin 18, 2017 3:58:03 AM org.apache.catalina.startup.VersionLoggerListener log
INFOS: Server version:        Apache Tomcat/7.0.77
juin 18, 2017 3:58:03 AM org.apache.catalina.startup.VersionLoggerListener log
INFOS: Server built:          Mar 28 2017 16:01:48 UTC
juin 18, 2017 3:58:03 AM org.apache.catalina.startup.VersionLoggerListener log
INFOS: Server number:         7.0.77.0
juin 18, 2017 3:58:03 AM org.apache.catalina.startup.VersionLoggerListener log
INFOS: OS Name:               Windows 10
juin 18, 2017 3:58:03 AM org.apache.catalina.startup.VersionLoggerListener log
INFOS: OS Version:            10.0
juin 18, 2017 3:58:03 AM org.apache.catalina.startup.VersionLoggerListener log
INFOS: Architecture:          amd64
juin 18, 2017 3:58:03 AM org.apache.catalina.startup.VersionLoggerListener log
INFOS: Java Home:             C:\Program Files\Java\jdk1.8.0_121\jre
juin 18, 2017 3:58:03 AM org.apache.catalina.startup.VersionLoggerListener log
INFOS: JVM Version:           1.8.0_121-b13
juin 18, 2017 3:58:03 AM org.apache.catalina.startup.VersionLoggerListener log
INFOS: JVM Vendor:            Oracle Corporation
juin 18, 2017 3:58:03 AM org.apache.catalina.startup.VersionLoggerListener log
INFOS: CATALINA_BASE:         C:\Users\alexandre devassine\Desktop\Vilnius\Projet\Project_Erasmus_2017\tomcat
juin 18, 2017 3:58:03 AM org.apache.catalina.startup.VersionLoggerListener log
INFOS: CATALINA_HOME:         C:\Users\alexandre devassine\Desktop\Vilnius\Projet\Project_Erasmus_2017\tomcat
juin 18, 2017 3:58:03 AM org.apache.catalina.startup.VersionLoggerListener log
INFOS: Command line argument: -Djava.util.logging.config.file=C:\Users\alexandre devassine\Desktop\Vilnius\Projet\Project_Erasmus_2017\tomcat\conf\logging.properties
juin 18, 2017 3:58:03 AM org.apache.catalina.startup.VersionLoggerListener log
INFOS: Command line argument: -Djava.util.logging.manager=org.apache.juli.ClassLoaderLogManager
juin 18, 2017 3:58:03 AM org.apache.catalina.startup.VersionLoggerListener log
INFOS: Command line argument: -Djdk.tls.ephemeralDHKeySize=2048
juin 18, 2017 3:58:03 AM org.apache.catalina.startup.VersionLoggerListener log
INFOS: Command line argument: -Djava.endorsed.dirs=C:\Users\alexandre devassine\Desktop\Vilnius\Projet\Project_Erasmus_2017\tomcat\endorsed
juin 18, 2017 3:58:03 AM org.apache.catalina.startup.VersionLoggerListener log
INFOS: Command line argument: -Dcatalina.base=C:\Users\alexandre devassine\Desktop\Vilnius\Projet\Project_Erasmus_2017\tomcat
juin 18, 2017 3:58:03 AM org.apache.catalina.startup.VersionLoggerListener log
INFOS: Command line argument: -Dcatalina.home=C:\Users\alexandre devassine\Desktop\Vilnius\Projet\Project_Erasmus_2017\tomcat
juin 18, 2017 3:58:03 AM org.apache.catalina.startup.VersionLoggerListener log
INFOS: Command line argument: -Djava.io.tmpdir=C:\Users\alexandre devassine\Desktop\Vilnius\Projet\Project_Erasmus_2017\tomcat\temp
juin 18, 2017 3:58:03 AM org.apache.catalina.core.AprLifecycleListener lifecycleEvent
INFOS: Loaded APR based Apache Tomcat Native library 1.2.12 using APR version 1.5.2.
juin 18, 2017 3:58:03 AM org.apache.catalina.core.AprLifecycleListener lifecycleEvent
INFOS: APR capabilities: IPv6 [true], sendfile [true], accept filters [false], random [true].
juin 18, 2017 3:58:04 AM org.apache.catalina.core.AprLifecycleListener initializeSSL
INFOS: OpenSSL successfully initialized (OpenSSL 1.0.2k  26 Jan 2017)
juin 18, 2017 3:58:06 AM org.apache.coyote.AbstractProtocol init
INFOS: Initializing ProtocolHandler ["http-apr-8080"]
juin 18, 2017 3:58:06 AM org.apache.coyote.AbstractProtocol init
INFOS: Initializing ProtocolHandler ["ajp-apr-8009"]
juin 18, 2017 3:58:06 AM org.apache.catalina.startup.Catalina load
INFOS: Initialization processed in 5598 ms
juin 18, 2017 3:58:06 AM org.apache.catalina.core.StandardService startInternal
INFOS: Démarrage du service Catalina
juin 18, 2017 3:58:06 AM org.apache.catalina.core.StandardEngine startInternal
INFOS: Starting Servlet Engine: Apache Tomcat/7.0.77
juin 18, 2017 3:58:06 AM org.apache.catalina.startup.HostConfig deployDirectory
INFOS: Déploiement du répertoire C:\Users\alexandre devassine\Desktop\Vilnius\Projet\Project_Erasmus_2017\tomcat\webapps\docs de l'application web
juin 18, 2017 3:58:07 AM org.apache.catalina.startup.TldConfig execute
INFOS: At least one JAR was scanned for TLDs yet contained no TLDs. Enable debug logging for this logger for a complete list of JARs that were scanned but no TLDs were found in them. Skipping unneeded JARs during scanning can improve startup time and JSP compilation time.
juin 18, 2017 3:58:08 AM org.apache.catalina.util.SessionIdGeneratorBase createSecureRandom
INFOS: Creation of SecureRandom instance for session ID generation using [SHA1PRNG] took [725] milliseconds.
juin 18, 2017 3:58:08 AM org.apache.catalina.startup.HostConfig deployDirectory
INFOS: Deployment of web application directory C:\Users\alexandre devassine\Desktop\Vilnius\Projet\Project_Erasmus_2017\tomcat\webapps\docs has finished in 2 478 ms
juin 18, 2017 3:58:08 AM org.apache.catalina.startup.HostConfig deployDirectory
INFOS: Déploiement du répertoire C:\Users\alexandre devassine\Desktop\Vilnius\Projet\Project_Erasmus_2017\tomcat\webapps\erasmus de l'application web
juin 18, 2017 3:58:13 AM org.apache.catalina.startup.TldConfig execute
INFOS: At least one JAR was scanned for TLDs yet contained no TLDs. Enable debug logging for this logger for a complete list of JARs that were scanned but no TLDs were found in them. Skipping unneeded JARs during scanning can improve startup time and JSP compilation time.
juin 18, 2017 3:58:13 AM org.apache.catalina.startup.HostConfig deployDirectory
INFOS: Deployment of web application directory C:\Users\alexandre devassine\Desktop\Vilnius\Projet\Project_Erasmus_2017\tomcat\webapps\erasmus has finished in 4 413 ms
juin 18, 2017 3:58:13 AM org.apache.catalina.startup.HostConfig deployDirectory
INFOS: Déploiement du répertoire C:\Users\alexandre devassine\Desktop\Vilnius\Projet\Project_Erasmus_2017\tomcat\webapps\host-manager de l'application web
juin 18, 2017 3:58:13 AM org.apache.catalina.startup.TldConfig execute
INFOS: At least one JAR was scanned for TLDs yet contained no TLDs. Enable debug logging for this logger for a complete list of JARs that were scanned but no TLDs were found in them. Skipping unneeded JARs during scanning can improve startup time and JSP compilation time.
juin 18, 2017 3:58:13 AM org.apache.catalina.startup.HostConfig deployDirectory
INFOS: Deployment of web application directory C:\Users\alexandre devassine\Desktop\Vilnius\Projet\Project_Erasmus_2017\tomcat\webapps\host-manager has finished in 353 ms
juin 18, 2017 3:58:13 AM org.apache.catalina.startup.HostConfig deployDirectory
INFOS: Déploiement du répertoire C:\Users\alexandre devassine\Desktop\Vilnius\Projet\Project_Erasmus_2017\tomcat\webapps\manager de l'application web
juin 18, 2017 3:58:14 AM org.apache.catalina.startup.TldConfig execute
INFOS: At least one JAR was scanned for TLDs yet contained no TLDs. Enable debug logging for this logger for a complete list of JARs that were scanned but no TLDs were found in them. Skipping unneeded JARs during scanning can improve startup time and JSP compilation time.
juin 18, 2017 3:58:14 AM org.apache.catalina.startup.HostConfig deployDirectory
INFOS: Deployment of web application directory C:\Users\alexandre devassine\Desktop\Vilnius\Projet\Project_Erasmus_2017\tomcat\webapps\manager has finished in 320 ms
juin 18, 2017 3:58:14 AM org.apache.catalina.startup.HostConfig deployDirectory
INFOS: Déploiement du répertoire C:\Users\alexandre devassine\Desktop\Vilnius\Projet\Project_Erasmus_2017\tomcat\webapps\ROOT de l'application web
juin 18, 2017 3:58:14 AM org.apache.catalina.startup.TldConfig execute
INFOS: At least one JAR was scanned for TLDs yet contained no TLDs. Enable debug logging for this logger for a complete list of JARs that were scanned but no TLDs were found in them. Skipping unneeded JARs during scanning can improve startup time and JSP compilation time.
juin 18, 2017 3:58:14 AM org.apache.catalina.startup.HostConfig deployDirectory
INFOS: Deployment of web application directory C:\Users\alexandre devassine\Desktop\Vilnius\Projet\Project_Erasmus_2017\tomcat\webapps\ROOT has finished in 196 ms
juin 18, 2017 3:58:14 AM org.apache.coyote.AbstractProtocol start
INFOS: Starting ProtocolHandler ["http-apr-8080"]
juin 18, 2017 3:58:14 AM org.apache.coyote.AbstractProtocol start
INFOS: Starting ProtocolHandler ["ajp-apr-8009"]
juin 18, 2017 3:58:14 AM org.apache.catalina.startup.Catalina start
INFOS: Server startup in 8103 ms
juin 18, 2017 7:45:36 AM org.apache.coyote.AbstractProtocol pause
INFOS: Pausing ProtocolHandler ["http-apr-8080"]
juin 18, 2017 7:45:36 AM org.apache.coyote.AbstractProtocol pause
INFOS: Pausing ProtocolHandler ["ajp-apr-8009"]
juin 18, 2017 7:45:36 AM org.apache.catalina.core.StandardService stopInternal
INFOS: Arrêt du service Catalina
juin 18, 2017 7:45:36 AM org.apache.catalina.loader.WebappClassLoaderBase clearReferencesJdbc
GRAVE: The web application [/erasmus] registered the JDBC driver [org.postgresql.Driver] but failed to unregister it when the web application was stopped. To prevent a memory leak, the JDBC Driver has been forcibly unregistered.
juin 18, 2017 7:45:36 AM org.apache.coyote.AbstractProtocol stop
INFOS: Stopping ProtocolHandler ["http-apr-8080"]
juin 18, 2017 7:45:36 AM org.apache.coyote.AbstractProtocol stop
INFOS: Stopping ProtocolHandler ["ajp-apr-8009"]
juin 18, 2017 7:45:36 AM org.apache.coyote.AbstractProtocol destroy
INFOS: Destroying ProtocolHandler ["http-apr-8080"]
juin 18, 2017 7:45:36 AM org.apache.coyote.AbstractProtocol destroy
INFOS: Destroying ProtocolHandler ["ajp-apr-8009"]
juin 18, 2017 7:45:44 AM org.apache.catalina.startup.Catalina stopServer
GRAVE: Could not contact localhost:8005. Tomcat may not be running.
juin 18, 2017 7:45:44 AM org.apache.catalina.startup.Catalina stopServer
GRAVE: Catalina.stop: 
java.net.ConnectException: Connection refused: connect
	at java.net.DualStackPlainSocketImpl.connect0(Native Method)
	at java.net.DualStackPlainSocketImpl.socketConnect(DualStackPlainSocketImpl.java:79)
	at java.net.AbstractPlainSocketImpl.doConnect(AbstractPlainSocketImpl.java:350)
	at java.net.AbstractPlainSocketImpl.connectToAddress(AbstractPlainSocketImpl.java:206)
	at java.net.AbstractPlainSocketImpl.connect(AbstractPlainSocketImpl.java:188)
	at java.net.PlainSocketImpl.connect(PlainSocketImpl.java:172)
	at java.net.SocksSocketImpl.connect(SocksSocketImpl.java:392)
	at java.net.Socket.connect(Socket.java:589)
	at java.net.Socket.connect(Socket.java:538)
	at java.net.Socket.<init>(Socket.java:434)
	at java.net.Socket.<init>(Socket.java:211)
	at org.apache.catalina.startup.Catalina.stopServer(Catalina.java:498)
	at sun.reflect.NativeMethodAccessorImpl.invoke0(Native Method)
	at sun.reflect.NativeMethodAccessorImpl.invoke(NativeMethodAccessorImpl.java:62)
	at sun.reflect.DelegatingMethodAccessorImpl.invoke(DelegatingMethodAccessorImpl.java:43)
	at java.lang.reflect.Method.invoke(Method.java:498)
	at org.apache.catalina.startup.Bootstrap.stopServer(Bootstrap.java:343)
	at org.apache.catalina.startup.Bootstrap.main(Bootstrap.java:430)

juin 18, 2017 8:09:36 AM org.apache.catalina.startup.VersionLoggerListener log
INFOS: Server version:        Apache Tomcat/7.0.77
juin 18, 2017 8:09:36 AM org.apache.catalina.startup.VersionLoggerListener log
INFOS: Server built:          Mar 28 2017 16:01:48 UTC
juin 18, 2017 8:09:36 AM org.apache.catalina.startup.VersionLoggerListener log
INFOS: Server number:         7.0.77.0
juin 18, 2017 8:09:36 AM org.apache.catalina.startup.VersionLoggerListener log
INFOS: OS Name:               Windows 10
juin 18, 2017 8:09:36 AM org.apache.catalina.startup.VersionLoggerListener log
INFOS: OS Version:            10.0
juin 18, 2017 8:09:36 AM org.apache.catalina.startup.VersionLoggerListener log
INFOS: Architecture:          amd64
juin 18, 2017 8:09:36 AM org.apache.catalina.startup.VersionLoggerListener log
INFOS: Java Home:             C:\Program Files\Java\jdk1.8.0_121\jre
juin 18, 2017 8:09:36 AM org.apache.catalina.startup.VersionLoggerListener log
INFOS: JVM Version:           1.8.0_121-b13
juin 18, 2017 8:09:36 AM org.apache.catalina.startup.VersionLoggerListener log
INFOS: JVM Vendor:            Oracle Corporation
juin 18, 2017 8:09:36 AM org.apache.catalina.startup.VersionLoggerListener log
INFOS: CATALINA_BASE:         C:\Users\alexandre devassine\Desktop\Vilnius\Projet\Project_Erasmus_2017\tomcat
juin 18, 2017 8:09:36 AM org.apache.catalina.startup.VersionLoggerListener log
INFOS: CATALINA_HOME:         C:\Users\alexandre devassine\Desktop\Vilnius\Projet\Project_Erasmus_2017\tomcat
juin 18, 2017 8:09:36 AM org.apache.catalina.startup.VersionLoggerListener log
INFOS: Command line argument: -Djava.util.logging.config.file=C:\Users\alexandre devassine\Desktop\Vilnius\Projet\Project_Erasmus_2017\tomcat\conf\logging.properties
juin 18, 2017 8:09:36 AM org.apache.catalina.startup.VersionLoggerListener log
INFOS: Command line argument: -Djava.util.logging.manager=org.apache.juli.ClassLoaderLogManager
juin 18, 2017 8:09:36 AM org.apache.catalina.startup.VersionLoggerListener log
INFOS: Command line argument: -Djdk.tls.ephemeralDHKeySize=2048
juin 18, 2017 8:09:36 AM org.apache.catalina.startup.VersionLoggerListener log
INFOS: Command line argument: -Djava.endorsed.dirs=C:\Users\alexandre devassine\Desktop\Vilnius\Projet\Project_Erasmus_2017\tomcat\endorsed
juin 18, 2017 8:09:36 AM org.apache.catalina.startup.VersionLoggerListener log
INFOS: Command line argument: -Dcatalina.base=C:\Users\alexandre devassine\Desktop\Vilnius\Projet\Project_Erasmus_2017\tomcat
juin 18, 2017 8:09:36 AM org.apache.catalina.startup.VersionLoggerListener log
INFOS: Command line argument: -Dcatalina.home=C:\Users\alexandre devassine\Desktop\Vilnius\Projet\Project_Erasmus_2017\tomcat
juin 18, 2017 8:09:36 AM org.apache.catalina.startup.VersionLoggerListener log
INFOS: Command line argument: -Djava.io.tmpdir=C:\Users\alexandre devassine\Desktop\Vilnius\Projet\Project_Erasmus_2017\tomcat\temp
juin 18, 2017 8:09:36 AM org.apache.catalina.core.AprLifecycleListener lifecycleEvent
INFOS: Loaded APR based Apache Tomcat Native library 1.2.12 using APR version 1.5.2.
juin 18, 2017 8:09:36 AM org.apache.catalina.core.AprLifecycleListener lifecycleEvent
INFOS: APR capabilities: IPv6 [true], sendfile [true], accept filters [false], random [true].
juin 18, 2017 8:09:37 AM org.apache.catalina.core.AprLifecycleListener initializeSSL
INFOS: OpenSSL successfully initialized (OpenSSL 1.0.2k  26 Jan 2017)
juin 18, 2017 8:09:38 AM org.apache.coyote.AbstractProtocol init
INFOS: Initializing ProtocolHandler ["http-apr-8080"]
juin 18, 2017 8:09:38 AM org.apache.coyote.AbstractProtocol init
INFOS: Initializing ProtocolHandler ["ajp-apr-8009"]
juin 18, 2017 8:09:38 AM org.apache.catalina.startup.Catalina load
INFOS: Initialization processed in 2749 ms
juin 18, 2017 8:09:38 AM org.apache.catalina.core.StandardService startInternal
INFOS: Démarrage du service Catalina
juin 18, 2017 8:09:38 AM org.apache.catalina.core.StandardEngine startInternal
INFOS: Starting Servlet Engine: Apache Tomcat/7.0.77
juin 18, 2017 8:09:38 AM org.apache.catalina.startup.HostConfig deployDirectory
INFOS: Déploiement du répertoire C:\Users\alexandre devassine\Desktop\Vilnius\Projet\Project_Erasmus_2017\tomcat\webapps\docs de l'application web
juin 18, 2017 8:09:39 AM org.apache.catalina.startup.TldConfig execute
INFOS: At least one JAR was scanned for TLDs yet contained no TLDs. Enable debug logging for this logger for a complete list of JARs that were scanned but no TLDs were found in them. Skipping unneeded JARs during scanning can improve startup time and JSP compilation time.
juin 18, 2017 8:09:39 AM org.apache.catalina.util.SessionIdGeneratorBase createSecureRandom
INFOS: Creation of SecureRandom instance for session ID generation using [SHA1PRNG] took [333] milliseconds.
juin 18, 2017 8:09:39 AM org.apache.catalina.startup.HostConfig deployDirectory
INFOS: Deployment of web application directory C:\Users\alexandre devassine\Desktop\Vilnius\Projet\Project_Erasmus_2017\tomcat\webapps\docs has finished in 1 264 ms
juin 18, 2017 8:09:39 AM org.apache.catalina.startup.HostConfig deployDirectory
INFOS: Déploiement du répertoire C:\Users\alexandre devassine\Desktop\Vilnius\Projet\Project_Erasmus_2017\tomcat\webapps\erasmus de l'application web
juin 18, 2017 8:09:42 AM org.apache.catalina.startup.TldConfig execute
INFOS: At least one JAR was scanned for TLDs yet contained no TLDs. Enable debug logging for this logger for a complete list of JARs that were scanned but no TLDs were found in them. Skipping unneeded JARs during scanning can improve startup time and JSP compilation time.
juin 18, 2017 8:09:43 AM org.apache.catalina.startup.HostConfig deployDirectory
INFOS: Deployment of web application directory C:\Users\alexandre devassine\Desktop\Vilnius\Projet\Project_Erasmus_2017\tomcat\webapps\erasmus has finished in 3 616 ms
juin 18, 2017 8:09:43 AM org.apache.catalina.startup.HostConfig deployDirectory
INFOS: Déploiement du répertoire C:\Users\alexandre devassine\Desktop\Vilnius\Projet\Project_Erasmus_2017\tomcat\webapps\host-manager de l'application web
juin 18, 2017 8:09:43 AM org.apache.catalina.startup.TldConfig execute
INFOS: At least one JAR was scanned for TLDs yet contained no TLDs. Enable debug logging for this logger for a complete list of JARs that were scanned but no TLDs were found in them. Skipping unneeded JARs during scanning can improve startup time and JSP compilation time.
juin 18, 2017 8:09:43 AM org.apache.catalina.startup.HostConfig deployDirectory
INFOS: Deployment of web application directory C:\Users\alexandre devassine\Desktop\Vilnius\Projet\Project_Erasmus_2017\tomcat\webapps\host-manager has finished in 257 ms
juin 18, 2017 8:09:43 AM org.apache.catalina.startup.HostConfig deployDirectory
INFOS: Déploiement du répertoire C:\Users\alexandre devassine\Desktop\Vilnius\Projet\Project_Erasmus_2017\tomcat\webapps\manager de l'application web
juin 18, 2017 8:09:43 AM org.apache.catalina.startup.TldConfig execute
INFOS: At least one JAR was scanned for TLDs yet contained no TLDs. Enable debug logging for this logger for a complete list of JARs that were scanned but no TLDs were found in them. Skipping unneeded JARs during scanning can improve startup time and JSP compilation time.
juin 18, 2017 8:09:43 AM org.apache.catalina.startup.HostConfig deployDirectory
INFOS: Deployment of web application directory C:\Users\alexandre devassine\Desktop\Vilnius\Projet\Project_Erasmus_2017\tomcat\webapps\manager has finished in 234 ms
juin 18, 2017 8:09:43 AM org.apache.catalina.startup.HostConfig deployDirectory
INFOS: Déploiement du répertoire C:\Users\alexandre devassine\Desktop\Vilnius\Projet\Project_Erasmus_2017\tomcat\webapps\ROOT de l'application web
juin 18, 2017 8:09:43 AM org.apache.catalina.startup.TldConfig execute
INFOS: At least one JAR was scanned for TLDs yet contained no TLDs. Enable debug logging for this logger for a complete list of JARs that were scanned but no TLDs were found in them. Skipping unneeded JARs during scanning can improve startup time and JSP compilation time.
juin 18, 2017 8:09:43 AM org.apache.catalina.startup.HostConfig deployDirectory
INFOS: Deployment of web application directory C:\Users\alexandre devassine\Desktop\Vilnius\Projet\Project_Erasmus_2017\tomcat\webapps\ROOT has finished in 173 ms
juin 18, 2017 8:09:43 AM org.apache.coyote.AbstractProtocol start
INFOS: Starting ProtocolHandler ["http-apr-8080"]
juin 18, 2017 8:09:43 AM org.apache.coyote.AbstractProtocol start
INFOS: Starting ProtocolHandler ["ajp-apr-8009"]
juin 18, 2017 8:09:43 AM org.apache.catalina.startup.Catalina start
INFOS: Server startup in 5728 ms
juin 18, 2017 8:16:47 AM org.apache.coyote.AbstractProtocol pause
INFOS: Pausing ProtocolHandler ["http-apr-8080"]
juin 18, 2017 8:16:47 AM org.apache.coyote.AbstractProtocol pause
INFOS: Pausing ProtocolHandler ["ajp-apr-8009"]
juin 18, 2017 8:16:47 AM org.apache.catalina.core.StandardService stopInternal
INFOS: Arrêt du service Catalina
juin 18, 2017 8:16:47 AM org.apache.catalina.loader.WebappClassLoaderBase clearReferencesJdbc
GRAVE: The web application [/erasmus] registered the JDBC driver [org.postgresql.Driver] but failed to unregister it when the web application was stopped. To prevent a memory leak, the JDBC Driver has been forcibly unregistered.
juin 18, 2017 8:16:47 AM org.apache.coyote.AbstractProtocol stop
INFOS: Stopping ProtocolHandler ["http-apr-8080"]
juin 18, 2017 8:16:48 AM org.apache.coyote.AbstractProtocol stop
INFOS: Stopping ProtocolHandler ["ajp-apr-8009"]
juin 18, 2017 8:16:48 AM org.apache.coyote.AbstractProtocol destroy
INFOS: Destroying ProtocolHandler ["http-apr-8080"]
juin 18, 2017 8:16:48 AM org.apache.coyote.AbstractProtocol destroy
INFOS: Destroying ProtocolHandler ["ajp-apr-8009"]
juin 18, 2017 8:17:48 AM org.apache.catalina.startup.VersionLoggerListener log
INFOS: Server version:        Apache Tomcat/7.0.77
juin 18, 2017 8:17:48 AM org.apache.catalina.startup.VersionLoggerListener log
INFOS: Server built:          Mar 28 2017 16:01:48 UTC
juin 18, 2017 8:17:48 AM org.apache.catalina.startup.VersionLoggerListener log
INFOS: Server number:         7.0.77.0
juin 18, 2017 8:17:48 AM org.apache.catalina.startup.VersionLoggerListener log
INFOS: OS Name:               Windows 10
juin 18, 2017 8:17:48 AM org.apache.catalina.startup.VersionLoggerListener log
INFOS: OS Version:            10.0
juin 18, 2017 8:17:48 AM org.apache.catalina.startup.VersionLoggerListener log
INFOS: Architecture:          amd64
juin 18, 2017 8:17:48 AM org.apache.catalina.startup.VersionLoggerListener log
INFOS: Java Home:             C:\Program Files\Java\jdk1.8.0_121\jre
juin 18, 2017 8:17:48 AM org.apache.catalina.startup.VersionLoggerListener log
INFOS: JVM Version:           1.8.0_121-b13
juin 18, 2017 8:17:48 AM org.apache.catalina.startup.VersionLoggerListener log
INFOS: JVM Vendor:            Oracle Corporation
juin 18, 2017 8:17:48 AM org.apache.catalina.startup.VersionLoggerListener log
INFOS: CATALINA_BASE:         C:\Users\alexandre devassine\Desktop\Vilnius\Projet\Project_Erasmus_2017\tomcat
juin 18, 2017 8:17:48 AM org.apache.catalina.startup.VersionLoggerListener log
INFOS: CATALINA_HOME:         C:\Users\alexandre devassine\Desktop\Vilnius\Projet\Project_Erasmus_2017\tomcat
juin 18, 2017 8:17:48 AM org.apache.catalina.startup.VersionLoggerListener log
INFOS: Command line argument: -Djava.util.logging.config.file=C:\Users\alexandre devassine\Desktop\Vilnius\Projet\Project_Erasmus_2017\tomcat\conf\logging.properties
juin 18, 2017 8:17:48 AM org.apache.catalina.startup.VersionLoggerListener log
INFOS: Command line argument: -Djava.util.logging.manager=org.apache.juli.ClassLoaderLogManager
juin 18, 2017 8:17:48 AM org.apache.catalina.startup.VersionLoggerListener log
INFOS: Command line argument: -Djdk.tls.ephemeralDHKeySize=2048
juin 18, 2017 8:17:48 AM org.apache.catalina.startup.VersionLoggerListener log
INFOS: Command line argument: -Djava.endorsed.dirs=C:\Users\alexandre devassine\Desktop\Vilnius\Projet\Project_Erasmus_2017\tomcat\endorsed
juin 18, 2017 8:17:48 AM org.apache.catalina.startup.VersionLoggerListener log
INFOS: Command line argument: -Dcatalina.base=C:\Users\alexandre devassine\Desktop\Vilnius\Projet\Project_Erasmus_2017\tomcat
juin 18, 2017 8:17:48 AM org.apache.catalina.startup.VersionLoggerListener log
INFOS: Command line argument: -Dcatalina.home=C:\Users\alexandre devassine\Desktop\Vilnius\Projet\Project_Erasmus_2017\tomcat
juin 18, 2017 8:17:48 AM org.apache.catalina.startup.VersionLoggerListener log
INFOS: Command line argument: -Djava.io.tmpdir=C:\Users\alexandre devassine\Desktop\Vilnius\Projet\Project_Erasmus_2017\tomcat\temp
juin 18, 2017 8:17:48 AM org.apache.catalina.core.AprLifecycleListener lifecycleEvent
INFOS: Loaded APR based Apache Tomcat Native library 1.2.12 using APR version 1.5.2.
juin 18, 2017 8:17:48 AM org.apache.catalina.core.AprLifecycleListener lifecycleEvent
INFOS: APR capabilities: IPv6 [true], sendfile [true], accept filters [false], random [true].
juin 18, 2017 8:17:49 AM org.apache.catalina.core.AprLifecycleListener initializeSSL
INFOS: OpenSSL successfully initialized (OpenSSL 1.0.2k  26 Jan 2017)
juin 18, 2017 8:17:49 AM org.apache.coyote.AbstractProtocol init
INFOS: Initializing ProtocolHandler ["http-apr-8080"]
juin 18, 2017 8:17:49 AM org.apache.coyote.AbstractProtocol init
INFOS: Initializing ProtocolHandler ["ajp-apr-8009"]
juin 18, 2017 8:17:49 AM org.apache.catalina.startup.Catalina load
INFOS: Initialization processed in 2052 ms
juin 18, 2017 8:17:49 AM org.apache.catalina.core.StandardService startInternal
INFOS: Démarrage du service Catalina
juin 18, 2017 8:17:49 AM org.apache.catalina.core.StandardEngine startInternal
INFOS: Starting Servlet Engine: Apache Tomcat/7.0.77
juin 18, 2017 8:17:49 AM org.apache.catalina.startup.HostConfig deployDirectory
INFOS: Déploiement du répertoire C:\Users\alexandre devassine\Desktop\Vilnius\Projet\Project_Erasmus_2017\tomcat\webapps\docs de l'application web
juin 18, 2017 8:17:50 AM org.apache.catalina.startup.TldConfig execute
INFOS: At least one JAR was scanned for TLDs yet contained no TLDs. Enable debug logging for this logger for a complete list of JARs that were scanned but no TLDs were found in them. Skipping unneeded JARs during scanning can improve startup time and JSP compilation time.
juin 18, 2017 8:17:50 AM org.apache.catalina.util.SessionIdGeneratorBase createSecureRandom
INFOS: Creation of SecureRandom instance for session ID generation using [SHA1PRNG] took [335] milliseconds.
juin 18, 2017 8:17:50 AM org.apache.catalina.startup.HostConfig deployDirectory
INFOS: Deployment of web application directory C:\Users\alexandre devassine\Desktop\Vilnius\Projet\Project_Erasmus_2017\tomcat\webapps\docs has finished in 1 192 ms
juin 18, 2017 8:17:50 AM org.apache.catalina.startup.HostConfig deployDirectory
INFOS: Déploiement du répertoire C:\Users\alexandre devassine\Desktop\Vilnius\Projet\Project_Erasmus_2017\tomcat\webapps\erasmus de l'application web
juin 18, 2017 8:17:51 AM org.apache.catalina.startup.TldConfig execute
INFOS: At least one JAR was scanned for TLDs yet contained no TLDs. Enable debug logging for this logger for a complete list of JARs that were scanned but no TLDs were found in them. Skipping unneeded JARs during scanning can improve startup time and JSP compilation time.
juin 18, 2017 8:17:52 AM org.apache.catalina.startup.HostConfig deployDirectory
INFOS: Deployment of web application directory C:\Users\alexandre devassine\Desktop\Vilnius\Projet\Project_Erasmus_2017\tomcat\webapps\erasmus has finished in 1 349 ms
juin 18, 2017 8:17:52 AM org.apache.catalina.startup.HostConfig deployDirectory
INFOS: Déploiement du répertoire C:\Users\alexandre devassine\Desktop\Vilnius\Projet\Project_Erasmus_2017\tomcat\webapps\host-manager de l'application web
juin 18, 2017 8:17:52 AM org.apache.catalina.startup.TldConfig execute
INFOS: At least one JAR was scanned for TLDs yet contained no TLDs. Enable debug logging for this logger for a complete list of JARs that were scanned but no TLDs were found in them. Skipping unneeded JARs during scanning can improve startup time and JSP compilation time.
juin 18, 2017 8:17:52 AM org.apache.catalina.startup.HostConfig deployDirectory
INFOS: Deployment of web application directory C:\Users\alexandre devassine\Desktop\Vilnius\Projet\Project_Erasmus_2017\tomcat\webapps\host-manager has finished in 283 ms
juin 18, 2017 8:17:52 AM org.apache.catalina.startup.HostConfig deployDirectory
INFOS: Déploiement du répertoire C:\Users\alexandre devassine\Desktop\Vilnius\Projet\Project_Erasmus_2017\tomcat\webapps\manager de l'application web
juin 18, 2017 8:17:52 AM org.apache.catalina.startup.TldConfig execute
INFOS: At least one JAR was scanned for TLDs yet contained no TLDs. Enable debug logging for this logger for a complete list of JARs that were scanned but no TLDs were found in them. Skipping unneeded JARs during scanning can improve startup time and JSP compilation time.
juin 18, 2017 8:17:52 AM org.apache.catalina.startup.HostConfig deployDirectory
INFOS: Deployment of web application directory C:\Users\alexandre devassine\Desktop\Vilnius\Projet\Project_Erasmus_2017\tomcat\webapps\manager has finished in 375 ms
juin 18, 2017 8:17:52 AM org.apache.catalina.startup.HostConfig deployDirectory
INFOS: Déploiement du répertoire C:\Users\alexandre devassine\Desktop\Vilnius\Projet\Project_Erasmus_2017\tomcat\webapps\ROOT de l'application web
juin 18, 2017 8:17:53 AM org.apache.catalina.startup.TldConfig execute
INFOS: At least one JAR was scanned for TLDs yet contained no TLDs. Enable debug logging for this logger for a complete list of JARs that were scanned but no TLDs were found in them. Skipping unneeded JARs during scanning can improve startup time and JSP compilation time.
juin 18, 2017 8:17:53 AM org.apache.catalina.startup.HostConfig deployDirectory
INFOS: Deployment of web application directory C:\Users\alexandre devassine\Desktop\Vilnius\Projet\Project_Erasmus_2017\tomcat\webapps\ROOT has finished in 210 ms
juin 18, 2017 8:17:53 AM org.apache.coyote.AbstractProtocol start
INFOS: Starting ProtocolHandler ["http-apr-8080"]
juin 18, 2017 8:17:53 AM org.apache.coyote.AbstractProtocol start
INFOS: Starting ProtocolHandler ["ajp-apr-8009"]
juin 18, 2017 8:17:53 AM org.apache.catalina.startup.Catalina start
INFOS: Server startup in 3576 ms
juin 18, 2017 8:18:48 AM org.apache.coyote.AbstractProtocol pause
INFOS: Pausing ProtocolHandler ["http-apr-8080"]
juin 18, 2017 8:18:48 AM org.apache.coyote.AbstractProtocol pause
INFOS: Pausing ProtocolHandler ["ajp-apr-8009"]
juin 18, 2017 8:18:48 AM org.apache.catalina.core.StandardService stopInternal
INFOS: Arrêt du service Catalina
juin 18, 2017 8:18:48 AM org.apache.catalina.loader.WebappClassLoaderBase clearReferencesJdbc
GRAVE: The web application [/erasmus] registered the JDBC driver [org.postgresql.Driver] but failed to unregister it when the web application was stopped. To prevent a memory leak, the JDBC Driver has been forcibly unregistered.
juin 18, 2017 8:18:48 AM org.apache.coyote.AbstractProtocol stop
INFOS: Stopping ProtocolHandler ["http-apr-8080"]
juin 18, 2017 8:18:48 AM org.apache.coyote.AbstractProtocol stop
INFOS: Stopping ProtocolHandler ["ajp-apr-8009"]
juin 18, 2017 8:18:48 AM org.apache.coyote.AbstractProtocol destroy
INFOS: Destroying ProtocolHandler ["http-apr-8080"]
juin 18, 2017 8:18:48 AM org.apache.coyote.AbstractProtocol destroy
INFOS: Destroying ProtocolHandler ["ajp-apr-8009"]
juin 18, 2017 8:18:53 AM org.apache.catalina.startup.Catalina stopServer
GRAVE: Could not contact localhost:8005. Tomcat may not be running.
juin 18, 2017 8:18:53 AM org.apache.catalina.startup.Catalina stopServer
GRAVE: Catalina.stop: 
java.net.ConnectException: Connection refused: connect
	at java.net.DualStackPlainSocketImpl.connect0(Native Method)
	at java.net.DualStackPlainSocketImpl.socketConnect(DualStackPlainSocketImpl.java:79)
	at java.net.AbstractPlainSocketImpl.doConnect(AbstractPlainSocketImpl.java:350)
	at java.net.AbstractPlainSocketImpl.connectToAddress(AbstractPlainSocketImpl.java:206)
	at java.net.AbstractPlainSocketImpl.connect(AbstractPlainSocketImpl.java:188)
	at java.net.PlainSocketImpl.connect(PlainSocketImpl.java:172)
	at java.net.SocksSocketImpl.connect(SocksSocketImpl.java:392)
	at java.net.Socket.connect(Socket.java:589)
	at java.net.Socket.connect(Socket.java:538)
	at java.net.Socket.<init>(Socket.java:434)
	at java.net.Socket.<init>(Socket.java:211)
	at org.apache.catalina.startup.Catalina.stopServer(Catalina.java:498)
	at sun.reflect.NativeMethodAccessorImpl.invoke0(Native Method)
	at sun.reflect.NativeMethodAccessorImpl.invoke(NativeMethodAccessorImpl.java:62)
	at sun.reflect.DelegatingMethodAccessorImpl.invoke(DelegatingMethodAccessorImpl.java:43)
	at java.lang.reflect.Method.invoke(Method.java:498)
	at org.apache.catalina.startup.Bootstrap.stopServer(Bootstrap.java:343)
	at org.apache.catalina.startup.Bootstrap.main(Bootstrap.java:430)

