mai 29, 2017 4:37:50 AM org.apache.catalina.startup.VersionLoggerListener log
INFOS: Server version:        Apache Tomcat/7.0.77
mai 29, 2017 4:37:50 AM org.apache.catalina.startup.VersionLoggerListener log
INFOS: Server built:          Mar 28 2017 16:01:48 UTC
mai 29, 2017 4:37:50 AM org.apache.catalina.startup.VersionLoggerListener log
INFOS: Server number:         7.0.77.0
mai 29, 2017 4:37:50 AM org.apache.catalina.startup.VersionLoggerListener log
INFOS: OS Name:               Windows 10
mai 29, 2017 4:37:50 AM org.apache.catalina.startup.VersionLoggerListener log
INFOS: OS Version:            10.0
mai 29, 2017 4:37:50 AM org.apache.catalina.startup.VersionLoggerListener log
INFOS: Architecture:          amd64
mai 29, 2017 4:37:50 AM org.apache.catalina.startup.VersionLoggerListener log
INFOS: Java Home:             C:\Program Files\Java\jdk1.8.0_121\jre
mai 29, 2017 4:37:50 AM org.apache.catalina.startup.VersionLoggerListener log
INFOS: JVM Version:           1.8.0_121-b13
mai 29, 2017 4:37:50 AM org.apache.catalina.startup.VersionLoggerListener log
INFOS: JVM Vendor:            Oracle Corporation
mai 29, 2017 4:37:50 AM org.apache.catalina.startup.VersionLoggerListener log
INFOS: CATALINA_BASE:         C:\Users\alexandre devassine\Desktop\Vilnius\Projet\Project_Erasmus_2017\tomcat
mai 29, 2017 4:37:50 AM org.apache.catalina.startup.VersionLoggerListener log
INFOS: CATALINA_HOME:         C:\Users\alexandre devassine\Desktop\Vilnius\Projet\Project_Erasmus_2017\tomcat
mai 29, 2017 4:37:50 AM org.apache.catalina.startup.VersionLoggerListener log
INFOS: Command line argument: -Djava.util.logging.config.file=C:\Users\alexandre devassine\Desktop\Vilnius\Projet\Project_Erasmus_2017\tomcat\conf\logging.properties
mai 29, 2017 4:37:50 AM org.apache.catalina.startup.VersionLoggerListener log
INFOS: Command line argument: -Djava.util.logging.manager=org.apache.juli.ClassLoaderLogManager
mai 29, 2017 4:37:50 AM org.apache.catalina.startup.VersionLoggerListener log
INFOS: Command line argument: -Djdk.tls.ephemeralDHKeySize=2048
mai 29, 2017 4:37:50 AM org.apache.catalina.startup.VersionLoggerListener log
INFOS: Command line argument: -Djava.endorsed.dirs=C:\Users\alexandre devassine\Desktop\Vilnius\Projet\Project_Erasmus_2017\tomcat\endorsed
mai 29, 2017 4:37:50 AM org.apache.catalina.startup.VersionLoggerListener log
INFOS: Command line argument: -Dcatalina.base=C:\Users\alexandre devassine\Desktop\Vilnius\Projet\Project_Erasmus_2017\tomcat
mai 29, 2017 4:37:50 AM org.apache.catalina.startup.VersionLoggerListener log
INFOS: Command line argument: -Dcatalina.home=C:\Users\alexandre devassine\Desktop\Vilnius\Projet\Project_Erasmus_2017\tomcat
mai 29, 2017 4:37:50 AM org.apache.catalina.startup.VersionLoggerListener log
INFOS: Command line argument: -Djava.io.tmpdir=C:\Users\alexandre devassine\Desktop\Vilnius\Projet\Project_Erasmus_2017\tomcat\temp
mai 29, 2017 4:37:50 AM org.apache.catalina.core.AprLifecycleListener lifecycleEvent
INFOS: Loaded APR based Apache Tomcat Native library 1.2.12 using APR version 1.5.2.
mai 29, 2017 4:37:50 AM org.apache.catalina.core.AprLifecycleListener lifecycleEvent
INFOS: APR capabilities: IPv6 [true], sendfile [true], accept filters [false], random [true].
mai 29, 2017 4:37:51 AM org.apache.catalina.core.AprLifecycleListener initializeSSL
INFOS: OpenSSL successfully initialized (OpenSSL 1.0.2k  26 Jan 2017)
mai 29, 2017 4:37:53 AM org.apache.coyote.AbstractProtocol init
INFOS: Initializing ProtocolHandler ["http-apr-8080"]
mai 29, 2017 4:37:53 AM org.apache.coyote.AbstractProtocol init
INFOS: Initializing ProtocolHandler ["ajp-apr-8009"]
mai 29, 2017 4:37:53 AM org.apache.catalina.startup.Catalina load
INFOS: Initialization processed in 4963 ms
mai 29, 2017 4:37:53 AM org.apache.catalina.core.StandardService startInternal
INFOS: Démarrage du service Catalina
mai 29, 2017 4:37:53 AM org.apache.catalina.core.StandardEngine startInternal
INFOS: Starting Servlet Engine: Apache Tomcat/7.0.77
mai 29, 2017 4:37:53 AM org.apache.catalina.startup.HostConfig deployDirectory
INFOS: Déploiement du répertoire C:\Users\alexandre devassine\Desktop\Vilnius\Projet\Project_Erasmus_2017\tomcat\webapps\docs de l'application web
mai 29, 2017 4:37:54 AM org.apache.catalina.startup.TldConfig execute
INFOS: At least one JAR was scanned for TLDs yet contained no TLDs. Enable debug logging for this logger for a complete list of JARs that were scanned but no TLDs were found in them. Skipping unneeded JARs during scanning can improve startup time and JSP compilation time.
mai 29, 2017 4:37:54 AM org.apache.catalina.util.SessionIdGeneratorBase createSecureRandom
INFOS: Creation of SecureRandom instance for session ID generation using [SHA1PRNG] took [282] milliseconds.
mai 29, 2017 4:37:54 AM org.apache.catalina.startup.HostConfig deployDirectory
INFOS: Deployment of web application directory C:\Users\alexandre devassine\Desktop\Vilnius\Projet\Project_Erasmus_2017\tomcat\webapps\docs has finished in 1 516 ms
mai 29, 2017 4:37:54 AM org.apache.catalina.startup.HostConfig deployDirectory
INFOS: Déploiement du répertoire C:\Users\alexandre devassine\Desktop\Vilnius\Projet\Project_Erasmus_2017\tomcat\webapps\erasmus de l'application web
mai 29, 2017 4:37:56 AM org.apache.catalina.startup.TldConfig execute
INFOS: At least one JAR was scanned for TLDs yet contained no TLDs. Enable debug logging for this logger for a complete list of JARs that were scanned but no TLDs were found in them. Skipping unneeded JARs during scanning can improve startup time and JSP compilation time.
mai 29, 2017 4:37:57 AM org.apache.catalina.startup.HostConfig deployDirectory
INFOS: Deployment of web application directory C:\Users\alexandre devassine\Desktop\Vilnius\Projet\Project_Erasmus_2017\tomcat\webapps\erasmus has finished in 2 391 ms
mai 29, 2017 4:37:57 AM org.apache.catalina.startup.HostConfig deployDirectory
INFOS: Déploiement du répertoire C:\Users\alexandre devassine\Desktop\Vilnius\Projet\Project_Erasmus_2017\tomcat\webapps\host-manager de l'application web
mai 29, 2017 4:37:57 AM org.apache.catalina.startup.TldConfig execute
INFOS: At least one JAR was scanned for TLDs yet contained no TLDs. Enable debug logging for this logger for a complete list of JARs that were scanned but no TLDs were found in them. Skipping unneeded JARs during scanning can improve startup time and JSP compilation time.
mai 29, 2017 4:37:57 AM org.apache.catalina.startup.HostConfig deployDirectory
INFOS: Deployment of web application directory C:\Users\alexandre devassine\Desktop\Vilnius\Projet\Project_Erasmus_2017\tomcat\webapps\host-manager has finished in 188 ms
mai 29, 2017 4:37:57 AM org.apache.catalina.startup.HostConfig deployDirectory
INFOS: Déploiement du répertoire C:\Users\alexandre devassine\Desktop\Vilnius\Projet\Project_Erasmus_2017\tomcat\webapps\manager de l'application web
mai 29, 2017 4:37:57 AM org.apache.catalina.startup.TldConfig execute
INFOS: At least one JAR was scanned for TLDs yet contained no TLDs. Enable debug logging for this logger for a complete list of JARs that were scanned but no TLDs were found in them. Skipping unneeded JARs during scanning can improve startup time and JSP compilation time.
mai 29, 2017 4:37:57 AM org.apache.catalina.startup.HostConfig deployDirectory
INFOS: Deployment of web application directory C:\Users\alexandre devassine\Desktop\Vilnius\Projet\Project_Erasmus_2017\tomcat\webapps\manager has finished in 250 ms
mai 29, 2017 4:37:57 AM org.apache.catalina.startup.HostConfig deployDirectory
INFOS: Déploiement du répertoire C:\Users\alexandre devassine\Desktop\Vilnius\Projet\Project_Erasmus_2017\tomcat\webapps\ROOT de l'application web
mai 29, 2017 4:37:57 AM org.apache.catalina.startup.TldConfig execute
INFOS: At least one JAR was scanned for TLDs yet contained no TLDs. Enable debug logging for this logger for a complete list of JARs that were scanned but no TLDs were found in them. Skipping unneeded JARs during scanning can improve startup time and JSP compilation time.
mai 29, 2017 4:37:57 AM org.apache.catalina.startup.HostConfig deployDirectory
INFOS: Deployment of web application directory C:\Users\alexandre devassine\Desktop\Vilnius\Projet\Project_Erasmus_2017\tomcat\webapps\ROOT has finished in 156 ms
mai 29, 2017 4:37:57 AM org.apache.coyote.AbstractProtocol start
INFOS: Starting ProtocolHandler ["http-apr-8080"]
mai 29, 2017 4:37:57 AM org.apache.coyote.AbstractProtocol start
INFOS: Starting ProtocolHandler ["ajp-apr-8009"]
mai 29, 2017 4:37:57 AM org.apache.catalina.startup.Catalina start
INFOS: Server startup in 4759 ms
mai 29, 2017 4:44:50 AM org.apache.coyote.AbstractProtocol pause
INFOS: Pausing ProtocolHandler ["http-apr-8080"]
mai 29, 2017 4:44:50 AM org.apache.coyote.AbstractProtocol pause
INFOS: Pausing ProtocolHandler ["ajp-apr-8009"]
mai 29, 2017 4:44:50 AM org.apache.catalina.core.StandardService stopInternal
INFOS: Arrêt du service Catalina
mai 29, 2017 4:44:50 AM org.apache.coyote.AbstractProtocol stop
INFOS: Stopping ProtocolHandler ["http-apr-8080"]
mai 29, 2017 4:44:50 AM org.apache.coyote.AbstractProtocol stop
INFOS: Stopping ProtocolHandler ["ajp-apr-8009"]
mai 29, 2017 4:44:50 AM org.apache.coyote.AbstractProtocol destroy
INFOS: Destroying ProtocolHandler ["http-apr-8080"]
mai 29, 2017 4:44:50 AM org.apache.coyote.AbstractProtocol destroy
INFOS: Destroying ProtocolHandler ["ajp-apr-8009"]
