mai 24, 2017 1:41:26 AM org.apache.coyote.AbstractProtocol pause
INFOS: Pausing ProtocolHandler ["http-apr-8080"]
mai 24, 2017 1:41:26 AM org.apache.coyote.AbstractProtocol pause
INFOS: Pausing ProtocolHandler ["ajp-apr-8009"]
mai 24, 2017 1:41:26 AM org.apache.catalina.core.StandardService stopInternal
INFOS: Arrêt du service Catalina
mai 24, 2017 1:41:26 AM org.apache.catalina.loader.WebappClassLoaderBase clearReferencesJdbc
GRAVE: The web application [/erasmus] registered the JDBC driver [org.postgresql.Driver] but failed to unregister it when the web application was stopped. To prevent a memory leak, the JDBC Driver has been forcibly unregistered.
mai 24, 2017 1:41:26 AM org.apache.coyote.AbstractProtocol stop
INFOS: Stopping ProtocolHandler ["http-apr-8080"]
mai 24, 2017 1:41:26 AM org.apache.coyote.AbstractProtocol stop
INFOS: Stopping ProtocolHandler ["ajp-apr-8009"]
mai 24, 2017 1:41:26 AM org.apache.coyote.AbstractProtocol destroy
INFOS: Destroying ProtocolHandler ["http-apr-8080"]
mai 24, 2017 1:41:26 AM org.apache.coyote.AbstractProtocol destroy
INFOS: Destroying ProtocolHandler ["ajp-apr-8009"]
mai 24, 2017 1:41:41 AM org.apache.catalina.startup.Catalina stopServer
GRAVE: Could not contact localhost:8005. Tomcat may not be running.
mai 24, 2017 1:41:41 AM org.apache.catalina.startup.Catalina stopServer
GRAVE: Catalina.stop: 
java.net.ConnectException: Connection refused: connect
	at java.net.DualStackPlainSocketImpl.connect0(Native Method)
	at java.net.DualStackPlainSocketImpl.socketConnect(DualStackPlainSocketImpl.java:79)
	at java.net.AbstractPlainSocketImpl.doConnect(AbstractPlainSocketImpl.java:350)
	at java.net.AbstractPlainSocketImpl.connectToAddress(AbstractPlainSocketImpl.java:206)
	at java.net.AbstractPlainSocketImpl.connect(AbstractPlainSocketImpl.java:188)
	at java.net.PlainSocketImpl.connect(PlainSocketImpl.java:172)
	at java.net.SocksSocketImpl.connect(SocksSocketImpl.java:392)
	at java.net.Socket.connect(Socket.java:589)
	at java.net.Socket.connect(Socket.java:538)
	at java.net.Socket.<init>(Socket.java:434)
	at java.net.Socket.<init>(Socket.java:211)
	at org.apache.catalina.startup.Catalina.stopServer(Catalina.java:498)
	at sun.reflect.NativeMethodAccessorImpl.invoke0(Native Method)
	at sun.reflect.NativeMethodAccessorImpl.invoke(NativeMethodAccessorImpl.java:62)
	at sun.reflect.DelegatingMethodAccessorImpl.invoke(DelegatingMethodAccessorImpl.java:43)
	at java.lang.reflect.Method.invoke(Method.java:498)
	at org.apache.catalina.startup.Bootstrap.stopServer(Bootstrap.java:343)
	at org.apache.catalina.startup.Bootstrap.main(Bootstrap.java:430)

