mai 11, 2017 11:19:52 PM org.apache.catalina.core.ApplicationContext log
INFOS: ContextListener: contextInitialized()
mai 11, 2017 11:19:52 PM org.apache.catalina.core.ApplicationContext log
INFOS: SessionListener: contextInitialized()
mai 11, 2017 11:19:52 PM org.apache.catalina.core.StandardContext listenerStart
GRAVE: Exception lors de l'envoi de l'évènement contexte initialisé (context initialized) à l'instance de classe d'écoute (listener) websocket.drawboard.DrawboardContextListener
java.lang.AbstractMethodError
	at org.apache.catalina.core.StandardContext.listenerStart(StandardContext.java:5118)
	at org.apache.catalina.core.StandardContext.startInternal(StandardContext.java:5634)
	at org.apache.catalina.util.LifecycleBase.start(LifecycleBase.java:145)
	at org.apache.catalina.core.ContainerBase.addChildInternal(ContainerBase.java:899)
	at org.apache.catalina.core.ContainerBase.addChild(ContainerBase.java:875)
	at org.apache.catalina.core.StandardHost.addChild(StandardHost.java:652)
	at org.apache.catalina.startup.HostConfig.deployDirectory(HostConfig.java:1260)
	at org.apache.catalina.startup.HostConfig$DeployDirectory.run(HostConfig.java:2002)
	at java.util.concurrent.Executors$RunnableAdapter.call(Executors.java:511)
	at java.util.concurrent.FutureTask.run(FutureTask.java:266)
	at java.util.concurrent.ThreadPoolExecutor.runWorker(ThreadPoolExecutor.java:1142)
	at java.util.concurrent.ThreadPoolExecutor$Worker.run(ThreadPoolExecutor.java:617)
	at java.lang.Thread.run(Thread.java:745)

mai 11, 2017 11:19:52 PM org.apache.catalina.core.ApplicationContext log
INFOS: SessionListener: contextDestroyed()
mai 11, 2017 11:19:52 PM org.apache.catalina.core.ApplicationContext log
INFOS: ContextListener: contextDestroyed()
mai 11, 2017 11:19:53 PM org.apache.catalina.core.ApplicationContext log
INFOS: ContextListener: contextInitialized()
mai 11, 2017 11:19:53 PM org.apache.catalina.core.ApplicationContext log
INFOS: SessionListener: contextInitialized()
mai 11, 2017 11:19:53 PM org.apache.catalina.core.ApplicationContext log
INFOS: ContextListener: attributeAdded('org.apache.jasper.compiler.TldLocationsCache', 'org.apache.jasper.compiler.TldLocationsCache@38937d06')
mai 11, 2017 11:41:42 PM org.apache.catalina.core.ApplicationContext log
INFOS: ContextListener: contextInitialized()
mai 11, 2017 11:41:42 PM org.apache.catalina.core.ApplicationContext log
INFOS: SessionListener: contextInitialized()
mai 11, 2017 11:41:42 PM org.apache.catalina.core.StandardContext listenerStart
GRAVE: Exception lors de l'envoi de l'évènement contexte initialisé (context initialized) à l'instance de classe d'écoute (listener) websocket.drawboard.DrawboardContextListener
java.lang.AbstractMethodError
	at org.apache.catalina.core.StandardContext.listenerStart(StandardContext.java:5118)
	at org.apache.catalina.core.StandardContext.startInternal(StandardContext.java:5634)
	at org.apache.catalina.util.LifecycleBase.start(LifecycleBase.java:145)
	at org.apache.catalina.core.ContainerBase.addChildInternal(ContainerBase.java:899)
	at org.apache.catalina.core.ContainerBase.addChild(ContainerBase.java:875)
	at org.apache.catalina.core.StandardHost.addChild(StandardHost.java:652)
	at org.apache.catalina.startup.HostConfig.deployDirectory(HostConfig.java:1260)
	at org.apache.catalina.startup.HostConfig$DeployDirectory.run(HostConfig.java:2002)
	at java.util.concurrent.Executors$RunnableAdapter.call(Executors.java:511)
	at java.util.concurrent.FutureTask.run(FutureTask.java:266)
	at java.util.concurrent.ThreadPoolExecutor.runWorker(ThreadPoolExecutor.java:1142)
	at java.util.concurrent.ThreadPoolExecutor$Worker.run(ThreadPoolExecutor.java:617)
	at java.lang.Thread.run(Thread.java:745)

mai 11, 2017 11:41:42 PM org.apache.catalina.core.ApplicationContext log
INFOS: SessionListener: contextDestroyed()
mai 11, 2017 11:41:42 PM org.apache.catalina.core.ApplicationContext log
INFOS: ContextListener: contextDestroyed()
mai 11, 2017 11:41:43 PM org.apache.catalina.core.ApplicationContext log
INFOS: ContextListener: contextInitialized()
mai 11, 2017 11:41:43 PM org.apache.catalina.core.ApplicationContext log
INFOS: SessionListener: contextInitialized()
mai 11, 2017 11:41:43 PM org.apache.catalina.core.ApplicationContext log
INFOS: ContextListener: attributeAdded('org.apache.jasper.compiler.TldLocationsCache', 'org.apache.jasper.compiler.TldLocationsCache@4ca474f7')
mai 11, 2017 11:45:04 PM org.apache.catalina.core.ApplicationContext log
INFOS: ContextListener: contextInitialized()
mai 11, 2017 11:45:04 PM org.apache.catalina.core.ApplicationContext log
INFOS: SessionListener: contextInitialized()
mai 11, 2017 11:45:04 PM org.apache.catalina.core.StandardContext listenerStart
GRAVE: Exception lors de l'envoi de l'évènement contexte initialisé (context initialized) à l'instance de classe d'écoute (listener) websocket.drawboard.DrawboardContextListener
java.lang.AbstractMethodError
	at org.apache.catalina.core.StandardContext.listenerStart(StandardContext.java:5118)
	at org.apache.catalina.core.StandardContext.startInternal(StandardContext.java:5634)
	at org.apache.catalina.util.LifecycleBase.start(LifecycleBase.java:145)
	at org.apache.catalina.core.ContainerBase.addChildInternal(ContainerBase.java:899)
	at org.apache.catalina.core.ContainerBase.addChild(ContainerBase.java:875)
	at org.apache.catalina.core.StandardHost.addChild(StandardHost.java:652)
	at org.apache.catalina.startup.HostConfig.deployDirectory(HostConfig.java:1260)
	at org.apache.catalina.startup.HostConfig$DeployDirectory.run(HostConfig.java:2002)
	at java.util.concurrent.Executors$RunnableAdapter.call(Executors.java:511)
	at java.util.concurrent.FutureTask.run(FutureTask.java:266)
	at java.util.concurrent.ThreadPoolExecutor.runWorker(ThreadPoolExecutor.java:1142)
	at java.util.concurrent.ThreadPoolExecutor$Worker.run(ThreadPoolExecutor.java:617)
	at java.lang.Thread.run(Thread.java:745)

mai 11, 2017 11:45:04 PM org.apache.catalina.core.ApplicationContext log
INFOS: SessionListener: contextDestroyed()
mai 11, 2017 11:45:04 PM org.apache.catalina.core.ApplicationContext log
INFOS: ContextListener: contextDestroyed()
mai 11, 2017 11:45:04 PM org.apache.catalina.core.ApplicationContext log
INFOS: ContextListener: contextInitialized()
mai 11, 2017 11:45:04 PM org.apache.catalina.core.ApplicationContext log
INFOS: SessionListener: contextInitialized()
mai 11, 2017 11:45:04 PM org.apache.catalina.core.ApplicationContext log
INFOS: ContextListener: attributeAdded('org.apache.jasper.compiler.TldLocationsCache', 'org.apache.jasper.compiler.TldLocationsCache@595f5474')
mai 11, 2017 11:47:01 PM org.apache.catalina.core.ApplicationContext log
INFOS: SessionListener: contextDestroyed()
mai 11, 2017 11:47:01 PM org.apache.catalina.core.ApplicationContext log
INFOS: ContextListener: contextDestroyed()
mai 11, 2017 11:49:49 PM org.apache.catalina.core.ApplicationContext log
INFOS: ContextListener: contextInitialized()
mai 11, 2017 11:49:49 PM org.apache.catalina.core.ApplicationContext log
INFOS: SessionListener: contextInitialized()
mai 11, 2017 11:49:49 PM org.apache.catalina.core.ApplicationContext log
INFOS: ContextListener: attributeAdded('org.apache.jasper.compiler.TldLocationsCache', 'org.apache.jasper.compiler.TldLocationsCache@322d776d')
mai 11, 2017 11:49:49 PM org.apache.catalina.core.ApplicationContext log
INFOS: ContextListener: contextInitialized()
mai 11, 2017 11:49:49 PM org.apache.catalina.core.ApplicationContext log
INFOS: SessionListener: contextInitialized()
mai 11, 2017 11:49:49 PM org.apache.catalina.core.StandardContext listenerStart
GRAVE: Exception lors de l'envoi de l'évènement contexte initialisé (context initialized) à l'instance de classe d'écoute (listener) websocket.drawboard.DrawboardContextListener
java.lang.AbstractMethodError
	at org.apache.catalina.core.StandardContext.listenerStart(StandardContext.java:5118)
	at org.apache.catalina.core.StandardContext.startInternal(StandardContext.java:5634)
	at org.apache.catalina.util.LifecycleBase.start(LifecycleBase.java:145)
	at org.apache.catalina.core.ContainerBase.addChildInternal(ContainerBase.java:899)
	at org.apache.catalina.core.ContainerBase.addChild(ContainerBase.java:875)
	at org.apache.catalina.core.StandardHost.addChild(StandardHost.java:652)
	at org.apache.catalina.startup.HostConfig.deployDirectory(HostConfig.java:1260)
	at org.apache.catalina.startup.HostConfig$DeployDirectory.run(HostConfig.java:2002)
	at java.util.concurrent.Executors$RunnableAdapter.call(Executors.java:511)
	at java.util.concurrent.FutureTask.run(FutureTask.java:266)
	at java.util.concurrent.ThreadPoolExecutor.runWorker(ThreadPoolExecutor.java:1142)
	at java.util.concurrent.ThreadPoolExecutor$Worker.run(ThreadPoolExecutor.java:617)
	at java.lang.Thread.run(Thread.java:745)

mai 11, 2017 11:49:49 PM org.apache.catalina.core.ApplicationContext log
INFOS: SessionListener: contextDestroyed()
mai 11, 2017 11:49:49 PM org.apache.catalina.core.ApplicationContext log
INFOS: ContextListener: contextDestroyed()
mai 11, 2017 11:49:49 PM org.apache.catalina.core.ApplicationContext log
INFOS: ContextListener: contextInitialized()
mai 11, 2017 11:49:49 PM org.apache.catalina.core.ApplicationContext log
INFOS: SessionListener: contextInitialized()
mai 11, 2017 11:49:49 PM org.apache.catalina.core.ApplicationContext log
INFOS: ContextListener: attributeAdded('org.apache.jasper.compiler.TldLocationsCache', 'org.apache.jasper.compiler.TldLocationsCache@37ba4e7c')
mai 11, 2017 11:52:58 PM org.apache.catalina.core.ApplicationContext log
INFOS: ContextListener: contextInitialized()
mai 11, 2017 11:52:58 PM org.apache.catalina.core.ApplicationContext log
INFOS: SessionListener: contextInitialized()
mai 11, 2017 11:52:58 PM org.apache.catalina.core.ApplicationContext log
INFOS: ContextListener: attributeAdded('org.apache.jasper.compiler.TldLocationsCache', 'org.apache.jasper.compiler.TldLocationsCache@322d776d')
mai 11, 2017 11:52:59 PM org.apache.catalina.core.ApplicationContext log
INFOS: ContextListener: contextInitialized()
mai 11, 2017 11:52:59 PM org.apache.catalina.core.ApplicationContext log
INFOS: SessionListener: contextInitialized()
mai 11, 2017 11:52:59 PM org.apache.catalina.core.ApplicationContext log
INFOS: ContextListener: attributeAdded('org.apache.jasper.compiler.TldLocationsCache', 'org.apache.jasper.compiler.TldLocationsCache@62956865')
