mai 19, 2017 3:51:06 PM org.apache.catalina.core.ApplicationContext log
INFOS: ContextListener: contextInitialized()
mai 19, 2017 3:51:06 PM org.apache.catalina.core.ApplicationContext log
INFOS: SessionListener: contextInitialized()
mai 19, 2017 3:51:06 PM org.apache.catalina.core.ApplicationContext log
INFOS: ContextListener: attributeAdded('org.apache.jasper.compiler.TldLocationsCache', 'org.apache.jasper.compiler.TldLocationsCache@73d4542d')
mai 19, 2017 3:53:56 PM org.apache.catalina.core.ApplicationContext log
INFOS: ContextListener: attributeAdded('org.apache.jasper.runtime.JspApplicationContextImpl', 'org.apache.jasper.runtime.JspApplicationContextImpl@2215a8f2')
mai 19, 2017 3:53:56 PM org.apache.catalina.core.ApplicationContext log
INFOS: SessionListener: sessionCreated('1065170EE17BC1011422B8CD988D6C81')
mai 19, 2017 3:54:05 PM org.apache.catalina.core.ApplicationContext log
INFOS: ContextListener: attributeAdded('org.apache.jasper.compiler.ELInterpreter', 'org.apache.jasper.compiler.ELInterpreterFactory$DefaultELInterpreter@7d94f2d7')
mai 19, 2017 3:54:06 PM org.apache.catalina.core.StandardWrapperValve invoke
GRAVE: Servlet.service() for servlet [jsp] in context with path [/erasmus] threw exception [Impossible de compiler la classe pour la JSP: 

Une erreur s'est produite à la ligne: 14 dans le fichier jsp: /jsp/create.jsp
requests cannot be resolved
11: 			String url = "jdbc:postgresql://localhost/postgres";
12: 			Connection con=DriverManager.getConnection(url,"postgres","root");
13: 
14: 			String test = requests.getParameter("test");
15: 
16: 			Statement stmt = con.createStatement();
17: 			String query = "insert into users values('"+test+"','2');";


Stacktrace:] with root cause
org.apache.jasper.JasperException: Impossible de compiler la classe pour la JSP: 

Une erreur s'est produite à la ligne: 14 dans le fichier jsp: /jsp/create.jsp
requests cannot be resolved
11: 			String url = "jdbc:postgresql://localhost/postgres";
12: 			Connection con=DriverManager.getConnection(url,"postgres","root");
13: 
14: 			String test = requests.getParameter("test");
15: 
16: 			Statement stmt = con.createStatement();
17: 			String query = "insert into users values('"+test+"','2');";


Stacktrace:
	at org.apache.jasper.compiler.DefaultErrorHandler.javacError(DefaultErrorHandler.java:103)
	at org.apache.jasper.compiler.ErrorDispatcher.javacError(ErrorDispatcher.java:366)
	at org.apache.jasper.compiler.JDTCompiler.generateClass(JDTCompiler.java:490)
	at org.apache.jasper.compiler.Compiler.compile(Compiler.java:379)
	at org.apache.jasper.compiler.Compiler.compile(Compiler.java:354)
	at org.apache.jasper.compiler.Compiler.compile(Compiler.java:341)
	at org.apache.jasper.JspCompilationContext.compile(JspCompilationContext.java:662)
	at org.apache.jasper.servlet.JspServletWrapper.service(JspServletWrapper.java:364)
	at org.apache.jasper.servlet.JspServlet.serviceJspFile(JspServlet.java:395)
	at org.apache.jasper.servlet.JspServlet.service(JspServlet.java:339)
	at javax.servlet.http.HttpServlet.service(HttpServlet.java:731)
	at org.apache.catalina.core.ApplicationFilterChain.internalDoFilter(ApplicationFilterChain.java:303)
	at org.apache.catalina.core.ApplicationFilterChain.doFilter(ApplicationFilterChain.java:208)
	at org.apache.tomcat.websocket.server.WsFilter.doFilter(WsFilter.java:52)
	at org.apache.catalina.core.ApplicationFilterChain.internalDoFilter(ApplicationFilterChain.java:241)
	at org.apache.catalina.core.ApplicationFilterChain.doFilter(ApplicationFilterChain.java:208)
	at org.apache.catalina.core.StandardWrapperValve.invoke(StandardWrapperValve.java:218)
	at org.apache.catalina.core.StandardContextValve.invoke(StandardContextValve.java:110)
	at org.apache.catalina.authenticator.AuthenticatorBase.invoke(AuthenticatorBase.java:506)
	at org.apache.catalina.core.StandardHostValve.invoke(StandardHostValve.java:169)
	at org.apache.catalina.valves.ErrorReportValve.invoke(ErrorReportValve.java:103)
	at org.apache.catalina.valves.AccessLogValve.invoke(AccessLogValve.java:962)
	at org.apache.catalina.core.StandardEngineValve.invoke(StandardEngineValve.java:116)
	at org.apache.catalina.connector.CoyoteAdapter.service(CoyoteAdapter.java:445)
	at org.apache.coyote.http11.AbstractHttp11Processor.process(AbstractHttp11Processor.java:1115)
	at org.apache.coyote.AbstractProtocol$AbstractConnectionHandler.process(AbstractProtocol.java:637)
	at org.apache.tomcat.util.net.AprEndpoint$SocketProcessor.doRun(AprEndpoint.java:2549)
	at org.apache.tomcat.util.net.AprEndpoint$SocketProcessor.run(AprEndpoint.java:2538)
	at java.util.concurrent.ThreadPoolExecutor.runWorker(ThreadPoolExecutor.java:1142)
	at java.util.concurrent.ThreadPoolExecutor$Worker.run(ThreadPoolExecutor.java:617)
	at org.apache.tomcat.util.threads.TaskThread$WrappingRunnable.run(TaskThread.java:61)
	at java.lang.Thread.run(Thread.java:745)

mai 19, 2017 3:54:21 PM org.apache.catalina.core.StandardWrapperValve invoke
GRAVE: Servlet.service() for servlet [jsp] in context with path [/erasmus] threw exception [Impossible de compiler la classe pour la JSP: 

Une erreur s'est produite à la ligne: 14 dans le fichier jsp: /jsp/create.jsp
requests cannot be resolved
11: 			String url = "jdbc:postgresql://localhost/postgres";
12: 			Connection con=DriverManager.getConnection(url,"postgres","root");
13: 
14: 			String test = requests.getParameter("test");
15: 
16: 			Statement stmt = con.createStatement();
17: 			String query = "insert into users values('"+test+"','2');";


Stacktrace:] with root cause
org.apache.jasper.JasperException: Impossible de compiler la classe pour la JSP: 

Une erreur s'est produite à la ligne: 14 dans le fichier jsp: /jsp/create.jsp
requests cannot be resolved
11: 			String url = "jdbc:postgresql://localhost/postgres";
12: 			Connection con=DriverManager.getConnection(url,"postgres","root");
13: 
14: 			String test = requests.getParameter("test");
15: 
16: 			Statement stmt = con.createStatement();
17: 			String query = "insert into users values('"+test+"','2');";


Stacktrace:
	at org.apache.jasper.compiler.DefaultErrorHandler.javacError(DefaultErrorHandler.java:103)
	at org.apache.jasper.compiler.ErrorDispatcher.javacError(ErrorDispatcher.java:366)
	at org.apache.jasper.compiler.JDTCompiler.generateClass(JDTCompiler.java:490)
	at org.apache.jasper.compiler.Compiler.compile(Compiler.java:379)
	at org.apache.jasper.compiler.Compiler.compile(Compiler.java:354)
	at org.apache.jasper.compiler.Compiler.compile(Compiler.java:341)
	at org.apache.jasper.JspCompilationContext.compile(JspCompilationContext.java:662)
	at org.apache.jasper.servlet.JspServletWrapper.service(JspServletWrapper.java:364)
	at org.apache.jasper.servlet.JspServlet.serviceJspFile(JspServlet.java:395)
	at org.apache.jasper.servlet.JspServlet.service(JspServlet.java:339)
	at javax.servlet.http.HttpServlet.service(HttpServlet.java:731)
	at org.apache.catalina.core.ApplicationFilterChain.internalDoFilter(ApplicationFilterChain.java:303)
	at org.apache.catalina.core.ApplicationFilterChain.doFilter(ApplicationFilterChain.java:208)
	at org.apache.tomcat.websocket.server.WsFilter.doFilter(WsFilter.java:52)
	at org.apache.catalina.core.ApplicationFilterChain.internalDoFilter(ApplicationFilterChain.java:241)
	at org.apache.catalina.core.ApplicationFilterChain.doFilter(ApplicationFilterChain.java:208)
	at org.apache.catalina.core.StandardWrapperValve.invoke(StandardWrapperValve.java:218)
	at org.apache.catalina.core.StandardContextValve.invoke(StandardContextValve.java:110)
	at org.apache.catalina.authenticator.AuthenticatorBase.invoke(AuthenticatorBase.java:506)
	at org.apache.catalina.core.StandardHostValve.invoke(StandardHostValve.java:169)
	at org.apache.catalina.valves.ErrorReportValve.invoke(ErrorReportValve.java:103)
	at org.apache.catalina.valves.AccessLogValve.invoke(AccessLogValve.java:962)
	at org.apache.catalina.core.StandardEngineValve.invoke(StandardEngineValve.java:116)
	at org.apache.catalina.connector.CoyoteAdapter.service(CoyoteAdapter.java:445)
	at org.apache.coyote.http11.AbstractHttp11Processor.process(AbstractHttp11Processor.java:1115)
	at org.apache.coyote.AbstractProtocol$AbstractConnectionHandler.process(AbstractProtocol.java:637)
	at org.apache.tomcat.util.net.AprEndpoint$SocketProcessor.doRun(AprEndpoint.java:2549)
	at org.apache.tomcat.util.net.AprEndpoint$SocketProcessor.run(AprEndpoint.java:2538)
	at java.util.concurrent.ThreadPoolExecutor.runWorker(ThreadPoolExecutor.java:1142)
	at java.util.concurrent.ThreadPoolExecutor$Worker.run(ThreadPoolExecutor.java:617)
	at org.apache.tomcat.util.threads.TaskThread$WrappingRunnable.run(TaskThread.java:61)
	at java.lang.Thread.run(Thread.java:745)

mai 19, 2017 3:54:31 PM org.apache.catalina.core.StandardWrapperValve invoke
GRAVE: Servlet.service() for servlet [jsp] in context with path [/erasmus] threw exception [Impossible de compiler la classe pour la JSP: 

Une erreur s'est produite à la ligne: 14 dans le fichier jsp: /jsp/create.jsp
requests cannot be resolved
11: 			String url = "jdbc:postgresql://localhost/postgres";
12: 			Connection con=DriverManager.getConnection(url,"postgres","root");
13: 
14: 			String test = requests.getParameter("test");
15: 
16: 			Statement stmt = con.createStatement();
17: 			String query = "insert into users values('"+test+"','2');";


Stacktrace:] with root cause
org.apache.jasper.JasperException: Impossible de compiler la classe pour la JSP: 

Une erreur s'est produite à la ligne: 14 dans le fichier jsp: /jsp/create.jsp
requests cannot be resolved
11: 			String url = "jdbc:postgresql://localhost/postgres";
12: 			Connection con=DriverManager.getConnection(url,"postgres","root");
13: 
14: 			String test = requests.getParameter("test");
15: 
16: 			Statement stmt = con.createStatement();
17: 			String query = "insert into users values('"+test+"','2');";


Stacktrace:
	at org.apache.jasper.compiler.DefaultErrorHandler.javacError(DefaultErrorHandler.java:103)
	at org.apache.jasper.compiler.ErrorDispatcher.javacError(ErrorDispatcher.java:366)
	at org.apache.jasper.compiler.JDTCompiler.generateClass(JDTCompiler.java:490)
	at org.apache.jasper.compiler.Compiler.compile(Compiler.java:379)
	at org.apache.jasper.compiler.Compiler.compile(Compiler.java:354)
	at org.apache.jasper.compiler.Compiler.compile(Compiler.java:341)
	at org.apache.jasper.JspCompilationContext.compile(JspCompilationContext.java:662)
	at org.apache.jasper.servlet.JspServletWrapper.service(JspServletWrapper.java:364)
	at org.apache.jasper.servlet.JspServlet.serviceJspFile(JspServlet.java:395)
	at org.apache.jasper.servlet.JspServlet.service(JspServlet.java:339)
	at javax.servlet.http.HttpServlet.service(HttpServlet.java:731)
	at org.apache.catalina.core.ApplicationFilterChain.internalDoFilter(ApplicationFilterChain.java:303)
	at org.apache.catalina.core.ApplicationFilterChain.doFilter(ApplicationFilterChain.java:208)
	at org.apache.tomcat.websocket.server.WsFilter.doFilter(WsFilter.java:52)
	at org.apache.catalina.core.ApplicationFilterChain.internalDoFilter(ApplicationFilterChain.java:241)
	at org.apache.catalina.core.ApplicationFilterChain.doFilter(ApplicationFilterChain.java:208)
	at org.apache.catalina.core.StandardWrapperValve.invoke(StandardWrapperValve.java:218)
	at org.apache.catalina.core.StandardContextValve.invoke(StandardContextValve.java:110)
	at org.apache.catalina.authenticator.AuthenticatorBase.invoke(AuthenticatorBase.java:506)
	at org.apache.catalina.core.StandardHostValve.invoke(StandardHostValve.java:169)
	at org.apache.catalina.valves.ErrorReportValve.invoke(ErrorReportValve.java:103)
	at org.apache.catalina.valves.AccessLogValve.invoke(AccessLogValve.java:962)
	at org.apache.catalina.core.StandardEngineValve.invoke(StandardEngineValve.java:116)
	at org.apache.catalina.connector.CoyoteAdapter.service(CoyoteAdapter.java:445)
	at org.apache.coyote.http11.AbstractHttp11Processor.process(AbstractHttp11Processor.java:1115)
	at org.apache.coyote.AbstractProtocol$AbstractConnectionHandler.process(AbstractProtocol.java:637)
	at org.apache.tomcat.util.net.AprEndpoint$SocketProcessor.doRun(AprEndpoint.java:2549)
	at org.apache.tomcat.util.net.AprEndpoint$SocketProcessor.run(AprEndpoint.java:2538)
	at java.util.concurrent.ThreadPoolExecutor.runWorker(ThreadPoolExecutor.java:1142)
	at java.util.concurrent.ThreadPoolExecutor$Worker.run(ThreadPoolExecutor.java:617)
	at org.apache.tomcat.util.threads.TaskThread$WrappingRunnable.run(TaskThread.java:61)
	at java.lang.Thread.run(Thread.java:745)

mai 19, 2017 3:55:28 PM org.apache.catalina.core.StandardWrapperValve invoke
GRAVE: Servlet.service() for servlet [jsp] in context with path [/erasmus] threw exception [Impossible de compiler la classe pour la JSP: 

Une erreur s'est produite à la ligne: 14 dans le fichier jsp: /jsp/create.jsp
requests cannot be resolved
11: 			String url = "jdbc:postgresql://localhost/postgres";
12: 			Connection con=DriverManager.getConnection(url,"postgres","root");
13: 
14: 			String test = requests.getParameter("test");
15: 
16: 			Statement stmt = con.createStatement();
17: 			String query = "insert into users values('"+test+"','2');";


Stacktrace:] with root cause
org.apache.jasper.JasperException: Impossible de compiler la classe pour la JSP: 

Une erreur s'est produite à la ligne: 14 dans le fichier jsp: /jsp/create.jsp
requests cannot be resolved
11: 			String url = "jdbc:postgresql://localhost/postgres";
12: 			Connection con=DriverManager.getConnection(url,"postgres","root");
13: 
14: 			String test = requests.getParameter("test");
15: 
16: 			Statement stmt = con.createStatement();
17: 			String query = "insert into users values('"+test+"','2');";


Stacktrace:
	at org.apache.jasper.compiler.DefaultErrorHandler.javacError(DefaultErrorHandler.java:103)
	at org.apache.jasper.compiler.ErrorDispatcher.javacError(ErrorDispatcher.java:366)
	at org.apache.jasper.compiler.JDTCompiler.generateClass(JDTCompiler.java:490)
	at org.apache.jasper.compiler.Compiler.compile(Compiler.java:379)
	at org.apache.jasper.compiler.Compiler.compile(Compiler.java:354)
	at org.apache.jasper.compiler.Compiler.compile(Compiler.java:341)
	at org.apache.jasper.JspCompilationContext.compile(JspCompilationContext.java:662)
	at org.apache.jasper.servlet.JspServletWrapper.service(JspServletWrapper.java:364)
	at org.apache.jasper.servlet.JspServlet.serviceJspFile(JspServlet.java:395)
	at org.apache.jasper.servlet.JspServlet.service(JspServlet.java:339)
	at javax.servlet.http.HttpServlet.service(HttpServlet.java:731)
	at org.apache.catalina.core.ApplicationFilterChain.internalDoFilter(ApplicationFilterChain.java:303)
	at org.apache.catalina.core.ApplicationFilterChain.doFilter(ApplicationFilterChain.java:208)
	at org.apache.tomcat.websocket.server.WsFilter.doFilter(WsFilter.java:52)
	at org.apache.catalina.core.ApplicationFilterChain.internalDoFilter(ApplicationFilterChain.java:241)
	at org.apache.catalina.core.ApplicationFilterChain.doFilter(ApplicationFilterChain.java:208)
	at org.apache.catalina.core.StandardWrapperValve.invoke(StandardWrapperValve.java:218)
	at org.apache.catalina.core.StandardContextValve.invoke(StandardContextValve.java:110)
	at org.apache.catalina.authenticator.AuthenticatorBase.invoke(AuthenticatorBase.java:506)
	at org.apache.catalina.core.StandardHostValve.invoke(StandardHostValve.java:169)
	at org.apache.catalina.valves.ErrorReportValve.invoke(ErrorReportValve.java:103)
	at org.apache.catalina.valves.AccessLogValve.invoke(AccessLogValve.java:962)
	at org.apache.catalina.core.StandardEngineValve.invoke(StandardEngineValve.java:116)
	at org.apache.catalina.connector.CoyoteAdapter.service(CoyoteAdapter.java:445)
	at org.apache.coyote.http11.AbstractHttp11Processor.process(AbstractHttp11Processor.java:1115)
	at org.apache.coyote.AbstractProtocol$AbstractConnectionHandler.process(AbstractProtocol.java:637)
	at org.apache.tomcat.util.net.AprEndpoint$SocketProcessor.doRun(AprEndpoint.java:2549)
	at org.apache.tomcat.util.net.AprEndpoint$SocketProcessor.run(AprEndpoint.java:2538)
	at java.util.concurrent.ThreadPoolExecutor.runWorker(ThreadPoolExecutor.java:1142)
	at java.util.concurrent.ThreadPoolExecutor$Worker.run(ThreadPoolExecutor.java:617)
	at org.apache.tomcat.util.threads.TaskThread$WrappingRunnable.run(TaskThread.java:61)
	at java.lang.Thread.run(Thread.java:745)

mai 19, 2017 3:56:45 PM org.apache.catalina.core.StandardWrapperValve invoke
GRAVE: Servlet.service() for servlet [jsp] in context with path [/erasmus] threw exception [Impossible de compiler la classe pour la JSP: 

Une erreur s'est produite à la ligne: 14 dans le fichier jsp: /jsp/create.jsp
req cannot be resolved
11: 			String url = "jdbc:postgresql://localhost/postgres";
12: 			Connection con=DriverManager.getConnection(url,"postgres","root");
13: 
14: 			String test = req.getParameter("test");
15: 
16: 			Statement stmt = con.createStatement();
17: 			String query = "insert into users values('"+test+"','2');";


Stacktrace:] with root cause
org.apache.jasper.JasperException: Impossible de compiler la classe pour la JSP: 

Une erreur s'est produite à la ligne: 14 dans le fichier jsp: /jsp/create.jsp
req cannot be resolved
11: 			String url = "jdbc:postgresql://localhost/postgres";
12: 			Connection con=DriverManager.getConnection(url,"postgres","root");
13: 
14: 			String test = req.getParameter("test");
15: 
16: 			Statement stmt = con.createStatement();
17: 			String query = "insert into users values('"+test+"','2');";


Stacktrace:
	at org.apache.jasper.compiler.DefaultErrorHandler.javacError(DefaultErrorHandler.java:103)
	at org.apache.jasper.compiler.ErrorDispatcher.javacError(ErrorDispatcher.java:366)
	at org.apache.jasper.compiler.JDTCompiler.generateClass(JDTCompiler.java:490)
	at org.apache.jasper.compiler.Compiler.compile(Compiler.java:379)
	at org.apache.jasper.compiler.Compiler.compile(Compiler.java:354)
	at org.apache.jasper.compiler.Compiler.compile(Compiler.java:341)
	at org.apache.jasper.JspCompilationContext.compile(JspCompilationContext.java:662)
	at org.apache.jasper.servlet.JspServletWrapper.service(JspServletWrapper.java:364)
	at org.apache.jasper.servlet.JspServlet.serviceJspFile(JspServlet.java:395)
	at org.apache.jasper.servlet.JspServlet.service(JspServlet.java:339)
	at javax.servlet.http.HttpServlet.service(HttpServlet.java:731)
	at org.apache.catalina.core.ApplicationFilterChain.internalDoFilter(ApplicationFilterChain.java:303)
	at org.apache.catalina.core.ApplicationFilterChain.doFilter(ApplicationFilterChain.java:208)
	at org.apache.tomcat.websocket.server.WsFilter.doFilter(WsFilter.java:52)
	at org.apache.catalina.core.ApplicationFilterChain.internalDoFilter(ApplicationFilterChain.java:241)
	at org.apache.catalina.core.ApplicationFilterChain.doFilter(ApplicationFilterChain.java:208)
	at org.apache.catalina.core.StandardWrapperValve.invoke(StandardWrapperValve.java:218)
	at org.apache.catalina.core.StandardContextValve.invoke(StandardContextValve.java:110)
	at org.apache.catalina.authenticator.AuthenticatorBase.invoke(AuthenticatorBase.java:506)
	at org.apache.catalina.core.StandardHostValve.invoke(StandardHostValve.java:169)
	at org.apache.catalina.valves.ErrorReportValve.invoke(ErrorReportValve.java:103)
	at org.apache.catalina.valves.AccessLogValve.invoke(AccessLogValve.java:962)
	at org.apache.catalina.core.StandardEngineValve.invoke(StandardEngineValve.java:116)
	at org.apache.catalina.connector.CoyoteAdapter.service(CoyoteAdapter.java:445)
	at org.apache.coyote.http11.AbstractHttp11Processor.process(AbstractHttp11Processor.java:1115)
	at org.apache.coyote.AbstractProtocol$AbstractConnectionHandler.process(AbstractProtocol.java:637)
	at org.apache.tomcat.util.net.AprEndpoint$SocketProcessor.doRun(AprEndpoint.java:2549)
	at org.apache.tomcat.util.net.AprEndpoint$SocketProcessor.run(AprEndpoint.java:2538)
	at java.util.concurrent.ThreadPoolExecutor.runWorker(ThreadPoolExecutor.java:1142)
	at java.util.concurrent.ThreadPoolExecutor$Worker.run(ThreadPoolExecutor.java:617)
	at org.apache.tomcat.util.threads.TaskThread$WrappingRunnable.run(TaskThread.java:61)
	at java.lang.Thread.run(Thread.java:745)

mai 19, 2017 4:25:15 PM org.apache.catalina.core.StandardWrapperValve invoke
GRAVE: Servlet.service() for servlet [jsp] in context with path [/erasmus] threw exception [Impossible de compiler la classe pour la JSP: 

Une erreur s'est produite à la ligne: 15 dans le fichier jsp: /jsp/create.jsp
Duplicate local variable test
12: 			Connection con=DriverManager.getConnection(url,"postgres","root");
13: 
14: 			String test = request.getParameter("lastname");
15: 			String test = request.getParameter("firstname");
16: 			String test = request.getParameter("country");
17: 			String test = request.getParameter("mail");
18: 			String test = request.getParameter("password");


Une erreur s'est produite à la ligne: 16 dans le fichier jsp: /jsp/create.jsp
Duplicate local variable test
13: 
14: 			String test = request.getParameter("lastname");
15: 			String test = request.getParameter("firstname");
16: 			String test = request.getParameter("country");
17: 			String test = request.getParameter("mail");
18: 			String test = request.getParameter("password");
19: 


Une erreur s'est produite à la ligne: 17 dans le fichier jsp: /jsp/create.jsp
Duplicate local variable test
14: 			String test = request.getParameter("lastname");
15: 			String test = request.getParameter("firstname");
16: 			String test = request.getParameter("country");
17: 			String test = request.getParameter("mail");
18: 			String test = request.getParameter("password");
19: 
20: 			Statement stmt = con.createStatement();


Une erreur s'est produite à la ligne: 18 dans le fichier jsp: /jsp/create.jsp
Duplicate local variable test
15: 			String test = request.getParameter("firstname");
16: 			String test = request.getParameter("country");
17: 			String test = request.getParameter("mail");
18: 			String test = request.getParameter("password");
19: 
20: 			Statement stmt = con.createStatement();
21: 			String query = "insert into client values('"+lasname+"','"+firstname+"','"+country+"','"+mail+"','"+password+"');";


Une erreur s'est produite à la ligne: 21 dans le fichier jsp: /jsp/create.jsp
lasname cannot be resolved to a variable
18: 			String test = request.getParameter("password");
19: 
20: 			Statement stmt = con.createStatement();
21: 			String query = "insert into client values('"+lasname+"','"+firstname+"','"+country+"','"+mail+"','"+password+"');";
22: 	
23: 			System.out.println("creation d'un nouvel utilisateur:");
24: 		    ResultSet rs = stmt.executeQuery(query);


Une erreur s'est produite à la ligne: 21 dans le fichier jsp: /jsp/create.jsp
firstname cannot be resolved to a variable
18: 			String test = request.getParameter("password");
19: 
20: 			Statement stmt = con.createStatement();
21: 			String query = "insert into client values('"+lasname+"','"+firstname+"','"+country+"','"+mail+"','"+password+"');";
22: 	
23: 			System.out.println("creation d'un nouvel utilisateur:");
24: 		    ResultSet rs = stmt.executeQuery(query);


Une erreur s'est produite à la ligne: 21 dans le fichier jsp: /jsp/create.jsp
country cannot be resolved to a variable
18: 			String test = request.getParameter("password");
19: 
20: 			Statement stmt = con.createStatement();
21: 			String query = "insert into client values('"+lasname+"','"+firstname+"','"+country+"','"+mail+"','"+password+"');";
22: 	
23: 			System.out.println("creation d'un nouvel utilisateur:");
24: 		    ResultSet rs = stmt.executeQuery(query);


Une erreur s'est produite à la ligne: 21 dans le fichier jsp: /jsp/create.jsp
mail cannot be resolved to a variable
18: 			String test = request.getParameter("password");
19: 
20: 			Statement stmt = con.createStatement();
21: 			String query = "insert into client values('"+lasname+"','"+firstname+"','"+country+"','"+mail+"','"+password+"');";
22: 	
23: 			System.out.println("creation d'un nouvel utilisateur:");
24: 		    ResultSet rs = stmt.executeQuery(query);


Une erreur s'est produite à la ligne: 21 dans le fichier jsp: /jsp/create.jsp
password cannot be resolved to a variable
18: 			String test = request.getParameter("password");
19: 
20: 			Statement stmt = con.createStatement();
21: 			String query = "insert into client values('"+lasname+"','"+firstname+"','"+country+"','"+mail+"','"+password+"');";
22: 	
23: 			System.out.println("creation d'un nouvel utilisateur:");
24: 		    ResultSet rs = stmt.executeQuery(query);


Stacktrace:] with root cause
org.apache.jasper.JasperException: Impossible de compiler la classe pour la JSP: 

Une erreur s'est produite à la ligne: 15 dans le fichier jsp: /jsp/create.jsp
Duplicate local variable test
12: 			Connection con=DriverManager.getConnection(url,"postgres","root");
13: 
14: 			String test = request.getParameter("lastname");
15: 			String test = request.getParameter("firstname");
16: 			String test = request.getParameter("country");
17: 			String test = request.getParameter("mail");
18: 			String test = request.getParameter("password");


Une erreur s'est produite à la ligne: 16 dans le fichier jsp: /jsp/create.jsp
Duplicate local variable test
13: 
14: 			String test = request.getParameter("lastname");
15: 			String test = request.getParameter("firstname");
16: 			String test = request.getParameter("country");
17: 			String test = request.getParameter("mail");
18: 			String test = request.getParameter("password");
19: 


Une erreur s'est produite à la ligne: 17 dans le fichier jsp: /jsp/create.jsp
Duplicate local variable test
14: 			String test = request.getParameter("lastname");
15: 			String test = request.getParameter("firstname");
16: 			String test = request.getParameter("country");
17: 			String test = request.getParameter("mail");
18: 			String test = request.getParameter("password");
19: 
20: 			Statement stmt = con.createStatement();


Une erreur s'est produite à la ligne: 18 dans le fichier jsp: /jsp/create.jsp
Duplicate local variable test
15: 			String test = request.getParameter("firstname");
16: 			String test = request.getParameter("country");
17: 			String test = request.getParameter("mail");
18: 			String test = request.getParameter("password");
19: 
20: 			Statement stmt = con.createStatement();
21: 			String query = "insert into client values('"+lasname+"','"+firstname+"','"+country+"','"+mail+"','"+password+"');";


Une erreur s'est produite à la ligne: 21 dans le fichier jsp: /jsp/create.jsp
lasname cannot be resolved to a variable
18: 			String test = request.getParameter("password");
19: 
20: 			Statement stmt = con.createStatement();
21: 			String query = "insert into client values('"+lasname+"','"+firstname+"','"+country+"','"+mail+"','"+password+"');";
22: 	
23: 			System.out.println("creation d'un nouvel utilisateur:");
24: 		    ResultSet rs = stmt.executeQuery(query);


Une erreur s'est produite à la ligne: 21 dans le fichier jsp: /jsp/create.jsp
firstname cannot be resolved to a variable
18: 			String test = request.getParameter("password");
19: 
20: 			Statement stmt = con.createStatement();
21: 			String query = "insert into client values('"+lasname+"','"+firstname+"','"+country+"','"+mail+"','"+password+"');";
22: 	
23: 			System.out.println("creation d'un nouvel utilisateur:");
24: 		    ResultSet rs = stmt.executeQuery(query);


Une erreur s'est produite à la ligne: 21 dans le fichier jsp: /jsp/create.jsp
country cannot be resolved to a variable
18: 			String test = request.getParameter("password");
19: 
20: 			Statement stmt = con.createStatement();
21: 			String query = "insert into client values('"+lasname+"','"+firstname+"','"+country+"','"+mail+"','"+password+"');";
22: 	
23: 			System.out.println("creation d'un nouvel utilisateur:");
24: 		    ResultSet rs = stmt.executeQuery(query);


Une erreur s'est produite à la ligne: 21 dans le fichier jsp: /jsp/create.jsp
mail cannot be resolved to a variable
18: 			String test = request.getParameter("password");
19: 
20: 			Statement stmt = con.createStatement();
21: 			String query = "insert into client values('"+lasname+"','"+firstname+"','"+country+"','"+mail+"','"+password+"');";
22: 	
23: 			System.out.println("creation d'un nouvel utilisateur:");
24: 		    ResultSet rs = stmt.executeQuery(query);


Une erreur s'est produite à la ligne: 21 dans le fichier jsp: /jsp/create.jsp
password cannot be resolved to a variable
18: 			String test = request.getParameter("password");
19: 
20: 			Statement stmt = con.createStatement();
21: 			String query = "insert into client values('"+lasname+"','"+firstname+"','"+country+"','"+mail+"','"+password+"');";
22: 	
23: 			System.out.println("creation d'un nouvel utilisateur:");
24: 		    ResultSet rs = stmt.executeQuery(query);


Stacktrace:
	at org.apache.jasper.compiler.DefaultErrorHandler.javacError(DefaultErrorHandler.java:103)
	at org.apache.jasper.compiler.ErrorDispatcher.javacError(ErrorDispatcher.java:366)
	at org.apache.jasper.compiler.JDTCompiler.generateClass(JDTCompiler.java:490)
	at org.apache.jasper.compiler.Compiler.compile(Compiler.java:379)
	at org.apache.jasper.compiler.Compiler.compile(Compiler.java:354)
	at org.apache.jasper.compiler.Compiler.compile(Compiler.java:341)
	at org.apache.jasper.JspCompilationContext.compile(JspCompilationContext.java:662)
	at org.apache.jasper.servlet.JspServletWrapper.service(JspServletWrapper.java:364)
	at org.apache.jasper.servlet.JspServlet.serviceJspFile(JspServlet.java:395)
	at org.apache.jasper.servlet.JspServlet.service(JspServlet.java:339)
	at javax.servlet.http.HttpServlet.service(HttpServlet.java:731)
	at org.apache.catalina.core.ApplicationFilterChain.internalDoFilter(ApplicationFilterChain.java:303)
	at org.apache.catalina.core.ApplicationFilterChain.doFilter(ApplicationFilterChain.java:208)
	at org.apache.tomcat.websocket.server.WsFilter.doFilter(WsFilter.java:52)
	at org.apache.catalina.core.ApplicationFilterChain.internalDoFilter(ApplicationFilterChain.java:241)
	at org.apache.catalina.core.ApplicationFilterChain.doFilter(ApplicationFilterChain.java:208)
	at org.apache.catalina.core.StandardWrapperValve.invoke(StandardWrapperValve.java:218)
	at org.apache.catalina.core.StandardContextValve.invoke(StandardContextValve.java:110)
	at org.apache.catalina.authenticator.AuthenticatorBase.invoke(AuthenticatorBase.java:506)
	at org.apache.catalina.core.StandardHostValve.invoke(StandardHostValve.java:169)
	at org.apache.catalina.valves.ErrorReportValve.invoke(ErrorReportValve.java:103)
	at org.apache.catalina.valves.AccessLogValve.invoke(AccessLogValve.java:962)
	at org.apache.catalina.core.StandardEngineValve.invoke(StandardEngineValve.java:116)
	at org.apache.catalina.connector.CoyoteAdapter.service(CoyoteAdapter.java:445)
	at org.apache.coyote.http11.AbstractHttp11Processor.process(AbstractHttp11Processor.java:1115)
	at org.apache.coyote.AbstractProtocol$AbstractConnectionHandler.process(AbstractProtocol.java:637)
	at org.apache.tomcat.util.net.AprEndpoint$SocketProcessor.doRun(AprEndpoint.java:2549)
	at org.apache.tomcat.util.net.AprEndpoint$SocketProcessor.run(AprEndpoint.java:2538)
	at java.util.concurrent.ThreadPoolExecutor.runWorker(ThreadPoolExecutor.java:1142)
	at java.util.concurrent.ThreadPoolExecutor$Worker.run(ThreadPoolExecutor.java:617)
	at org.apache.tomcat.util.threads.TaskThread$WrappingRunnable.run(TaskThread.java:61)
	at java.lang.Thread.run(Thread.java:745)

mai 19, 2017 4:26:39 PM org.apache.catalina.core.StandardWrapperValve invoke
GRAVE: Servlet.service() for servlet [jsp] in context with path [/erasmus] threw exception [Impossible de compiler la classe pour la JSP: 

Une erreur s'est produite à la ligne: 21 dans le fichier jsp: /jsp/create.jsp
lasname cannot be resolved to a variable
18: 			String password = request.getParameter("password");
19: 
20: 			Statement stmt = con.createStatement();
21: 			String query = "insert into client values('"+lasname+"','"+firstname+"','"+country+"','"+mail+"','"+password+"');";
22: 	
23: 			System.out.println("creation d'un nouvel utilisateur:");
24: 		    ResultSet rs = stmt.executeQuery(query);


Stacktrace:] with root cause
org.apache.jasper.JasperException: Impossible de compiler la classe pour la JSP: 

Une erreur s'est produite à la ligne: 21 dans le fichier jsp: /jsp/create.jsp
lasname cannot be resolved to a variable
18: 			String password = request.getParameter("password");
19: 
20: 			Statement stmt = con.createStatement();
21: 			String query = "insert into client values('"+lasname+"','"+firstname+"','"+country+"','"+mail+"','"+password+"');";
22: 	
23: 			System.out.println("creation d'un nouvel utilisateur:");
24: 		    ResultSet rs = stmt.executeQuery(query);


Stacktrace:
	at org.apache.jasper.compiler.DefaultErrorHandler.javacError(DefaultErrorHandler.java:103)
	at org.apache.jasper.compiler.ErrorDispatcher.javacError(ErrorDispatcher.java:366)
	at org.apache.jasper.compiler.JDTCompiler.generateClass(JDTCompiler.java:490)
	at org.apache.jasper.compiler.Compiler.compile(Compiler.java:379)
	at org.apache.jasper.compiler.Compiler.compile(Compiler.java:354)
	at org.apache.jasper.compiler.Compiler.compile(Compiler.java:341)
	at org.apache.jasper.JspCompilationContext.compile(JspCompilationContext.java:662)
	at org.apache.jasper.servlet.JspServletWrapper.service(JspServletWrapper.java:364)
	at org.apache.jasper.servlet.JspServlet.serviceJspFile(JspServlet.java:395)
	at org.apache.jasper.servlet.JspServlet.service(JspServlet.java:339)
	at javax.servlet.http.HttpServlet.service(HttpServlet.java:731)
	at org.apache.catalina.core.ApplicationFilterChain.internalDoFilter(ApplicationFilterChain.java:303)
	at org.apache.catalina.core.ApplicationFilterChain.doFilter(ApplicationFilterChain.java:208)
	at org.apache.tomcat.websocket.server.WsFilter.doFilter(WsFilter.java:52)
	at org.apache.catalina.core.ApplicationFilterChain.internalDoFilter(ApplicationFilterChain.java:241)
	at org.apache.catalina.core.ApplicationFilterChain.doFilter(ApplicationFilterChain.java:208)
	at org.apache.catalina.core.StandardWrapperValve.invoke(StandardWrapperValve.java:218)
	at org.apache.catalina.core.StandardContextValve.invoke(StandardContextValve.java:110)
	at org.apache.catalina.authenticator.AuthenticatorBase.invoke(AuthenticatorBase.java:506)
	at org.apache.catalina.core.StandardHostValve.invoke(StandardHostValve.java:169)
	at org.apache.catalina.valves.ErrorReportValve.invoke(ErrorReportValve.java:103)
	at org.apache.catalina.valves.AccessLogValve.invoke(AccessLogValve.java:962)
	at org.apache.catalina.core.StandardEngineValve.invoke(StandardEngineValve.java:116)
	at org.apache.catalina.connector.CoyoteAdapter.service(CoyoteAdapter.java:445)
	at org.apache.coyote.http11.AbstractHttp11Processor.process(AbstractHttp11Processor.java:1115)
	at org.apache.coyote.AbstractProtocol$AbstractConnectionHandler.process(AbstractProtocol.java:637)
	at org.apache.tomcat.util.net.AprEndpoint$SocketProcessor.doRun(AprEndpoint.java:2549)
	at org.apache.tomcat.util.net.AprEndpoint$SocketProcessor.run(AprEndpoint.java:2538)
	at java.util.concurrent.ThreadPoolExecutor.runWorker(ThreadPoolExecutor.java:1142)
	at java.util.concurrent.ThreadPoolExecutor$Worker.run(ThreadPoolExecutor.java:617)
	at org.apache.tomcat.util.threads.TaskThread$WrappingRunnable.run(TaskThread.java:61)
	at java.lang.Thread.run(Thread.java:745)

mai 19, 2017 4:57:10 PM org.apache.catalina.core.ApplicationContext log
INFOS: SessionListener: contextDestroyed()
mai 19, 2017 4:57:10 PM org.apache.catalina.core.ApplicationContext log
INFOS: ContextListener: contextDestroyed()
mai 19, 2017 4:57:28 PM org.apache.catalina.core.ApplicationContext log
INFOS: ContextListener: contextInitialized()
mai 19, 2017 4:57:28 PM org.apache.catalina.core.ApplicationContext log
INFOS: SessionListener: contextInitialized()
mai 19, 2017 4:57:28 PM org.apache.catalina.core.ApplicationContext log
INFOS: ContextListener: attributeAdded('org.apache.jasper.compiler.TldLocationsCache', 'org.apache.jasper.compiler.TldLocationsCache@35e12af7')
mai 19, 2017 4:57:30 PM org.apache.catalina.core.ApplicationContext log
INFOS: ContextListener: attributeAdded('org.apache.jasper.runtime.JspApplicationContextImpl', 'org.apache.jasper.runtime.JspApplicationContextImpl@668121e')
mai 19, 2017 4:57:30 PM org.apache.catalina.core.ApplicationContext log
INFOS: ContextListener: attributeAdded('org.apache.jasper.compiler.ELInterpreter', 'org.apache.jasper.compiler.ELInterpreterFactory$DefaultELInterpreter@74a21d44')
mai 19, 2017 5:02:38 PM org.apache.catalina.core.StandardWrapperValve invoke
GRAVE: Servlet.service() for servlet [jsp] in context with path [/erasmus] threw exception [Impossible de compiler la classe pour la JSP: 

Une erreur s'est produite à la ligne: 18 dans le fichier jsp: /jsp/co.jsp
Syntax error on token "mail", delete this token
15: 
16: 			Statement stmt = con.createStatement();
17: 		
18: 		out.println("Vous etes connecter sur l'adresse : "  mail);
19: 		out.println("Votre mot de passe est : " password );
20: 			String query = "select * from users;";
21: 			ResultSet rs = stmt.executeQuery(query);


Une erreur s'est produite à la ligne: 19 dans le fichier jsp: /jsp/co.jsp
Syntax error on token "password", delete this token
16: 			Statement stmt = con.createStatement();
17: 		
18: 		out.println("Vous etes connecter sur l'adresse : "  mail);
19: 		out.println("Votre mot de passe est : " password );
20: 			String query = "select * from users;";
21: 			ResultSet rs = stmt.executeQuery(query);
22: 			


Stacktrace:] with root cause
org.apache.jasper.JasperException: Impossible de compiler la classe pour la JSP: 

Une erreur s'est produite à la ligne: 18 dans le fichier jsp: /jsp/co.jsp
Syntax error on token "mail", delete this token
15: 
16: 			Statement stmt = con.createStatement();
17: 		
18: 		out.println("Vous etes connecter sur l'adresse : "  mail);
19: 		out.println("Votre mot de passe est : " password );
20: 			String query = "select * from users;";
21: 			ResultSet rs = stmt.executeQuery(query);


Une erreur s'est produite à la ligne: 19 dans le fichier jsp: /jsp/co.jsp
Syntax error on token "password", delete this token
16: 			Statement stmt = con.createStatement();
17: 		
18: 		out.println("Vous etes connecter sur l'adresse : "  mail);
19: 		out.println("Votre mot de passe est : " password );
20: 			String query = "select * from users;";
21: 			ResultSet rs = stmt.executeQuery(query);
22: 			


Stacktrace:
	at org.apache.jasper.compiler.DefaultErrorHandler.javacError(DefaultErrorHandler.java:103)
	at org.apache.jasper.compiler.ErrorDispatcher.javacError(ErrorDispatcher.java:366)
	at org.apache.jasper.compiler.JDTCompiler.generateClass(JDTCompiler.java:490)
	at org.apache.jasper.compiler.Compiler.compile(Compiler.java:379)
	at org.apache.jasper.compiler.Compiler.compile(Compiler.java:354)
	at org.apache.jasper.compiler.Compiler.compile(Compiler.java:341)
	at org.apache.jasper.JspCompilationContext.compile(JspCompilationContext.java:662)
	at org.apache.jasper.servlet.JspServletWrapper.service(JspServletWrapper.java:364)
	at org.apache.jasper.servlet.JspServlet.serviceJspFile(JspServlet.java:395)
	at org.apache.jasper.servlet.JspServlet.service(JspServlet.java:339)
	at javax.servlet.http.HttpServlet.service(HttpServlet.java:731)
	at org.apache.catalina.core.ApplicationFilterChain.internalDoFilter(ApplicationFilterChain.java:303)
	at org.apache.catalina.core.ApplicationFilterChain.doFilter(ApplicationFilterChain.java:208)
	at org.apache.tomcat.websocket.server.WsFilter.doFilter(WsFilter.java:52)
	at org.apache.catalina.core.ApplicationFilterChain.internalDoFilter(ApplicationFilterChain.java:241)
	at org.apache.catalina.core.ApplicationFilterChain.doFilter(ApplicationFilterChain.java:208)
	at org.apache.catalina.core.StandardWrapperValve.invoke(StandardWrapperValve.java:218)
	at org.apache.catalina.core.StandardContextValve.invoke(StandardContextValve.java:110)
	at org.apache.catalina.authenticator.AuthenticatorBase.invoke(AuthenticatorBase.java:506)
	at org.apache.catalina.core.StandardHostValve.invoke(StandardHostValve.java:169)
	at org.apache.catalina.valves.ErrorReportValve.invoke(ErrorReportValve.java:103)
	at org.apache.catalina.valves.AccessLogValve.invoke(AccessLogValve.java:962)
	at org.apache.catalina.core.StandardEngineValve.invoke(StandardEngineValve.java:116)
	at org.apache.catalina.connector.CoyoteAdapter.service(CoyoteAdapter.java:445)
	at org.apache.coyote.http11.AbstractHttp11Processor.process(AbstractHttp11Processor.java:1115)
	at org.apache.coyote.AbstractProtocol$AbstractConnectionHandler.process(AbstractProtocol.java:637)
	at org.apache.tomcat.util.net.AprEndpoint$SocketProcessor.doRun(AprEndpoint.java:2549)
	at org.apache.tomcat.util.net.AprEndpoint$SocketProcessor.run(AprEndpoint.java:2538)
	at java.util.concurrent.ThreadPoolExecutor.runWorker(ThreadPoolExecutor.java:1142)
	at java.util.concurrent.ThreadPoolExecutor$Worker.run(ThreadPoolExecutor.java:617)
	at org.apache.tomcat.util.threads.TaskThread$WrappingRunnable.run(TaskThread.java:61)
	at java.lang.Thread.run(Thread.java:745)

mai 19, 2017 5:14:25 PM org.apache.catalina.core.StandardWrapperValve invoke
GRAVE: Servlet.service() for servlet [jsp] in context with path [/erasmus] threw exception [Impossible de compiler la classe pour la JSP: 

Une erreur s'est produite à la ligne: 26 dans le fichier jsp: /jsp/co.jsp
Syntax error, insert ";" to complete LocalVariableDeclarationStatement
23: 
24: 			String query = "select passwd from client where email='"+mail+"';";
25: 			ResultSet rs = stmt.executeQuery(query);
26: String mdp
27: 
28: 				out.println("mot de passe client :");
29: 				while (rs.next()) 


Stacktrace:] with root cause
org.apache.jasper.JasperException: Impossible de compiler la classe pour la JSP: 

Une erreur s'est produite à la ligne: 26 dans le fichier jsp: /jsp/co.jsp
Syntax error, insert ";" to complete LocalVariableDeclarationStatement
23: 
24: 			String query = "select passwd from client where email='"+mail+"';";
25: 			ResultSet rs = stmt.executeQuery(query);
26: String mdp
27: 
28: 				out.println("mot de passe client :");
29: 				while (rs.next()) 


Stacktrace:
	at org.apache.jasper.compiler.DefaultErrorHandler.javacError(DefaultErrorHandler.java:103)
	at org.apache.jasper.compiler.ErrorDispatcher.javacError(ErrorDispatcher.java:366)
	at org.apache.jasper.compiler.JDTCompiler.generateClass(JDTCompiler.java:490)
	at org.apache.jasper.compiler.Compiler.compile(Compiler.java:379)
	at org.apache.jasper.compiler.Compiler.compile(Compiler.java:354)
	at org.apache.jasper.compiler.Compiler.compile(Compiler.java:341)
	at org.apache.jasper.JspCompilationContext.compile(JspCompilationContext.java:662)
	at org.apache.jasper.servlet.JspServletWrapper.service(JspServletWrapper.java:364)
	at org.apache.jasper.servlet.JspServlet.serviceJspFile(JspServlet.java:395)
	at org.apache.jasper.servlet.JspServlet.service(JspServlet.java:339)
	at javax.servlet.http.HttpServlet.service(HttpServlet.java:731)
	at org.apache.catalina.core.ApplicationFilterChain.internalDoFilter(ApplicationFilterChain.java:303)
	at org.apache.catalina.core.ApplicationFilterChain.doFilter(ApplicationFilterChain.java:208)
	at org.apache.tomcat.websocket.server.WsFilter.doFilter(WsFilter.java:52)
	at org.apache.catalina.core.ApplicationFilterChain.internalDoFilter(ApplicationFilterChain.java:241)
	at org.apache.catalina.core.ApplicationFilterChain.doFilter(ApplicationFilterChain.java:208)
	at org.apache.catalina.core.StandardWrapperValve.invoke(StandardWrapperValve.java:218)
	at org.apache.catalina.core.StandardContextValve.invoke(StandardContextValve.java:110)
	at org.apache.catalina.authenticator.AuthenticatorBase.invoke(AuthenticatorBase.java:506)
	at org.apache.catalina.core.StandardHostValve.invoke(StandardHostValve.java:169)
	at org.apache.catalina.valves.ErrorReportValve.invoke(ErrorReportValve.java:103)
	at org.apache.catalina.valves.AccessLogValve.invoke(AccessLogValve.java:962)
	at org.apache.catalina.core.StandardEngineValve.invoke(StandardEngineValve.java:116)
	at org.apache.catalina.connector.CoyoteAdapter.service(CoyoteAdapter.java:445)
	at org.apache.coyote.http11.AbstractHttp11Processor.process(AbstractHttp11Processor.java:1115)
	at org.apache.coyote.AbstractProtocol$AbstractConnectionHandler.process(AbstractProtocol.java:637)
	at org.apache.tomcat.util.net.AprEndpoint$SocketProcessor.doRun(AprEndpoint.java:2549)
	at org.apache.tomcat.util.net.AprEndpoint$SocketProcessor.run(AprEndpoint.java:2538)
	at java.util.concurrent.ThreadPoolExecutor.runWorker(ThreadPoolExecutor.java:1142)
	at java.util.concurrent.ThreadPoolExecutor$Worker.run(ThreadPoolExecutor.java:617)
	at org.apache.tomcat.util.threads.TaskThread$WrappingRunnable.run(TaskThread.java:61)
	at java.lang.Thread.run(Thread.java:745)

mai 19, 2017 5:14:33 PM org.apache.catalina.core.StandardWrapperValve invoke
GRAVE: Servlet.service() for servlet [jsp] in context with path [/erasmus] threw exception [Impossible de compiler la classe pour la JSP: 

Une erreur s'est produite à la ligne: 26 dans le fichier jsp: /jsp/co.jsp
Syntax error, insert ";" to complete LocalVariableDeclarationStatement
23: 
24: 			String query = "select passwd from client where email='"+mail+"';";
25: 			ResultSet rs = stmt.executeQuery(query);
26: String mdp
27: 
28: 				out.println("mot de passe client :");
29: 				while (rs.next()) 


Stacktrace:] with root cause
org.apache.jasper.JasperException: Impossible de compiler la classe pour la JSP: 

Une erreur s'est produite à la ligne: 26 dans le fichier jsp: /jsp/co.jsp
Syntax error, insert ";" to complete LocalVariableDeclarationStatement
23: 
24: 			String query = "select passwd from client where email='"+mail+"';";
25: 			ResultSet rs = stmt.executeQuery(query);
26: String mdp
27: 
28: 				out.println("mot de passe client :");
29: 				while (rs.next()) 


Stacktrace:
	at org.apache.jasper.compiler.DefaultErrorHandler.javacError(DefaultErrorHandler.java:103)
	at org.apache.jasper.compiler.ErrorDispatcher.javacError(ErrorDispatcher.java:366)
	at org.apache.jasper.compiler.JDTCompiler.generateClass(JDTCompiler.java:490)
	at org.apache.jasper.compiler.Compiler.compile(Compiler.java:379)
	at org.apache.jasper.compiler.Compiler.compile(Compiler.java:354)
	at org.apache.jasper.compiler.Compiler.compile(Compiler.java:341)
	at org.apache.jasper.JspCompilationContext.compile(JspCompilationContext.java:662)
	at org.apache.jasper.servlet.JspServletWrapper.service(JspServletWrapper.java:364)
	at org.apache.jasper.servlet.JspServlet.serviceJspFile(JspServlet.java:395)
	at org.apache.jasper.servlet.JspServlet.service(JspServlet.java:339)
	at javax.servlet.http.HttpServlet.service(HttpServlet.java:731)
	at org.apache.catalina.core.ApplicationFilterChain.internalDoFilter(ApplicationFilterChain.java:303)
	at org.apache.catalina.core.ApplicationFilterChain.doFilter(ApplicationFilterChain.java:208)
	at org.apache.tomcat.websocket.server.WsFilter.doFilter(WsFilter.java:52)
	at org.apache.catalina.core.ApplicationFilterChain.internalDoFilter(ApplicationFilterChain.java:241)
	at org.apache.catalina.core.ApplicationFilterChain.doFilter(ApplicationFilterChain.java:208)
	at org.apache.catalina.core.StandardWrapperValve.invoke(StandardWrapperValve.java:218)
	at org.apache.catalina.core.StandardContextValve.invoke(StandardContextValve.java:110)
	at org.apache.catalina.authenticator.AuthenticatorBase.invoke(AuthenticatorBase.java:506)
	at org.apache.catalina.core.StandardHostValve.invoke(StandardHostValve.java:169)
	at org.apache.catalina.valves.ErrorReportValve.invoke(ErrorReportValve.java:103)
	at org.apache.catalina.valves.AccessLogValve.invoke(AccessLogValve.java:962)
	at org.apache.catalina.core.StandardEngineValve.invoke(StandardEngineValve.java:116)
	at org.apache.catalina.connector.CoyoteAdapter.service(CoyoteAdapter.java:445)
	at org.apache.coyote.http11.AbstractHttp11Processor.process(AbstractHttp11Processor.java:1115)
	at org.apache.coyote.AbstractProtocol$AbstractConnectionHandler.process(AbstractProtocol.java:637)
	at org.apache.tomcat.util.net.AprEndpoint$SocketProcessor.doRun(AprEndpoint.java:2549)
	at org.apache.tomcat.util.net.AprEndpoint$SocketProcessor.run(AprEndpoint.java:2538)
	at java.util.concurrent.ThreadPoolExecutor.runWorker(ThreadPoolExecutor.java:1142)
	at java.util.concurrent.ThreadPoolExecutor$Worker.run(ThreadPoolExecutor.java:617)
	at org.apache.tomcat.util.threads.TaskThread$WrappingRunnable.run(TaskThread.java:61)
	at java.lang.Thread.run(Thread.java:745)

mai 19, 2017 5:14:40 PM org.apache.catalina.core.StandardWrapperValve invoke
GRAVE: Servlet.service() for servlet [jsp] in context with path [/erasmus] threw exception [Impossible de compiler la classe pour la JSP: 

Une erreur s'est produite à la ligne: 26 dans le fichier jsp: /jsp/co.jsp
Syntax error, insert ";" to complete LocalVariableDeclarationStatement
23: 
24: 			String query = "select passwd from client where email='"+mail+"';";
25: 			ResultSet rs = stmt.executeQuery(query);
26: String mdp
27: 
28: 				out.println("mot de passe client :");
29: 				while (rs.next()) 


Stacktrace:] with root cause
org.apache.jasper.JasperException: Impossible de compiler la classe pour la JSP: 

Une erreur s'est produite à la ligne: 26 dans le fichier jsp: /jsp/co.jsp
Syntax error, insert ";" to complete LocalVariableDeclarationStatement
23: 
24: 			String query = "select passwd from client where email='"+mail+"';";
25: 			ResultSet rs = stmt.executeQuery(query);
26: String mdp
27: 
28: 				out.println("mot de passe client :");
29: 				while (rs.next()) 


Stacktrace:
	at org.apache.jasper.compiler.DefaultErrorHandler.javacError(DefaultErrorHandler.java:103)
	at org.apache.jasper.compiler.ErrorDispatcher.javacError(ErrorDispatcher.java:366)
	at org.apache.jasper.compiler.JDTCompiler.generateClass(JDTCompiler.java:490)
	at org.apache.jasper.compiler.Compiler.compile(Compiler.java:379)
	at org.apache.jasper.compiler.Compiler.compile(Compiler.java:354)
	at org.apache.jasper.compiler.Compiler.compile(Compiler.java:341)
	at org.apache.jasper.JspCompilationContext.compile(JspCompilationContext.java:662)
	at org.apache.jasper.servlet.JspServletWrapper.service(JspServletWrapper.java:364)
	at org.apache.jasper.servlet.JspServlet.serviceJspFile(JspServlet.java:395)
	at org.apache.jasper.servlet.JspServlet.service(JspServlet.java:339)
	at javax.servlet.http.HttpServlet.service(HttpServlet.java:731)
	at org.apache.catalina.core.ApplicationFilterChain.internalDoFilter(ApplicationFilterChain.java:303)
	at org.apache.catalina.core.ApplicationFilterChain.doFilter(ApplicationFilterChain.java:208)
	at org.apache.tomcat.websocket.server.WsFilter.doFilter(WsFilter.java:52)
	at org.apache.catalina.core.ApplicationFilterChain.internalDoFilter(ApplicationFilterChain.java:241)
	at org.apache.catalina.core.ApplicationFilterChain.doFilter(ApplicationFilterChain.java:208)
	at org.apache.catalina.core.StandardWrapperValve.invoke(StandardWrapperValve.java:218)
	at org.apache.catalina.core.StandardContextValve.invoke(StandardContextValve.java:110)
	at org.apache.catalina.authenticator.AuthenticatorBase.invoke(AuthenticatorBase.java:506)
	at org.apache.catalina.core.StandardHostValve.invoke(StandardHostValve.java:169)
	at org.apache.catalina.valves.ErrorReportValve.invoke(ErrorReportValve.java:103)
	at org.apache.catalina.valves.AccessLogValve.invoke(AccessLogValve.java:962)
	at org.apache.catalina.core.StandardEngineValve.invoke(StandardEngineValve.java:116)
	at org.apache.catalina.connector.CoyoteAdapter.service(CoyoteAdapter.java:445)
	at org.apache.coyote.http11.AbstractHttp11Processor.process(AbstractHttp11Processor.java:1115)
	at org.apache.coyote.AbstractProtocol$AbstractConnectionHandler.process(AbstractProtocol.java:637)
	at org.apache.tomcat.util.net.AprEndpoint$SocketProcessor.doRun(AprEndpoint.java:2549)
	at org.apache.tomcat.util.net.AprEndpoint$SocketProcessor.run(AprEndpoint.java:2538)
	at java.util.concurrent.ThreadPoolExecutor.runWorker(ThreadPoolExecutor.java:1142)
	at java.util.concurrent.ThreadPoolExecutor$Worker.run(ThreadPoolExecutor.java:617)
	at org.apache.tomcat.util.threads.TaskThread$WrappingRunnable.run(TaskThread.java:61)
	at java.lang.Thread.run(Thread.java:745)

mai 19, 2017 5:14:49 PM org.apache.catalina.core.StandardWrapperValve invoke
GRAVE: Servlet.service() for servlet [jsp] in context with path [/erasmus] threw exception [Impossible de compiler la classe pour la JSP: 

Une erreur s'est produite à la ligne: 26 dans le fichier jsp: /jsp/co.jsp
Syntax error, insert ";" to complete LocalVariableDeclarationStatement
23: 
24: 			String query = "select passwd from client where email='"+mail+"';";
25: 			ResultSet rs = stmt.executeQuery(query);
26: String mdp
27: 
28: 				out.println("mot de passe client :");
29: 				while (rs.next()) 


Stacktrace:] with root cause
org.apache.jasper.JasperException: Impossible de compiler la classe pour la JSP: 

Une erreur s'est produite à la ligne: 26 dans le fichier jsp: /jsp/co.jsp
Syntax error, insert ";" to complete LocalVariableDeclarationStatement
23: 
24: 			String query = "select passwd from client where email='"+mail+"';";
25: 			ResultSet rs = stmt.executeQuery(query);
26: String mdp
27: 
28: 				out.println("mot de passe client :");
29: 				while (rs.next()) 


Stacktrace:
	at org.apache.jasper.compiler.DefaultErrorHandler.javacError(DefaultErrorHandler.java:103)
	at org.apache.jasper.compiler.ErrorDispatcher.javacError(ErrorDispatcher.java:366)
	at org.apache.jasper.compiler.JDTCompiler.generateClass(JDTCompiler.java:490)
	at org.apache.jasper.compiler.Compiler.compile(Compiler.java:379)
	at org.apache.jasper.compiler.Compiler.compile(Compiler.java:354)
	at org.apache.jasper.compiler.Compiler.compile(Compiler.java:341)
	at org.apache.jasper.JspCompilationContext.compile(JspCompilationContext.java:662)
	at org.apache.jasper.servlet.JspServletWrapper.service(JspServletWrapper.java:364)
	at org.apache.jasper.servlet.JspServlet.serviceJspFile(JspServlet.java:395)
	at org.apache.jasper.servlet.JspServlet.service(JspServlet.java:339)
	at javax.servlet.http.HttpServlet.service(HttpServlet.java:731)
	at org.apache.catalina.core.ApplicationFilterChain.internalDoFilter(ApplicationFilterChain.java:303)
	at org.apache.catalina.core.ApplicationFilterChain.doFilter(ApplicationFilterChain.java:208)
	at org.apache.tomcat.websocket.server.WsFilter.doFilter(WsFilter.java:52)
	at org.apache.catalina.core.ApplicationFilterChain.internalDoFilter(ApplicationFilterChain.java:241)
	at org.apache.catalina.core.ApplicationFilterChain.doFilter(ApplicationFilterChain.java:208)
	at org.apache.catalina.core.StandardWrapperValve.invoke(StandardWrapperValve.java:218)
	at org.apache.catalina.core.StandardContextValve.invoke(StandardContextValve.java:110)
	at org.apache.catalina.authenticator.AuthenticatorBase.invoke(AuthenticatorBase.java:506)
	at org.apache.catalina.core.StandardHostValve.invoke(StandardHostValve.java:169)
	at org.apache.catalina.valves.ErrorReportValve.invoke(ErrorReportValve.java:103)
	at org.apache.catalina.valves.AccessLogValve.invoke(AccessLogValve.java:962)
	at org.apache.catalina.core.StandardEngineValve.invoke(StandardEngineValve.java:116)
	at org.apache.catalina.connector.CoyoteAdapter.service(CoyoteAdapter.java:445)
	at org.apache.coyote.http11.AbstractHttp11Processor.process(AbstractHttp11Processor.java:1115)
	at org.apache.coyote.AbstractProtocol$AbstractConnectionHandler.process(AbstractProtocol.java:637)
	at org.apache.tomcat.util.net.AprEndpoint$SocketProcessor.doRun(AprEndpoint.java:2549)
	at org.apache.tomcat.util.net.AprEndpoint$SocketProcessor.run(AprEndpoint.java:2538)
	at java.util.concurrent.ThreadPoolExecutor.runWorker(ThreadPoolExecutor.java:1142)
	at java.util.concurrent.ThreadPoolExecutor$Worker.run(ThreadPoolExecutor.java:617)
	at org.apache.tomcat.util.threads.TaskThread$WrappingRunnable.run(TaskThread.java:61)
	at java.lang.Thread.run(Thread.java:745)

mai 19, 2017 5:14:56 PM org.apache.catalina.core.StandardWrapperValve invoke
GRAVE: Servlet.service() for servlet [jsp] in context with path [/erasmus] threw exception [Impossible de compiler la classe pour la JSP: 

Une erreur s'est produite à la ligne: 26 dans le fichier jsp: /jsp/co.jsp
Syntax error, insert ";" to complete LocalVariableDeclarationStatement
23: 
24: 			String query = "select passwd from client where email='"+mail+"';";
25: 			ResultSet rs = stmt.executeQuery(query);
26: String mdp
27: 
28: 				out.println("mot de passe client :");
29: 				while (rs.next()) 


Stacktrace:] with root cause
org.apache.jasper.JasperException: Impossible de compiler la classe pour la JSP: 

Une erreur s'est produite à la ligne: 26 dans le fichier jsp: /jsp/co.jsp
Syntax error, insert ";" to complete LocalVariableDeclarationStatement
23: 
24: 			String query = "select passwd from client where email='"+mail+"';";
25: 			ResultSet rs = stmt.executeQuery(query);
26: String mdp
27: 
28: 				out.println("mot de passe client :");
29: 				while (rs.next()) 


Stacktrace:
	at org.apache.jasper.compiler.DefaultErrorHandler.javacError(DefaultErrorHandler.java:103)
	at org.apache.jasper.compiler.ErrorDispatcher.javacError(ErrorDispatcher.java:366)
	at org.apache.jasper.compiler.JDTCompiler.generateClass(JDTCompiler.java:490)
	at org.apache.jasper.compiler.Compiler.compile(Compiler.java:379)
	at org.apache.jasper.compiler.Compiler.compile(Compiler.java:354)
	at org.apache.jasper.compiler.Compiler.compile(Compiler.java:341)
	at org.apache.jasper.JspCompilationContext.compile(JspCompilationContext.java:662)
	at org.apache.jasper.servlet.JspServletWrapper.service(JspServletWrapper.java:364)
	at org.apache.jasper.servlet.JspServlet.serviceJspFile(JspServlet.java:395)
	at org.apache.jasper.servlet.JspServlet.service(JspServlet.java:339)
	at javax.servlet.http.HttpServlet.service(HttpServlet.java:731)
	at org.apache.catalina.core.ApplicationFilterChain.internalDoFilter(ApplicationFilterChain.java:303)
	at org.apache.catalina.core.ApplicationFilterChain.doFilter(ApplicationFilterChain.java:208)
	at org.apache.tomcat.websocket.server.WsFilter.doFilter(WsFilter.java:52)
	at org.apache.catalina.core.ApplicationFilterChain.internalDoFilter(ApplicationFilterChain.java:241)
	at org.apache.catalina.core.ApplicationFilterChain.doFilter(ApplicationFilterChain.java:208)
	at org.apache.catalina.core.StandardWrapperValve.invoke(StandardWrapperValve.java:218)
	at org.apache.catalina.core.StandardContextValve.invoke(StandardContextValve.java:110)
	at org.apache.catalina.authenticator.AuthenticatorBase.invoke(AuthenticatorBase.java:506)
	at org.apache.catalina.core.StandardHostValve.invoke(StandardHostValve.java:169)
	at org.apache.catalina.valves.ErrorReportValve.invoke(ErrorReportValve.java:103)
	at org.apache.catalina.valves.AccessLogValve.invoke(AccessLogValve.java:962)
	at org.apache.catalina.core.StandardEngineValve.invoke(StandardEngineValve.java:116)
	at org.apache.catalina.connector.CoyoteAdapter.service(CoyoteAdapter.java:445)
	at org.apache.coyote.http11.AbstractHttp11Processor.process(AbstractHttp11Processor.java:1115)
	at org.apache.coyote.AbstractProtocol$AbstractConnectionHandler.process(AbstractProtocol.java:637)
	at org.apache.tomcat.util.net.AprEndpoint$SocketProcessor.doRun(AprEndpoint.java:2549)
	at org.apache.tomcat.util.net.AprEndpoint$SocketProcessor.run(AprEndpoint.java:2538)
	at java.util.concurrent.ThreadPoolExecutor.runWorker(ThreadPoolExecutor.java:1142)
	at java.util.concurrent.ThreadPoolExecutor$Worker.run(ThreadPoolExecutor.java:617)
	at org.apache.tomcat.util.threads.TaskThread$WrappingRunnable.run(TaskThread.java:61)
	at java.lang.Thread.run(Thread.java:745)

mai 19, 2017 5:16:14 PM org.apache.catalina.core.StandardWrapperValve invoke
GRAVE: Servlet.service() for servlet [jsp] in context with path [/erasmus] threw exception [Impossible de compiler la classe pour la JSP: 

Une erreur s'est produite à la ligne: 35 dans le fichier jsp: /jsp/co.jsp
The local variable test may not have been initialized
32: 					out.println(mdp);
33: 			test=mdp;
34: 				}
35: 				out.println(test);
36: 
37: 			
38: 			


Stacktrace:] with root cause
org.apache.jasper.JasperException: Impossible de compiler la classe pour la JSP: 

Une erreur s'est produite à la ligne: 35 dans le fichier jsp: /jsp/co.jsp
The local variable test may not have been initialized
32: 					out.println(mdp);
33: 			test=mdp;
34: 				}
35: 				out.println(test);
36: 
37: 			
38: 			


Stacktrace:
	at org.apache.jasper.compiler.DefaultErrorHandler.javacError(DefaultErrorHandler.java:103)
	at org.apache.jasper.compiler.ErrorDispatcher.javacError(ErrorDispatcher.java:366)
	at org.apache.jasper.compiler.JDTCompiler.generateClass(JDTCompiler.java:490)
	at org.apache.jasper.compiler.Compiler.compile(Compiler.java:379)
	at org.apache.jasper.compiler.Compiler.compile(Compiler.java:354)
	at org.apache.jasper.compiler.Compiler.compile(Compiler.java:341)
	at org.apache.jasper.JspCompilationContext.compile(JspCompilationContext.java:662)
	at org.apache.jasper.servlet.JspServletWrapper.service(JspServletWrapper.java:364)
	at org.apache.jasper.servlet.JspServlet.serviceJspFile(JspServlet.java:395)
	at org.apache.jasper.servlet.JspServlet.service(JspServlet.java:339)
	at javax.servlet.http.HttpServlet.service(HttpServlet.java:731)
	at org.apache.catalina.core.ApplicationFilterChain.internalDoFilter(ApplicationFilterChain.java:303)
	at org.apache.catalina.core.ApplicationFilterChain.doFilter(ApplicationFilterChain.java:208)
	at org.apache.tomcat.websocket.server.WsFilter.doFilter(WsFilter.java:52)
	at org.apache.catalina.core.ApplicationFilterChain.internalDoFilter(ApplicationFilterChain.java:241)
	at org.apache.catalina.core.ApplicationFilterChain.doFilter(ApplicationFilterChain.java:208)
	at org.apache.catalina.core.StandardWrapperValve.invoke(StandardWrapperValve.java:218)
	at org.apache.catalina.core.StandardContextValve.invoke(StandardContextValve.java:110)
	at org.apache.catalina.authenticator.AuthenticatorBase.invoke(AuthenticatorBase.java:506)
	at org.apache.catalina.core.StandardHostValve.invoke(StandardHostValve.java:169)
	at org.apache.catalina.valves.ErrorReportValve.invoke(ErrorReportValve.java:103)
	at org.apache.catalina.valves.AccessLogValve.invoke(AccessLogValve.java:962)
	at org.apache.catalina.core.StandardEngineValve.invoke(StandardEngineValve.java:116)
	at org.apache.catalina.connector.CoyoteAdapter.service(CoyoteAdapter.java:445)
	at org.apache.coyote.http11.AbstractHttp11Processor.process(AbstractHttp11Processor.java:1115)
	at org.apache.coyote.AbstractProtocol$AbstractConnectionHandler.process(AbstractProtocol.java:637)
	at org.apache.tomcat.util.net.AprEndpoint$SocketProcessor.doRun(AprEndpoint.java:2549)
	at org.apache.tomcat.util.net.AprEndpoint$SocketProcessor.run(AprEndpoint.java:2538)
	at java.util.concurrent.ThreadPoolExecutor.runWorker(ThreadPoolExecutor.java:1142)
	at java.util.concurrent.ThreadPoolExecutor$Worker.run(ThreadPoolExecutor.java:617)
	at org.apache.tomcat.util.threads.TaskThread$WrappingRunnable.run(TaskThread.java:61)
	at java.lang.Thread.run(Thread.java:745)

mai 19, 2017 5:39:51 PM org.apache.catalina.core.ApplicationContext log
INFOS: SessionListener: contextDestroyed()
mai 19, 2017 5:39:51 PM org.apache.catalina.core.ApplicationContext log
INFOS: ContextListener: contextDestroyed()
mai 19, 2017 5:40:04 PM org.apache.catalina.core.ApplicationContext log
INFOS: ContextListener: contextInitialized()
mai 19, 2017 5:40:04 PM org.apache.catalina.core.ApplicationContext log
INFOS: SessionListener: contextInitialized()
mai 19, 2017 5:40:04 PM org.apache.catalina.core.ApplicationContext log
INFOS: ContextListener: attributeAdded('org.apache.jasper.compiler.TldLocationsCache', 'org.apache.jasper.compiler.TldLocationsCache@7f0969d3')
mai 19, 2017 5:40:06 PM org.apache.catalina.core.ApplicationContext log
INFOS: ContextListener: attributeAdded('org.apache.jasper.runtime.JspApplicationContextImpl', 'org.apache.jasper.runtime.JspApplicationContextImpl@3fe93126')
mai 19, 2017 5:40:37 PM org.apache.catalina.core.ApplicationContext log
INFOS: ContextListener: attributeAdded('org.apache.jasper.compiler.ELInterpreter', 'org.apache.jasper.compiler.ELInterpreterFactory$DefaultELInterpreter@4f24ded1')
mai 19, 2017 6:01:38 PM org.apache.catalina.core.ApplicationContext log
INFOS: SessionListener: contextDestroyed()
mai 19, 2017 6:01:38 PM org.apache.catalina.core.ApplicationContext log
INFOS: ContextListener: contextDestroyed()
