mai 17, 2017 9:04:14 PM org.apache.catalina.core.ApplicationContext log
INFOS: ContextListener: contextInitialized()
mai 17, 2017 9:04:14 PM org.apache.catalina.core.ApplicationContext log
INFOS: SessionListener: contextInitialized()
mai 17, 2017 9:04:14 PM org.apache.catalina.core.ApplicationContext log
INFOS: ContextListener: attributeAdded('org.apache.jasper.compiler.TldLocationsCache', 'org.apache.jasper.compiler.TldLocationsCache@ab29450')
mai 17, 2017 9:04:25 PM org.apache.catalina.core.ApplicationContext log
INFOS: ContextListener: attributeAdded('org.apache.jasper.runtime.JspApplicationContextImpl', 'org.apache.jasper.runtime.JspApplicationContextImpl@2b7abcda')
mai 17, 2017 9:04:25 PM org.apache.catalina.core.ApplicationContext log
INFOS: SessionListener: sessionCreated('FEA69DE9FD1643360F0B490BF55CAF61')
mai 17, 2017 9:05:03 PM org.apache.catalina.core.ApplicationContext log
INFOS: SessionListener: contextDestroyed()
mai 17, 2017 9:05:03 PM org.apache.catalina.core.ApplicationContext log
INFOS: ContextListener: contextDestroyed()
mai 17, 2017 9:05:16 PM org.apache.catalina.core.ApplicationContext log
INFOS: ContextListener: contextInitialized()
mai 17, 2017 9:05:16 PM org.apache.catalina.core.ApplicationContext log
INFOS: SessionListener: contextInitialized()
mai 17, 2017 9:05:16 PM org.apache.catalina.core.ApplicationContext log
INFOS: ContextListener: attributeAdded('org.apache.jasper.compiler.TldLocationsCache', 'org.apache.jasper.compiler.TldLocationsCache@35e12af7')
mai 17, 2017 9:05:37 PM org.apache.catalina.core.ApplicationContext log
INFOS: ContextListener: attributeAdded('org.apache.jasper.runtime.JspApplicationContextImpl', 'org.apache.jasper.runtime.JspApplicationContextImpl@122c19f1')
mai 17, 2017 9:05:37 PM org.apache.catalina.core.ApplicationContext log
INFOS: ContextListener: attributeAdded('org.apache.jasper.compiler.ELInterpreter', 'org.apache.jasper.compiler.ELInterpreterFactory$DefaultELInterpreter@2cfb2819')
mai 17, 2017 9:05:38 PM org.apache.catalina.core.ApplicationContext log
INFOS: SessionListener: sessionCreated('A5609D1E8E2A3B3BD71F6C7381E86FCF')
mai 17, 2017 9:06:17 PM org.apache.catalina.core.ApplicationContext log
INFOS: SessionListener: sessionDestroyed('21F907A4A9C0122F5BD0BC8ABF1CD40D')
mai 17, 2017 9:09:04 PM org.apache.catalina.core.ApplicationContext log
INFOS: SessionListener: contextDestroyed()
mai 17, 2017 9:09:04 PM org.apache.catalina.core.ApplicationContext log
INFOS: ContextListener: contextDestroyed()
mai 17, 2017 9:29:48 PM org.apache.catalina.core.ApplicationContext log
INFOS: ContextListener: contextInitialized()
mai 17, 2017 9:29:48 PM org.apache.catalina.core.ApplicationContext log
INFOS: SessionListener: contextInitialized()
mai 17, 2017 9:29:48 PM org.apache.catalina.core.ApplicationContext log
INFOS: ContextListener: attributeAdded('org.apache.jasper.compiler.TldLocationsCache', 'org.apache.jasper.compiler.TldLocationsCache@1c890dd7')
mai 17, 2017 9:30:04 PM org.apache.catalina.core.ApplicationContext log
INFOS: ContextListener: attributeAdded('org.apache.jasper.runtime.JspApplicationContextImpl', 'org.apache.jasper.runtime.JspApplicationContextImpl@3dad22f4')
mai 17, 2017 9:30:04 PM org.apache.catalina.core.ApplicationContext log
INFOS: ContextListener: attributeAdded('org.apache.jasper.compiler.ELInterpreter', 'org.apache.jasper.compiler.ELInterpreterFactory$DefaultELInterpreter@288d0ff5')
mai 17, 2017 9:30:06 PM org.apache.catalina.core.ApplicationContext log
INFOS: SessionListener: sessionCreated('D0EDA0C79BF2AD2EAA78F8D7D9FF8C00')
mai 17, 2017 9:30:12 PM org.apache.catalina.core.StandardWrapperValve invoke
GRAVE: Servlet.service() for servlet [jsp] in context with path [/erasmus] threw exception [An exception occurred processing JSP page /jsp/test.jsp at line 7

4: <%
5:     Class.forName("org.postgresql.Driver");
6:     String url="jdbc:postgresql://localhost:8080/postgres";
7:     Connection con=DriverManager.getConnection(url,"postgres","root");
8: %>
9: <h1>All is ok !!<h1>
10: </html>


Stacktrace:] with root cause
org.postgresql.util.PSQLException: Erreur de protocole. Ouverture de la session en échec.
	at org.postgresql.core.v3.ConnectionFactoryImpl.doAuthentication(ConnectionFactoryImpl.java:622)
	at org.postgresql.core.v3.ConnectionFactoryImpl.openConnectionImpl(ConnectionFactoryImpl.java:222)
	at org.postgresql.core.ConnectionFactory.openConnection(ConnectionFactory.java:49)
	at org.postgresql.jdbc.PgConnection.<init>(PgConnection.java:194)
	at org.postgresql.Driver.makeConnection(Driver.java:450)
	at org.postgresql.Driver.connect(Driver.java:252)
	at java.sql.DriverManager.getConnection(DriverManager.java:664)
	at java.sql.DriverManager.getConnection(DriverManager.java:247)
	at org.apache.jsp.jsp.test_jsp._jspService(test_jsp.java:89)
	at org.apache.jasper.runtime.HttpJspBase.service(HttpJspBase.java:70)
	at javax.servlet.http.HttpServlet.service(HttpServlet.java:731)
	at org.apache.jasper.servlet.JspServletWrapper.service(JspServletWrapper.java:439)
	at org.apache.jasper.servlet.JspServlet.serviceJspFile(JspServlet.java:395)
	at org.apache.jasper.servlet.JspServlet.service(JspServlet.java:339)
	at javax.servlet.http.HttpServlet.service(HttpServlet.java:731)
	at org.apache.catalina.core.ApplicationFilterChain.internalDoFilter(ApplicationFilterChain.java:303)
	at org.apache.catalina.core.ApplicationFilterChain.doFilter(ApplicationFilterChain.java:208)
	at org.apache.tomcat.websocket.server.WsFilter.doFilter(WsFilter.java:52)
	at org.apache.catalina.core.ApplicationFilterChain.internalDoFilter(ApplicationFilterChain.java:241)
	at org.apache.catalina.core.ApplicationFilterChain.doFilter(ApplicationFilterChain.java:208)
	at org.apache.catalina.core.StandardWrapperValve.invoke(StandardWrapperValve.java:218)
	at org.apache.catalina.core.StandardContextValve.invoke(StandardContextValve.java:110)
	at org.apache.catalina.authenticator.AuthenticatorBase.invoke(AuthenticatorBase.java:506)
	at org.apache.catalina.core.StandardHostValve.invoke(StandardHostValve.java:169)
	at org.apache.catalina.valves.ErrorReportValve.invoke(ErrorReportValve.java:103)
	at org.apache.catalina.valves.AccessLogValve.invoke(AccessLogValve.java:962)
	at org.apache.catalina.core.StandardEngineValve.invoke(StandardEngineValve.java:116)
	at org.apache.catalina.connector.CoyoteAdapter.service(CoyoteAdapter.java:445)
	at org.apache.coyote.http11.AbstractHttp11Processor.process(AbstractHttp11Processor.java:1115)
	at org.apache.coyote.AbstractProtocol$AbstractConnectionHandler.process(AbstractProtocol.java:637)
	at org.apache.tomcat.util.net.AprEndpoint$SocketProcessor.doRun(AprEndpoint.java:2549)
	at org.apache.tomcat.util.net.AprEndpoint$SocketProcessor.run(AprEndpoint.java:2538)
	at java.util.concurrent.ThreadPoolExecutor.runWorker(ThreadPoolExecutor.java:1142)
	at java.util.concurrent.ThreadPoolExecutor$Worker.run(ThreadPoolExecutor.java:617)
	at org.apache.tomcat.util.threads.TaskThread$WrappingRunnable.run(TaskThread.java:61)
	at java.lang.Thread.run(Thread.java:745)

mai 17, 2017 9:33:12 PM org.apache.catalina.core.ApplicationContext log
INFOS: SessionListener: sessionCreated('29A9D1C1811F537C74204A585A87CCB6')
mai 17, 2017 9:34:49 PM org.apache.catalina.core.ApplicationContext log
INFOS: SessionListener: sessionDestroyed('FEA69DE9FD1643360F0B490BF55CAF61')
mai 17, 2017 9:36:42 PM org.apache.catalina.core.StandardWrapperValve invoke
GRAVE: Servlet.service() for servlet [jsp] in context with path [/erasmus] threw exception [Impossible de compiler la classe pour la JSP: 

Une erreur s'est produite à la ligne: 30 dans le fichier jsp: /jsp/toto.jsp
n cannot be resolved to a variable
27: 			}
28: 			%>
29: 
30: liste des utilisateurs<%=n%>
31: <%
32: 			con.close();
33: 			out.println("testons l'ami");


Stacktrace:] with root cause
org.apache.jasper.JasperException: Impossible de compiler la classe pour la JSP: 

Une erreur s'est produite à la ligne: 30 dans le fichier jsp: /jsp/toto.jsp
n cannot be resolved to a variable
27: 			}
28: 			%>
29: 
30: liste des utilisateurs<%=n%>
31: <%
32: 			con.close();
33: 			out.println("testons l'ami");


Stacktrace:
	at org.apache.jasper.compiler.DefaultErrorHandler.javacError(DefaultErrorHandler.java:103)
	at org.apache.jasper.compiler.ErrorDispatcher.javacError(ErrorDispatcher.java:366)
	at org.apache.jasper.compiler.JDTCompiler.generateClass(JDTCompiler.java:490)
	at org.apache.jasper.compiler.Compiler.compile(Compiler.java:379)
	at org.apache.jasper.compiler.Compiler.compile(Compiler.java:354)
	at org.apache.jasper.compiler.Compiler.compile(Compiler.java:341)
	at org.apache.jasper.JspCompilationContext.compile(JspCompilationContext.java:662)
	at org.apache.jasper.servlet.JspServletWrapper.service(JspServletWrapper.java:364)
	at org.apache.jasper.servlet.JspServlet.serviceJspFile(JspServlet.java:395)
	at org.apache.jasper.servlet.JspServlet.service(JspServlet.java:339)
	at javax.servlet.http.HttpServlet.service(HttpServlet.java:731)
	at org.apache.catalina.core.ApplicationFilterChain.internalDoFilter(ApplicationFilterChain.java:303)
	at org.apache.catalina.core.ApplicationFilterChain.doFilter(ApplicationFilterChain.java:208)
	at org.apache.tomcat.websocket.server.WsFilter.doFilter(WsFilter.java:52)
	at org.apache.catalina.core.ApplicationFilterChain.internalDoFilter(ApplicationFilterChain.java:241)
	at org.apache.catalina.core.ApplicationFilterChain.doFilter(ApplicationFilterChain.java:208)
	at org.apache.catalina.core.StandardWrapperValve.invoke(StandardWrapperValve.java:218)
	at org.apache.catalina.core.StandardContextValve.invoke(StandardContextValve.java:110)
	at org.apache.catalina.authenticator.AuthenticatorBase.invoke(AuthenticatorBase.java:506)
	at org.apache.catalina.core.StandardHostValve.invoke(StandardHostValve.java:169)
	at org.apache.catalina.valves.ErrorReportValve.invoke(ErrorReportValve.java:103)
	at org.apache.catalina.valves.AccessLogValve.invoke(AccessLogValve.java:962)
	at org.apache.catalina.core.StandardEngineValve.invoke(StandardEngineValve.java:116)
	at org.apache.catalina.connector.CoyoteAdapter.service(CoyoteAdapter.java:445)
	at org.apache.coyote.http11.AbstractHttp11Processor.process(AbstractHttp11Processor.java:1115)
	at org.apache.coyote.AbstractProtocol$AbstractConnectionHandler.process(AbstractProtocol.java:637)
	at org.apache.tomcat.util.net.AprEndpoint$SocketProcessor.doRun(AprEndpoint.java:2549)
	at org.apache.tomcat.util.net.AprEndpoint$SocketProcessor.run(AprEndpoint.java:2538)
	at java.util.concurrent.ThreadPoolExecutor.runWorker(ThreadPoolExecutor.java:1142)
	at java.util.concurrent.ThreadPoolExecutor$Worker.run(ThreadPoolExecutor.java:617)
	at org.apache.tomcat.util.threads.TaskThread$WrappingRunnable.run(TaskThread.java:61)
	at java.lang.Thread.run(Thread.java:745)

mai 17, 2017 9:37:49 PM org.apache.catalina.core.ApplicationContext log
INFOS: SessionListener: sessionDestroyed('A5609D1E8E2A3B3BD71F6C7381E86FCF')
mai 17, 2017 9:54:06 PM org.apache.catalina.core.ApplicationContext log
INFOS: SessionListener: contextDestroyed()
mai 17, 2017 9:54:06 PM org.apache.catalina.core.ApplicationContext log
INFOS: ContextListener: contextDestroyed()
