mai 12, 2017 12:01:25 AM org.apache.catalina.core.ApplicationContext log
INFOS: ContextListener: contextInitialized()
mai 12, 2017 12:01:25 AM org.apache.catalina.core.ApplicationContext log
INFOS: SessionListener: contextInitialized()
mai 12, 2017 12:01:25 AM org.apache.catalina.core.ApplicationContext log
INFOS: ContextListener: attributeAdded('org.apache.jasper.compiler.TldLocationsCache', 'org.apache.jasper.compiler.TldLocationsCache@322d776d')
mai 12, 2017 12:01:25 AM org.apache.catalina.core.ApplicationContext log
INFOS: ContextListener: contextInitialized()
mai 12, 2017 12:01:25 AM org.apache.catalina.core.ApplicationContext log
INFOS: SessionListener: contextInitialized()
mai 12, 2017 12:01:25 AM org.apache.catalina.core.ApplicationContext log
INFOS: ContextListener: attributeAdded('org.apache.jasper.compiler.TldLocationsCache', 'org.apache.jasper.compiler.TldLocationsCache@62956865')
mai 12, 2017 2:41:39 AM org.apache.catalina.core.ApplicationContext log
INFOS: ContextListener: contextInitialized()
mai 12, 2017 2:41:39 AM org.apache.catalina.core.ApplicationContext log
INFOS: SessionListener: contextInitialized()
mai 12, 2017 2:41:39 AM org.apache.catalina.core.ApplicationContext log
INFOS: ContextListener: attributeAdded('org.apache.jasper.compiler.TldLocationsCache', 'org.apache.jasper.compiler.TldLocationsCache@1632c6ec')
mai 12, 2017 2:41:40 AM org.apache.catalina.core.ApplicationContext log
INFOS: ContextListener: contextInitialized()
mai 12, 2017 2:41:40 AM org.apache.catalina.core.ApplicationContext log
INFOS: SessionListener: contextInitialized()
mai 12, 2017 2:41:40 AM org.apache.catalina.core.ApplicationContext log
INFOS: ContextListener: attributeAdded('org.apache.jasper.compiler.TldLocationsCache', 'org.apache.jasper.compiler.TldLocationsCache@101a3b40')
mai 12, 2017 2:42:16 AM org.apache.catalina.core.ApplicationContext log
INFOS: SessionListener: contextDestroyed()
mai 12, 2017 2:42:16 AM org.apache.catalina.core.ApplicationContext log
INFOS: ContextListener: contextDestroyed()
mai 12, 2017 2:42:16 AM org.apache.catalina.core.ApplicationContext log
INFOS: SessionListener: contextDestroyed()
mai 12, 2017 2:42:16 AM org.apache.catalina.core.ApplicationContext log
INFOS: ContextListener: contextDestroyed()
mai 12, 2017 5:43:48 PM org.apache.catalina.core.ApplicationContext log
INFOS: ContextListener: contextInitialized()
mai 12, 2017 5:43:48 PM org.apache.catalina.core.ApplicationContext log
INFOS: SessionListener: contextInitialized()
mai 12, 2017 5:43:48 PM org.apache.catalina.core.ApplicationContext log
INFOS: ContextListener: attributeAdded('org.apache.jasper.compiler.TldLocationsCache', 'org.apache.jasper.compiler.TldLocationsCache@694677de')
mai 12, 2017 5:43:49 PM org.apache.catalina.core.ApplicationContext log
INFOS: ContextListener: contextInitialized()
mai 12, 2017 5:43:49 PM org.apache.catalina.core.ApplicationContext log
INFOS: SessionListener: contextInitialized()
mai 12, 2017 5:43:49 PM org.apache.catalina.core.ApplicationContext log
INFOS: ContextListener: attributeAdded('org.apache.jasper.compiler.TldLocationsCache', 'org.apache.jasper.compiler.TldLocationsCache@25130a7c')
mai 12, 2017 5:45:27 PM org.apache.catalina.core.ApplicationContext log
INFOS: SessionListener: contextDestroyed()
mai 12, 2017 5:45:27 PM org.apache.catalina.core.ApplicationContext log
INFOS: ContextListener: contextDestroyed()
mai 12, 2017 5:45:27 PM org.apache.catalina.core.ApplicationContext log
INFOS: SessionListener: contextDestroyed()
mai 12, 2017 5:45:27 PM org.apache.catalina.core.ApplicationContext log
INFOS: ContextListener: contextDestroyed()
