09-May-2017 04:41:41.197 INFOS [main] org.apache.catalina.startup.VersionLoggerListener.log Server version:        Apache Tomcat/9.0.0.M20
09-May-2017 04:41:41.245 INFOS [main] org.apache.catalina.startup.VersionLoggerListener.log Server built:          Apr 12 2017 19:27:10 UTC
09-May-2017 04:41:41.247 INFOS [main] org.apache.catalina.startup.VersionLoggerListener.log Server number:         9.0.0.0
09-May-2017 04:41:41.247 INFOS [main] org.apache.catalina.startup.VersionLoggerListener.log OS Name:               Windows 10
09-May-2017 04:41:41.247 INFOS [main] org.apache.catalina.startup.VersionLoggerListener.log OS Version:            10.0
09-May-2017 04:41:41.247 INFOS [main] org.apache.catalina.startup.VersionLoggerListener.log Architecture:          amd64
09-May-2017 04:41:41.248 INFOS [main] org.apache.catalina.startup.VersionLoggerListener.log Java Home:             C:\Program Files\Java\jdk1.8.0_121\jre
09-May-2017 04:41:41.248 INFOS [main] org.apache.catalina.startup.VersionLoggerListener.log JVM Version:           1.8.0_121-b13
09-May-2017 04:41:41.248 INFOS [main] org.apache.catalina.startup.VersionLoggerListener.log JVM Vendor:            Oracle Corporation
09-May-2017 04:41:41.248 INFOS [main] org.apache.catalina.startup.VersionLoggerListener.log CATALINA_BASE:         C:\Users\alexandre devassine\Desktop\apache-tomcat-9.0.0.M20
09-May-2017 04:41:41.249 INFOS [main] org.apache.catalina.startup.VersionLoggerListener.log CATALINA_HOME:         C:\Users\alexandre devassine\Desktop\apache-tomcat-9.0.0.M20
09-May-2017 04:41:41.249 INFOS [main] org.apache.catalina.startup.VersionLoggerListener.log Command line argument: -Djava.util.logging.config.file=C:\Users\alexandre devassine\Desktop\apache-tomcat-9.0.0.M20\conf\logging.properties
09-May-2017 04:41:41.249 INFOS [main] org.apache.catalina.startup.VersionLoggerListener.log Command line argument: -Djava.util.logging.manager=org.apache.juli.ClassLoaderLogManager
09-May-2017 04:41:41.250 INFOS [main] org.apache.catalina.startup.VersionLoggerListener.log Command line argument: -Djdk.tls.ephemeralDHKeySize=2048
09-May-2017 04:41:41.250 INFOS [main] org.apache.catalina.startup.VersionLoggerListener.log Command line argument: -Djava.protocol.handler.pkgs=org.apache.catalina.webresources
09-May-2017 04:41:41.250 INFOS [main] org.apache.catalina.startup.VersionLoggerListener.log Command line argument: -Dcatalina.base=C:\Users\alexandre devassine\Desktop\apache-tomcat-9.0.0.M20
09-May-2017 04:41:41.251 INFOS [main] org.apache.catalina.startup.VersionLoggerListener.log Command line argument: -Dcatalina.home=C:\Users\alexandre devassine\Desktop\apache-tomcat-9.0.0.M20
09-May-2017 04:41:41.252 INFOS [main] org.apache.catalina.startup.VersionLoggerListener.log Command line argument: -Djava.io.tmpdir=C:\Users\alexandre devassine\Desktop\apache-tomcat-9.0.0.M20\temp
09-May-2017 04:41:41.253 INFOS [main] org.apache.catalina.core.AprLifecycleListener.lifecycleEvent Loaded APR based Apache Tomcat Native library [1.2.12] using APR version [1.5.2].
09-May-2017 04:41:41.254 INFOS [main] org.apache.catalina.core.AprLifecycleListener.lifecycleEvent APR capabilities: IPv6 [true], sendfile [true], accept filters [false], random [true].
09-May-2017 04:41:41.255 INFOS [main] org.apache.catalina.core.AprLifecycleListener.lifecycleEvent APR/OpenSSL configuration: useAprConnector [false], useOpenSSL [true]
09-May-2017 04:41:42.312 INFOS [main] org.apache.catalina.core.AprLifecycleListener.initializeSSL OpenSSL successfully initialized [OpenSSL 1.0.2k  26 Jan 2017]
09-May-2017 04:41:44.795 INFOS [main] org.apache.coyote.AbstractProtocol.init Initializing ProtocolHandler ["http-nio-8080"]
09-May-2017 04:41:45.220 INFOS [main] org.apache.tomcat.util.net.NioSelectorPool.getSharedSelector Using a shared selector for servlet write/read
09-May-2017 04:41:45.227 INFOS [main] org.apache.coyote.AbstractProtocol.init Initializing ProtocolHandler ["ajp-nio-8009"]
09-May-2017 04:41:45.235 INFOS [main] org.apache.tomcat.util.net.NioSelectorPool.getSharedSelector Using a shared selector for servlet write/read
09-May-2017 04:41:45.236 INFOS [main] org.apache.catalina.startup.Catalina.load Initialization processed in 8679 ms
09-May-2017 04:41:45.323 INFOS [main] org.apache.catalina.core.StandardService.startInternal Démarrage du service [Catalina]
09-May-2017 04:41:45.325 INFOS [main] org.apache.catalina.core.StandardEngine.startInternal Starting Servlet Engine: Apache Tomcat/9.0.0.M20
09-May-2017 04:41:45.357 INFOS [main] org.apache.catalina.startup.HostConfig.deployDirectory Déploiement du répertoire [C:\Users\alexandre devassine\Desktop\apache-tomcat-9.0.0.M20\webapps\docs] de l'application web
09-May-2017 04:41:46.513 INFOS [main] org.apache.catalina.startup.HostConfig.deployDirectory Deployment of web application directory [C:\Users\alexandre devassine\Desktop\apache-tomcat-9.0.0.M20\webapps\docs] has finished in [1 154] ms
09-May-2017 04:41:46.513 INFOS [main] org.apache.catalina.startup.HostConfig.deployDirectory Déploiement du répertoire [C:\Users\alexandre devassine\Desktop\apache-tomcat-9.0.0.M20\webapps\erasmus] de l'application web
09-May-2017 04:41:48.381 INFOS [main] org.apache.catalina.startup.HostConfig.deployDirectory Deployment of web application directory [C:\Users\alexandre devassine\Desktop\apache-tomcat-9.0.0.M20\webapps\erasmus] has finished in [1 868] ms
09-May-2017 04:41:48.382 INFOS [main] org.apache.catalina.startup.HostConfig.deployDirectory Déploiement du répertoire [C:\Users\alexandre devassine\Desktop\apache-tomcat-9.0.0.M20\webapps\examples] de l'application web
09-May-2017 04:41:49.000 INFOS [main] org.apache.catalina.startup.HostConfig.deployDirectory Deployment of web application directory [C:\Users\alexandre devassine\Desktop\apache-tomcat-9.0.0.M20\webapps\examples] has finished in [617] ms
09-May-2017 04:41:49.004 INFOS [main] org.apache.catalina.startup.HostConfig.deployDirectory Déploiement du répertoire [C:\Users\alexandre devassine\Desktop\apache-tomcat-9.0.0.M20\webapps\host-manager] de l'application web
09-May-2017 04:41:49.109 INFOS [main] org.apache.catalina.startup.HostConfig.deployDirectory Deployment of web application directory [C:\Users\alexandre devassine\Desktop\apache-tomcat-9.0.0.M20\webapps\host-manager] has finished in [107] ms
09-May-2017 04:41:49.110 INFOS [main] org.apache.catalina.startup.HostConfig.deployDirectory Déploiement du répertoire [C:\Users\alexandre devassine\Desktop\apache-tomcat-9.0.0.M20\webapps\manager] de l'application web
09-May-2017 04:41:49.200 INFOS [main] org.apache.catalina.startup.HostConfig.deployDirectory Deployment of web application directory [C:\Users\alexandre devassine\Desktop\apache-tomcat-9.0.0.M20\webapps\manager] has finished in [90] ms
09-May-2017 04:41:49.201 INFOS [main] org.apache.catalina.startup.HostConfig.deployDirectory Déploiement du répertoire [C:\Users\alexandre devassine\Desktop\apache-tomcat-9.0.0.M20\webapps\ROOT] de l'application web
09-May-2017 04:41:49.261 INFOS [main] org.apache.catalina.startup.HostConfig.deployDirectory Deployment of web application directory [C:\Users\alexandre devassine\Desktop\apache-tomcat-9.0.0.M20\webapps\ROOT] has finished in [61] ms
09-May-2017 04:41:49.269 INFOS [main] org.apache.coyote.AbstractProtocol.start Starting ProtocolHandler ["http-nio-8080"]
09-May-2017 04:41:49.296 INFOS [main] org.apache.coyote.AbstractProtocol.start Starting ProtocolHandler ["ajp-nio-8009"]
09-May-2017 04:41:49.313 INFOS [main] org.apache.catalina.startup.Catalina.start Server startup in 4075 ms
09-May-2017 04:43:08.559 INFOS [Thread-5] org.apache.coyote.AbstractProtocol.pause Pausing ProtocolHandler ["http-nio-8080"]
09-May-2017 04:43:08.841 INFOS [Thread-5] org.apache.coyote.AbstractProtocol.pause Pausing ProtocolHandler ["ajp-nio-8009"]
09-May-2017 04:43:09.102 INFOS [Thread-5] org.apache.catalina.core.StandardService.stopInternal Arrêt du service [Catalina]
09-May-2017 04:43:09.248 INFOS [Thread-5] org.apache.coyote.AbstractProtocol.stop Stopping ProtocolHandler ["http-nio-8080"]
09-May-2017 04:43:09.258 INFOS [Thread-5] org.apache.coyote.AbstractProtocol.stop Stopping ProtocolHandler ["ajp-nio-8009"]
09-May-2017 04:43:09.303 INFOS [Thread-5] org.apache.coyote.AbstractProtocol.destroy Destroying ProtocolHandler ["http-nio-8080"]
09-May-2017 04:43:09.317 INFOS [Thread-5] org.apache.coyote.AbstractProtocol.destroy Destroying ProtocolHandler ["ajp-nio-8009"]
