07-May-2017 03:38:46.850 INFOS [main] org.apache.catalina.startup.VersionLoggerListener.log Server version:        Apache Tomcat/9.0.0.M20
07-May-2017 03:38:46.960 INFOS [main] org.apache.catalina.startup.VersionLoggerListener.log Server built:          Apr 12 2017 19:27:10 UTC
07-May-2017 03:38:46.960 INFOS [main] org.apache.catalina.startup.VersionLoggerListener.log Server number:         9.0.0.0
07-May-2017 03:38:46.960 INFOS [main] org.apache.catalina.startup.VersionLoggerListener.log OS Name:               Windows 10
07-May-2017 03:38:46.960 INFOS [main] org.apache.catalina.startup.VersionLoggerListener.log OS Version:            10.0
07-May-2017 03:38:46.960 INFOS [main] org.apache.catalina.startup.VersionLoggerListener.log Architecture:          amd64
07-May-2017 03:38:46.960 INFOS [main] org.apache.catalina.startup.VersionLoggerListener.log Java Home:             C:\Program Files\Java\jdk1.8.0_121\jre
07-May-2017 03:38:46.960 INFOS [main] org.apache.catalina.startup.VersionLoggerListener.log JVM Version:           1.8.0_121-b13
07-May-2017 03:38:46.960 INFOS [main] org.apache.catalina.startup.VersionLoggerListener.log JVM Vendor:            Oracle Corporation
07-May-2017 03:38:46.975 INFOS [main] org.apache.catalina.startup.VersionLoggerListener.log CATALINA_BASE:         C:\Users\alexandre devassine\Desktop\apache-tomcat-9.0.0.M20
07-May-2017 03:38:46.975 INFOS [main] org.apache.catalina.startup.VersionLoggerListener.log CATALINA_HOME:         C:\Users\alexandre devassine\Desktop\apache-tomcat-9.0.0.M20
07-May-2017 03:38:46.975 INFOS [main] org.apache.catalina.startup.VersionLoggerListener.log Command line argument: -Djava.util.logging.config.file=C:\Users\alexandre devassine\Desktop\apache-tomcat-9.0.0.M20\conf\logging.properties
07-May-2017 03:38:46.975 INFOS [main] org.apache.catalina.startup.VersionLoggerListener.log Command line argument: -Djava.util.logging.manager=org.apache.juli.ClassLoaderLogManager
07-May-2017 03:38:46.975 INFOS [main] org.apache.catalina.startup.VersionLoggerListener.log Command line argument: -Djdk.tls.ephemeralDHKeySize=2048
07-May-2017 03:38:46.975 INFOS [main] org.apache.catalina.startup.VersionLoggerListener.log Command line argument: -Djava.protocol.handler.pkgs=org.apache.catalina.webresources
07-May-2017 03:38:46.975 INFOS [main] org.apache.catalina.startup.VersionLoggerListener.log Command line argument: -Dcatalina.base=C:\Users\alexandre devassine\Desktop\apache-tomcat-9.0.0.M20
07-May-2017 03:38:46.975 INFOS [main] org.apache.catalina.startup.VersionLoggerListener.log Command line argument: -Dcatalina.home=C:\Users\alexandre devassine\Desktop\apache-tomcat-9.0.0.M20
07-May-2017 03:38:46.975 INFOS [main] org.apache.catalina.startup.VersionLoggerListener.log Command line argument: -Djava.io.tmpdir=C:\Users\alexandre devassine\Desktop\apache-tomcat-9.0.0.M20\temp
07-May-2017 03:38:46.975 INFOS [main] org.apache.catalina.core.AprLifecycleListener.lifecycleEvent Loaded APR based Apache Tomcat Native library [1.2.12] using APR version [1.5.2].
07-May-2017 03:38:46.975 INFOS [main] org.apache.catalina.core.AprLifecycleListener.lifecycleEvent APR capabilities: IPv6 [true], sendfile [true], accept filters [false], random [true].
07-May-2017 03:38:46.975 INFOS [main] org.apache.catalina.core.AprLifecycleListener.lifecycleEvent APR/OpenSSL configuration: useAprConnector [false], useOpenSSL [true]
07-May-2017 03:38:48.054 INFOS [main] org.apache.catalina.core.AprLifecycleListener.initializeSSL OpenSSL successfully initialized [OpenSSL 1.0.2k  26 Jan 2017]
07-May-2017 03:38:49.999 INFOS [main] org.apache.coyote.AbstractProtocol.init Initializing ProtocolHandler ["http-nio-8080"]
07-May-2017 03:38:50.836 INFOS [main] org.apache.tomcat.util.net.NioSelectorPool.getSharedSelector Using a shared selector for servlet write/read
07-May-2017 03:38:50.851 INFOS [main] org.apache.coyote.AbstractProtocol.init Initializing ProtocolHandler ["ajp-nio-8009"]
07-May-2017 03:38:50.867 INFOS [main] org.apache.tomcat.util.net.NioSelectorPool.getSharedSelector Using a shared selector for servlet write/read
07-May-2017 03:38:50.867 INFOS [main] org.apache.catalina.startup.Catalina.load Initialization processed in 9488 ms
07-May-2017 03:38:51.054 INFOS [main] org.apache.catalina.core.StandardService.startInternal Démarrage du service [Catalina]
07-May-2017 03:38:51.054 INFOS [main] org.apache.catalina.core.StandardEngine.startInternal Starting Servlet Engine: Apache Tomcat/9.0.0.M20
07-May-2017 03:38:51.086 INFOS [main] org.apache.catalina.startup.HostConfig.deployDirectory Déploiement du répertoire [C:\Users\alexandre devassine\Desktop\apache-tomcat-9.0.0.M20\webapps\docs] de l'application web
07-May-2017 03:38:52.586 INFOS [main] org.apache.catalina.startup.HostConfig.deployDirectory Deployment of web application directory [C:\Users\alexandre devassine\Desktop\apache-tomcat-9.0.0.M20\webapps\docs] has finished in [1 468] ms
07-May-2017 03:38:52.586 INFOS [main] org.apache.catalina.startup.HostConfig.deployDirectory Déploiement du répertoire [C:\Users\alexandre devassine\Desktop\apache-tomcat-9.0.0.M20\webapps\examples] de l'application web
07-May-2017 03:38:56.234 INFOS [main] org.apache.catalina.startup.HostConfig.deployDirectory Deployment of web application directory [C:\Users\alexandre devassine\Desktop\apache-tomcat-9.0.0.M20\webapps\examples] has finished in [3 648] ms
07-May-2017 03:38:56.234 INFOS [main] org.apache.catalina.startup.HostConfig.deployDirectory Déploiement du répertoire [C:\Users\alexandre devassine\Desktop\apache-tomcat-9.0.0.M20\webapps\host-manager] de l'application web
07-May-2017 03:38:56.391 INFOS [main] org.apache.catalina.startup.HostConfig.deployDirectory Deployment of web application directory [C:\Users\alexandre devassine\Desktop\apache-tomcat-9.0.0.M20\webapps\host-manager] has finished in [157] ms
07-May-2017 03:38:56.391 INFOS [main] org.apache.catalina.startup.HostConfig.deployDirectory Déploiement du répertoire [C:\Users\alexandre devassine\Desktop\apache-tomcat-9.0.0.M20\webapps\manager] de l'application web
07-May-2017 03:38:56.500 INFOS [main] org.apache.catalina.startup.HostConfig.deployDirectory Deployment of web application directory [C:\Users\alexandre devassine\Desktop\apache-tomcat-9.0.0.M20\webapps\manager] has finished in [109] ms
07-May-2017 03:38:56.500 INFOS [main] org.apache.catalina.startup.HostConfig.deployDirectory Déploiement du répertoire [C:\Users\alexandre devassine\Desktop\apache-tomcat-9.0.0.M20\webapps\ROOT] de l'application web
07-May-2017 03:38:56.578 INFOS [main] org.apache.catalina.startup.HostConfig.deployDirectory Deployment of web application directory [C:\Users\alexandre devassine\Desktop\apache-tomcat-9.0.0.M20\webapps\ROOT] has finished in [78] ms
07-May-2017 03:38:56.578 INFOS [main] org.apache.coyote.AbstractProtocol.start Starting ProtocolHandler ["http-nio-8080"]
07-May-2017 03:38:56.625 INFOS [main] org.apache.coyote.AbstractProtocol.start Starting ProtocolHandler ["ajp-nio-8009"]
07-May-2017 03:38:56.625 INFOS [main] org.apache.catalina.startup.Catalina.start Server startup in 5757 ms
07-May-2017 03:40:51.301 INFOS [Thread-5] org.apache.coyote.AbstractProtocol.pause Pausing ProtocolHandler ["http-nio-8080"]
07-May-2017 03:40:51.551 INFOS [Thread-5] org.apache.coyote.AbstractProtocol.pause Pausing ProtocolHandler ["ajp-nio-8009"]
07-May-2017 03:40:51.832 INFOS [Thread-5] org.apache.catalina.core.StandardService.stopInternal Arrêt du service [Catalina]
07-May-2017 03:40:51.988 INFOS [Thread-5] org.apache.coyote.AbstractProtocol.stop Stopping ProtocolHandler ["http-nio-8080"]
07-May-2017 03:40:51.988 INFOS [Thread-5] org.apache.coyote.AbstractProtocol.stop Stopping ProtocolHandler ["ajp-nio-8009"]
07-May-2017 03:40:51.988 INFOS [Thread-5] org.apache.coyote.AbstractProtocol.destroy Destroying ProtocolHandler ["http-nio-8080"]
07-May-2017 03:40:52.004 INFOS [Thread-5] org.apache.coyote.AbstractProtocol.destroy Destroying ProtocolHandler ["ajp-nio-8009"]
07-May-2017 03:42:27.718 INFOS [main] org.apache.catalina.startup.VersionLoggerListener.log Server version:        Apache Tomcat/9.0.0.M20
07-May-2017 03:42:27.733 INFOS [main] org.apache.catalina.startup.VersionLoggerListener.log Server built:          Apr 12 2017 19:27:10 UTC
07-May-2017 03:42:27.733 INFOS [main] org.apache.catalina.startup.VersionLoggerListener.log Server number:         9.0.0.0
07-May-2017 03:42:27.733 INFOS [main] org.apache.catalina.startup.VersionLoggerListener.log OS Name:               Windows 10
07-May-2017 03:42:27.733 INFOS [main] org.apache.catalina.startup.VersionLoggerListener.log OS Version:            10.0
07-May-2017 03:42:27.733 INFOS [main] org.apache.catalina.startup.VersionLoggerListener.log Architecture:          amd64
07-May-2017 03:42:27.733 INFOS [main] org.apache.catalina.startup.VersionLoggerListener.log Java Home:             C:\Program Files\Java\jdk1.8.0_121\jre
07-May-2017 03:42:27.733 INFOS [main] org.apache.catalina.startup.VersionLoggerListener.log JVM Version:           1.8.0_121-b13
07-May-2017 03:42:27.733 INFOS [main] org.apache.catalina.startup.VersionLoggerListener.log JVM Vendor:            Oracle Corporation
07-May-2017 03:42:27.733 INFOS [main] org.apache.catalina.startup.VersionLoggerListener.log CATALINA_BASE:         C:\Users\alexandre devassine\Desktop\apache-tomcat-9.0.0.M20
07-May-2017 03:42:27.733 INFOS [main] org.apache.catalina.startup.VersionLoggerListener.log CATALINA_HOME:         C:\Users\alexandre devassine\Desktop\apache-tomcat-9.0.0.M20
07-May-2017 03:42:27.733 INFOS [main] org.apache.catalina.startup.VersionLoggerListener.log Command line argument: -Djava.util.logging.config.file=C:\Users\alexandre devassine\Desktop\apache-tomcat-9.0.0.M20\conf\logging.properties
07-May-2017 03:42:27.733 INFOS [main] org.apache.catalina.startup.VersionLoggerListener.log Command line argument: -Djava.util.logging.manager=org.apache.juli.ClassLoaderLogManager
07-May-2017 03:42:27.733 INFOS [main] org.apache.catalina.startup.VersionLoggerListener.log Command line argument: -Djdk.tls.ephemeralDHKeySize=2048
07-May-2017 03:42:27.733 INFOS [main] org.apache.catalina.startup.VersionLoggerListener.log Command line argument: -Djava.protocol.handler.pkgs=org.apache.catalina.webresources
07-May-2017 03:42:27.733 INFOS [main] org.apache.catalina.startup.VersionLoggerListener.log Command line argument: -Dcatalina.base=C:\Users\alexandre devassine\Desktop\apache-tomcat-9.0.0.M20
07-May-2017 03:42:27.733 INFOS [main] org.apache.catalina.startup.VersionLoggerListener.log Command line argument: -Dcatalina.home=C:\Users\alexandre devassine\Desktop\apache-tomcat-9.0.0.M20
07-May-2017 03:42:27.733 INFOS [main] org.apache.catalina.startup.VersionLoggerListener.log Command line argument: -Djava.io.tmpdir=C:\Users\alexandre devassine\Desktop\apache-tomcat-9.0.0.M20\temp
07-May-2017 03:42:27.733 INFOS [main] org.apache.catalina.core.AprLifecycleListener.lifecycleEvent Loaded APR based Apache Tomcat Native library [1.2.12] using APR version [1.5.2].
07-May-2017 03:42:27.733 INFOS [main] org.apache.catalina.core.AprLifecycleListener.lifecycleEvent APR capabilities: IPv6 [true], sendfile [true], accept filters [false], random [true].
07-May-2017 03:42:27.733 INFOS [main] org.apache.catalina.core.AprLifecycleListener.lifecycleEvent APR/OpenSSL configuration: useAprConnector [false], useOpenSSL [true]
07-May-2017 03:42:28.796 INFOS [main] org.apache.catalina.core.AprLifecycleListener.initializeSSL OpenSSL successfully initialized [OpenSSL 1.0.2k  26 Jan 2017]
07-May-2017 03:42:29.030 INFOS [main] org.apache.coyote.AbstractProtocol.init Initializing ProtocolHandler ["http-nio-8080"]
07-May-2017 03:42:29.405 INFOS [main] org.apache.tomcat.util.net.NioSelectorPool.getSharedSelector Using a shared selector for servlet write/read
07-May-2017 03:42:29.405 INFOS [main] org.apache.coyote.AbstractProtocol.init Initializing ProtocolHandler ["ajp-nio-8009"]
07-May-2017 03:42:29.421 INFOS [main] org.apache.tomcat.util.net.NioSelectorPool.getSharedSelector Using a shared selector for servlet write/read
07-May-2017 03:42:29.436 INFOS [main] org.apache.catalina.startup.Catalina.load Initialization processed in 2499 ms
07-May-2017 03:42:29.499 INFOS [main] org.apache.catalina.core.StandardService.startInternal Démarrage du service [Catalina]
07-May-2017 03:42:29.499 INFOS [main] org.apache.catalina.core.StandardEngine.startInternal Starting Servlet Engine: Apache Tomcat/9.0.0.M20
07-May-2017 03:42:29.530 INFOS [main] org.apache.catalina.startup.HostConfig.deployDirectory Déploiement du répertoire [C:\Users\alexandre devassine\Desktop\apache-tomcat-9.0.0.M20\webapps\docs] de l'application web
07-May-2017 03:42:30.139 INFOS [main] org.apache.catalina.startup.HostConfig.deployDirectory Deployment of web application directory [C:\Users\alexandre devassine\Desktop\apache-tomcat-9.0.0.M20\webapps\docs] has finished in [609] ms
07-May-2017 03:42:30.139 INFOS [main] org.apache.catalina.startup.HostConfig.deployDirectory Déploiement du répertoire [C:\Users\alexandre devassine\Desktop\apache-tomcat-9.0.0.M20\webapps\examples] de l'application web
07-May-2017 03:42:31.104 INFOS [main] org.apache.catalina.startup.HostConfig.deployDirectory Deployment of web application directory [C:\Users\alexandre devassine\Desktop\apache-tomcat-9.0.0.M20\webapps\examples] has finished in [964] ms
07-May-2017 03:42:31.106 INFOS [main] org.apache.catalina.startup.HostConfig.deployDirectory Déploiement du répertoire [C:\Users\alexandre devassine\Desktop\apache-tomcat-9.0.0.M20\webapps\host-manager] de l'application web
07-May-2017 03:42:31.221 INFOS [main] org.apache.catalina.startup.HostConfig.deployDirectory Deployment of web application directory [C:\Users\alexandre devassine\Desktop\apache-tomcat-9.0.0.M20\webapps\host-manager] has finished in [116] ms
07-May-2017 03:42:31.223 INFOS [main] org.apache.catalina.startup.HostConfig.deployDirectory Déploiement du répertoire [C:\Users\alexandre devassine\Desktop\apache-tomcat-9.0.0.M20\webapps\manager] de l'application web
07-May-2017 03:42:31.302 INFOS [main] org.apache.catalina.startup.HostConfig.deployDirectory Deployment of web application directory [C:\Users\alexandre devassine\Desktop\apache-tomcat-9.0.0.M20\webapps\manager] has finished in [80] ms
07-May-2017 03:42:31.303 INFOS [main] org.apache.catalina.startup.HostConfig.deployDirectory Déploiement du répertoire [C:\Users\alexandre devassine\Desktop\apache-tomcat-9.0.0.M20\webapps\ROOT] de l'application web
07-May-2017 03:42:31.345 INFOS [main] org.apache.catalina.startup.HostConfig.deployDirectory Deployment of web application directory [C:\Users\alexandre devassine\Desktop\apache-tomcat-9.0.0.M20\webapps\ROOT] has finished in [42] ms
07-May-2017 03:42:31.346 INFOS [main] org.apache.catalina.startup.HostConfig.deployDirectory Déploiement du répertoire [C:\Users\alexandre devassine\Desktop\apache-tomcat-9.0.0.M20\webapps\www] de l'application web
07-May-2017 03:42:31.430 INFOS [main] org.apache.catalina.startup.HostConfig.deployDirectory Deployment of web application directory [C:\Users\alexandre devassine\Desktop\apache-tomcat-9.0.0.M20\webapps\www] has finished in [84] ms
07-May-2017 03:42:31.437 INFOS [main] org.apache.coyote.AbstractProtocol.start Starting ProtocolHandler ["http-nio-8080"]
07-May-2017 03:42:31.460 INFOS [main] org.apache.coyote.AbstractProtocol.start Starting ProtocolHandler ["ajp-nio-8009"]
07-May-2017 03:42:31.465 INFOS [main] org.apache.catalina.startup.Catalina.start Server startup in 2024 ms
07-May-2017 03:44:32.985 INFOS [Thread-5] org.apache.coyote.AbstractProtocol.pause Pausing ProtocolHandler ["http-nio-8080"]
07-May-2017 03:44:33.313 INFOS [Thread-5] org.apache.coyote.AbstractProtocol.pause Pausing ProtocolHandler ["ajp-nio-8009"]
07-May-2017 03:44:33.626 INFOS [Thread-5] org.apache.catalina.core.StandardService.stopInternal Arrêt du service [Catalina]
07-May-2017 03:44:33.766 INFOS [Thread-5] org.apache.coyote.AbstractProtocol.stop Stopping ProtocolHandler ["http-nio-8080"]
07-May-2017 03:44:33.782 INFOS [Thread-5] org.apache.coyote.AbstractProtocol.stop Stopping ProtocolHandler ["ajp-nio-8009"]
07-May-2017 03:44:33.782 INFOS [Thread-5] org.apache.coyote.AbstractProtocol.destroy Destroying ProtocolHandler ["http-nio-8080"]
07-May-2017 03:44:33.782 INFOS [Thread-5] org.apache.coyote.AbstractProtocol.destroy Destroying ProtocolHandler ["ajp-nio-8009"]
